::1 - - [05/Aug/2020:07:56:04 +0000] "GET / HTTP/1.1" 200 3245 "-" "Mozilla/5.0 (Windows NT 10.0; Win64; x64) AppleWebKit/537.36 (KHTML, like Gecko) Chrome/84.0.4147.105 Safari/537.36"
::1 - - [05/Aug/2020:07:56:04 +0000] "GET /css/post.css HTTP/1.1" 304 - "http://localhost:8000/" "Mozilla/5.0 (Windows NT 10.0; Win64; x64) AppleWebKit/537.36 (KHTML, like Gecko) Chrome/84.0.4147.105 Safari/537.36"
::1 - - [05/Aug/2020:07:56:04 +0000] "GET /css/layout.css HTTP/1.1" 304 - "http://localhost:8000/" "Mozilla/5.0 (Windows NT 10.0; Win64; x64) AppleWebKit/537.36 (KHTML, like Gecko) Chrome/84.0.4147.105 Safari/537.36"
::1 - - [05/Aug/2020:07:56:04 +0000] "GET /css/chat_box.css HTTP/1.1" 304 - "http://localhost:8000/" "Mozilla/5.0 (Windows NT 10.0; Win64; x64) AppleWebKit/537.36 (KHTML, like Gecko) Chrome/84.0.4147.105 Safari/537.36"
::1 - - [05/Aug/2020:07:56:04 +0000] "GET /js/chat_engine.js HTTP/1.1" 304 - "http://localhost:8000/" "Mozilla/5.0 (Windows NT 10.0; Win64; x64) AppleWebKit/537.36 (KHTML, like Gecko) Chrome/84.0.4147.105 Safari/537.36"
::1 - - [05/Aug/2020:07:56:06 +0000] "GET /favicon.ico HTTP/1.1" 404 150 "http://localhost:8000/" "Mozilla/5.0 (Windows NT 10.0; Win64; x64) AppleWebKit/537.36 (KHTML, like Gecko) Chrome/84.0.4147.105 Safari/537.36"
::1 - - [05/Aug/2020:07:56:07 +0000] "GET /sign-in HTTP/1.1" 304 - "http://localhost:8000/" "Mozilla/5.0 (Windows NT 10.0; Win64; x64) AppleWebKit/537.36 (KHTML, like Gecko) Chrome/84.0.4147.105 Safari/537.36"
::1 - - [05/Aug/2020:07:56:07 +0000] "GET /css/log_in.css HTTP/1.1" 304 - "http://localhost:8000/sign-in" "Mozilla/5.0 (Windows NT 10.0; Win64; x64) AppleWebKit/537.36 (KHTML, like Gecko) Chrome/84.0.4147.105 Safari/537.36"
::1 - - [05/Aug/2020:07:56:07 +0000] "GET /css/layout.css HTTP/1.1" 304 - "http://localhost:8000/sign-in" "Mozilla/5.0 (Windows NT 10.0; Win64; x64) AppleWebKit/537.36 (KHTML, like Gecko) Chrome/84.0.4147.105 Safari/537.36"
::1 - - [05/Aug/2020:07:56:13 +0000] "POST /users/create-session HTTP/1.1" 302 46 "http://localhost:8000/sign-in" "Mozilla/5.0 (Windows NT 10.0; Win64; x64) AppleWebKit/537.36 (KHTML, like Gecko) Chrome/84.0.4147.105 Safari/537.36"
::1 - - [05/Aug/2020:07:56:13 +0000] "GET / HTTP/1.1" 200 5857 "http://localhost:8000/sign-in" "Mozilla/5.0 (Windows NT 10.0; Win64; x64) AppleWebKit/537.36 (KHTML, like Gecko) Chrome/84.0.4147.105 Safari/537.36"
::1 - - [05/Aug/2020:07:56:13 +0000] "GET /css/post.css HTTP/1.1" 304 - "http://localhost:8000/" "Mozilla/5.0 (Windows NT 10.0; Win64; x64) AppleWebKit/537.36 (KHTML, like Gecko) Chrome/84.0.4147.105 Safari/537.36"
::1 - - [05/Aug/2020:07:56:13 +0000] "GET /css/chat_box.css HTTP/1.1" 304 - "http://localhost:8000/" "Mozilla/5.0 (Windows NT 10.0; Win64; x64) AppleWebKit/537.36 (KHTML, like Gecko) Chrome/84.0.4147.105 Safari/537.36"
::1 - - [05/Aug/2020:07:56:13 +0000] "GET /css/layout.css HTTP/1.1" 304 - "http://localhost:8000/" "Mozilla/5.0 (Windows NT 10.0; Win64; x64) AppleWebKit/537.36 (KHTML, like Gecko) Chrome/84.0.4147.105 Safari/537.36"
::1 - - [05/Aug/2020:07:56:13 +0000] "GET /js/chat_engine.js HTTP/1.1" 304 - "http://localhost:8000/" "Mozilla/5.0 (Windows NT 10.0; Win64; x64) AppleWebKit/537.36 (KHTML, like Gecko) Chrome/84.0.4147.105 Safari/537.36"
::1 - - [05/Aug/2020:07:56:17 +0000] "GET /users/profile/5f2a402861e44e1e9ca7b6e0 HTTP/1.1" 200 4211 "http://localhost:8000/" "Mozilla/5.0 (Windows NT 10.0; Win64; x64) AppleWebKit/537.36 (KHTML, like Gecko) Chrome/84.0.4147.105 Safari/537.36"
::1 - - [05/Aug/2020:07:56:17 +0000] "GET /css/layout.css HTTP/1.1" 304 - "http://localhost:8000/users/profile/5f2a402861e44e1e9ca7b6e0" "Mozilla/5.0 (Windows NT 10.0; Win64; x64) AppleWebKit/537.36 (KHTML, like Gecko) Chrome/84.0.4147.105 Safari/537.36"
::1 - - [05/Aug/2020:07:56:17 +0000] "GET /css/user_profile.css HTTP/1.1" 304 - "http://localhost:8000/users/profile/5f2a402861e44e1e9ca7b6e0" "Mozilla/5.0 (Windows NT 10.0; Win64; x64) AppleWebKit/537.36 (KHTML, like Gecko) Chrome/84.0.4147.105 Safari/537.36"
::1 - - [05/Aug/2020:09:49:46 +0000] "GET / HTTP/1.1" 200 3245 "-" "Mozilla/5.0 (Windows NT 10.0; Win64; x64) AppleWebKit/537.36 (KHTML, like Gecko) Chrome/84.0.4147.105 Safari/537.36"
::1 - - [05/Aug/2020:09:49:46 +0000] "GET /css/chat_box.css HTTP/1.1" 404 155 "http://localhost:8000/" "Mozilla/5.0 (Windows NT 10.0; Win64; x64) AppleWebKit/537.36 (KHTML, like Gecko) Chrome/84.0.4147.105 Safari/537.36"
::1 - - [05/Aug/2020:09:49:46 +0000] "GET /css/post.css HTTP/1.1" 404 151 "http://localhost:8000/" "Mozilla/5.0 (Windows NT 10.0; Win64; x64) AppleWebKit/537.36 (KHTML, like Gecko) Chrome/84.0.4147.105 Safari/537.36"
::1 - - [05/Aug/2020:09:49:46 +0000] "GET /js/chat_engine.js HTTP/1.1" 404 156 "http://localhost:8000/" "Mozilla/5.0 (Windows NT 10.0; Win64; x64) AppleWebKit/537.36 (KHTML, like Gecko) Chrome/84.0.4147.105 Safari/537.36"
::1 - - [05/Aug/2020:09:49:46 +0000] "GET /css/layout.css HTTP/1.1" 404 153 "http://localhost:8000/" "Mozilla/5.0 (Windows NT 10.0; Win64; x64) AppleWebKit/537.36 (KHTML, like Gecko) Chrome/84.0.4147.105 Safari/537.36"
::1 - - [05/Aug/2020:09:49:49 +0000] "GET /css/post.css HTTP/1.1" 404 151 "http://localhost:8000/" "Mozilla/5.0 (Windows NT 10.0; Win64; x64) AppleWebKit/537.36 (KHTML, like Gecko) Chrome/84.0.4147.105 Safari/537.36"
::1 - - [05/Aug/2020:09:49:49 +0000] "GET /css/chat_box.css HTTP/1.1" 404 155 "http://localhost:8000/" "Mozilla/5.0 (Windows NT 10.0; Win64; x64) AppleWebKit/537.36 (KHTML, like Gecko) Chrome/84.0.4147.105 Safari/537.36"
::1 - - [05/Aug/2020:09:49:49 +0000] "GET /css/layout.css HTTP/1.1" 404 153 "http://localhost:8000/" "Mozilla/5.0 (Windows NT 10.0; Win64; x64) AppleWebKit/537.36 (KHTML, like Gecko) Chrome/84.0.4147.105 Safari/537.36"
::1 - - [05/Aug/2020:09:49:49 +0000] "GET /js/chat_engine.js HTTP/1.1" 404 156 "http://localhost:8000/" "Mozilla/5.0 (Windows NT 10.0; Win64; x64) AppleWebKit/537.36 (KHTML, like Gecko) Chrome/84.0.4147.105 Safari/537.36"
::1 - - [05/Aug/2020:09:49:49 +0000] "GET /favicon.ico HTTP/1.1" 404 150 "http://localhost:8000/" "Mozilla/5.0 (Windows NT 10.0; Win64; x64) AppleWebKit/537.36 (KHTML, like Gecko) Chrome/84.0.4147.105 Safari/537.36"
::1 - - [05/Aug/2020:09:49:50 +0000] "GET /sign-in HTTP/1.1" 304 - "http://localhost:8000/" "Mozilla/5.0 (Windows NT 10.0; Win64; x64) AppleWebKit/537.36 (KHTML, like Gecko) Chrome/84.0.4147.105 Safari/537.36"
::1 - - [05/Aug/2020:09:49:50 +0000] "GET /css/layout.css HTTP/1.1" 404 153 "http://localhost:8000/sign-in" "Mozilla/5.0 (Windows NT 10.0; Win64; x64) AppleWebKit/537.36 (KHTML, like Gecko) Chrome/84.0.4147.105 Safari/537.36"
::1 - - [05/Aug/2020:09:49:50 +0000] "GET /css/log_in.css HTTP/1.1" 404 153 "http://localhost:8000/sign-in" "Mozilla/5.0 (Windows NT 10.0; Win64; x64) AppleWebKit/537.36 (KHTML, like Gecko) Chrome/84.0.4147.105 Safari/537.36"
::1 - - [05/Aug/2020:09:50:01 +0000] "POST /users/create-session HTTP/1.1" 302 46 "http://localhost:8000/sign-in" "Mozilla/5.0 (Windows NT 10.0; Win64; x64) AppleWebKit/537.36 (KHTML, like Gecko) Chrome/84.0.4147.105 Safari/537.36"
::1 - - [05/Aug/2020:09:50:01 +0000] "GET / HTTP/1.1" 200 5857 "http://localhost:8000/sign-in" "Mozilla/5.0 (Windows NT 10.0; Win64; x64) AppleWebKit/537.36 (KHTML, like Gecko) Chrome/84.0.4147.105 Safari/537.36"
::1 - - [05/Aug/2020:09:50:01 +0000] "GET /css/post.css HTTP/1.1" 404 151 "http://localhost:8000/" "Mozilla/5.0 (Windows NT 10.0; Win64; x64) AppleWebKit/537.36 (KHTML, like Gecko) Chrome/84.0.4147.105 Safari/537.36"
::1 - - [05/Aug/2020:09:50:01 +0000] "GET /css/chat_box.css HTTP/1.1" 404 155 "http://localhost:8000/" "Mozilla/5.0 (Windows NT 10.0; Win64; x64) AppleWebKit/537.36 (KHTML, like Gecko) Chrome/84.0.4147.105 Safari/537.36"
::1 - - [05/Aug/2020:09:50:01 +0000] "GET /css/layout.css HTTP/1.1" 404 153 "http://localhost:8000/" "Mozilla/5.0 (Windows NT 10.0; Win64; x64) AppleWebKit/537.36 (KHTML, like Gecko) Chrome/84.0.4147.105 Safari/537.36"
::1 - - [05/Aug/2020:09:50:01 +0000] "GET /js/chat_engine.js HTTP/1.1" 404 156 "http://localhost:8000/" "Mozilla/5.0 (Windows NT 10.0; Win64; x64) AppleWebKit/537.36 (KHTML, like Gecko) Chrome/84.0.4147.105 Safari/537.36"
::1 - - [05/Aug/2020:09:50:02 +0000] "GET /js/chat_engine.js HTTP/1.1" 404 156 "http://localhost:8000/" "Mozilla/5.0 (Windows NT 10.0; Win64; x64) AppleWebKit/537.36 (KHTML, like Gecko) Chrome/84.0.4147.105 Safari/537.36"
::1 - - [05/Aug/2020:10:10:06 +0000] "GET / HTTP/1.1" 200 5751 "-" "Mozilla/5.0 (Linux; Android 8.0; Pixel 2 Build/OPD3.170816.012) AppleWebKit/537.36 (KHTML, like Gecko) Chrome/84.0.4147.105 Mobile Safari/537.36"
::1 - - [05/Aug/2020:10:10:06 +0000] "GET /undefined HTTP/1.1" 404 148 "http://localhost:8000/" "Mozilla/5.0 (Linux; Android 8.0; Pixel 2 Build/OPD3.170816.012) AppleWebKit/537.36 (KHTML, like Gecko) Chrome/84.0.4147.105 Mobile Safari/537.36"
::1 - - [05/Aug/2020:10:10:06 +0000] "GET /css/layout-be7584bbc6.css HTTP/1.1" 200 335 "http://localhost:8000/" "Mozilla/5.0 (Linux; Android 8.0; Pixel 2 Build/OPD3.170816.012) AppleWebKit/537.36 (KHTML, like Gecko) Chrome/84.0.4147.105 Mobile Safari/537.36"
::1 - - [05/Aug/2020:10:10:06 +0000] "GET /css/post.css HTTP/1.1" 404 151 "http://localhost:8000/" "Mozilla/5.0 (Linux; Android 8.0; Pixel 2 Build/OPD3.170816.012) AppleWebKit/537.36 (KHTML, like Gecko) Chrome/84.0.4147.105 Mobile Safari/537.36"
::1 - - [05/Aug/2020:10:10:06 +0000] "GET /css/chat_box.css HTTP/1.1" 404 155 "http://localhost:8000/" "Mozilla/5.0 (Linux; Android 8.0; Pixel 2 Build/OPD3.170816.012) AppleWebKit/537.36 (KHTML, like Gecko) Chrome/84.0.4147.105 Mobile Safari/537.36"
::1 - - [05/Aug/2020:10:10:06 +0000] "GET /js/chat_engine.js HTTP/1.1" 404 156 "http://localhost:8000/" "Mozilla/5.0 (Linux; Android 8.0; Pixel 2 Build/OPD3.170816.012) AppleWebKit/537.36 (KHTML, like Gecko) Chrome/84.0.4147.105 Mobile Safari/537.36"
::1 - - [05/Aug/2020:10:10:06 +0000] "GET /css/layout.css HTTP/1.1" 404 153 "http://localhost:8000/" "Mozilla/5.0 (Linux; Android 8.0; Pixel 2 Build/OPD3.170816.012) AppleWebKit/537.36 (KHTML, like Gecko) Chrome/84.0.4147.105 Mobile Safari/537.36"
::1 - - [05/Aug/2020:10:10:06 +0000] "GET /css/chat_box.css HTTP/1.1" 404 155 "http://localhost:8000/" "Mozilla/5.0 (Linux; Android 8.0; Pixel 2 Build/OPD3.170816.012) AppleWebKit/537.36 (KHTML, like Gecko) Chrome/84.0.4147.105 Mobile Safari/537.36"
::1 - - [05/Aug/2020:10:10:06 +0000] "GET /css/post.css HTTP/1.1" 404 151 "http://localhost:8000/" "Mozilla/5.0 (Linux; Android 8.0; Pixel 2 Build/OPD3.170816.012) AppleWebKit/537.36 (KHTML, like Gecko) Chrome/84.0.4147.105 Mobile Safari/537.36"
::1 - - [05/Aug/2020:10:10:06 +0000] "GET /css/layout.css HTTP/1.1" 404 153 "http://localhost:8000/" "Mozilla/5.0 (Linux; Android 8.0; Pixel 2 Build/OPD3.170816.012) AppleWebKit/537.36 (KHTML, like Gecko) Chrome/84.0.4147.105 Mobile Safari/537.36"
::1 - - [05/Aug/2020:10:10:06 +0000] "GET /undefined HTTP/1.1" 404 148 "http://localhost:8000/" "Mozilla/5.0 (Linux; Android 8.0; Pixel 2 Build/OPD3.170816.012) AppleWebKit/537.36 (KHTML, like Gecko) Chrome/84.0.4147.105 Mobile Safari/537.36"
::1 - - [05/Aug/2020:10:10:07 +0000] "GET /js/chat_engine.js HTTP/1.1" 404 156 "http://localhost:8000/" "Mozilla/5.0 (Linux; Android 8.0; Pixel 2 Build/OPD3.170816.012) AppleWebKit/537.36 (KHTML, like Gecko) Chrome/84.0.4147.105 Mobile Safari/537.36"
::1 - - [05/Aug/2020:10:16:02 +0000] "GET / HTTP/1.1" 200 5888 "-" "Mozilla/5.0 (Windows NT 10.0; Win64; x64) AppleWebKit/537.36 (KHTML, like Gecko) Chrome/84.0.4147.105 Safari/537.36"
::1 - - [05/Aug/2020:10:16:02 +0000] "GET /css/layout-be7584bbc6.css HTTP/1.1" 304 - "http://localhost:8000/" "Mozilla/5.0 (Windows NT 10.0; Win64; x64) AppleWebKit/537.36 (KHTML, like Gecko) Chrome/84.0.4147.105 Safari/537.36"
::1 - - [05/Aug/2020:10:16:02 +0000] "GET /css/post-add07d8186.css HTTP/1.1" 200 1168 "http://localhost:8000/" "Mozilla/5.0 (Windows NT 10.0; Win64; x64) AppleWebKit/537.36 (KHTML, like Gecko) Chrome/84.0.4147.105 Safari/537.36"
::1 - - [05/Aug/2020:10:16:02 +0000] "GET /css/chat_box-3aa9f1fb21.css HTTP/1.1" 200 1299 "http://localhost:8000/" "Mozilla/5.0 (Windows NT 10.0; Win64; x64) AppleWebKit/537.36 (KHTML, like Gecko) Chrome/84.0.4147.105 Safari/537.36"
::1 - - [05/Aug/2020:10:16:02 +0000] "GET /css/post.css HTTP/1.1" 404 151 "http://localhost:8000/" "Mozilla/5.0 (Windows NT 10.0; Win64; x64) AppleWebKit/537.36 (KHTML, like Gecko) Chrome/84.0.4147.105 Safari/537.36"
::1 - - [05/Aug/2020:10:16:02 +0000] "GET /css/chat_box.css HTTP/1.1" 404 155 "http://localhost:8000/" "Mozilla/5.0 (Windows NT 10.0; Win64; x64) AppleWebKit/537.36 (KHTML, like Gecko) Chrome/84.0.4147.105 Safari/537.36"
::1 - - [05/Aug/2020:10:16:02 +0000] "GET /css/layout.css HTTP/1.1" 404 153 "http://localhost:8000/" "Mozilla/5.0 (Windows NT 10.0; Win64; x64) AppleWebKit/537.36 (KHTML, like Gecko) Chrome/84.0.4147.105 Safari/537.36"
::1 - - [05/Aug/2020:10:16:02 +0000] "GET /undefined HTTP/1.1" 404 148 "http://localhost:8000/" "Mozilla/5.0 (Windows NT 10.0; Win64; x64) AppleWebKit/537.36 (KHTML, like Gecko) Chrome/84.0.4147.105 Safari/537.36"
::1 - - [05/Aug/2020:10:16:02 +0000] "GET /js/chat_engine.js HTTP/1.1" 404 156 "http://localhost:8000/" "Mozilla/5.0 (Windows NT 10.0; Win64; x64) AppleWebKit/537.36 (KHTML, like Gecko) Chrome/84.0.4147.105 Safari/537.36"
::1 - - [05/Aug/2020:10:16:02 +0000] "GET /css/post.css HTTP/1.1" 404 151 "http://localhost:8000/" "Mozilla/5.0 (Windows NT 10.0; Win64; x64) AppleWebKit/537.36 (KHTML, like Gecko) Chrome/84.0.4147.105 Safari/537.36"
::1 - - [05/Aug/2020:10:16:02 +0000] "GET /css/chat_box.css HTTP/1.1" 404 155 "http://localhost:8000/" "Mozilla/5.0 (Windows NT 10.0; Win64; x64) AppleWebKit/537.36 (KHTML, like Gecko) Chrome/84.0.4147.105 Safari/537.36"
::1 - - [05/Aug/2020:10:16:02 +0000] "GET /css/layout.css HTTP/1.1" 404 153 "http://localhost:8000/" "Mozilla/5.0 (Windows NT 10.0; Win64; x64) AppleWebKit/537.36 (KHTML, like Gecko) Chrome/84.0.4147.105 Safari/537.36"
::1 - - [05/Aug/2020:10:16:02 +0000] "GET /undefined HTTP/1.1" 404 148 "http://localhost:8000/" "Mozilla/5.0 (Windows NT 10.0; Win64; x64) AppleWebKit/537.36 (KHTML, like Gecko) Chrome/84.0.4147.105 Safari/537.36"
::1 - - [05/Aug/2020:10:16:02 +0000] "GET /js/chat_engine.js HTTP/1.1" 404 156 "http://localhost:8000/" "Mozilla/5.0 (Windows NT 10.0; Win64; x64) AppleWebKit/537.36 (KHTML, like Gecko) Chrome/84.0.4147.105 Safari/537.36"
::1 - - [05/Aug/2020:10:16:06 +0000] "GET /users/profile/5f2a402861e44e1e9ca7b6e0 HTTP/1.1" 200 4445 "http://localhost:8000/" "Mozilla/5.0 (Windows NT 10.0; Win64; x64) AppleWebKit/537.36 (KHTML, like Gecko) Chrome/84.0.4147.105 Safari/537.36"
::1 - - [05/Aug/2020:10:16:06 +0000] "GET /css/layout-be7584bbc6.css HTTP/1.1" 304 - "http://localhost:8000/users/profile/5f2a402861e44e1e9ca7b6e0" "Mozilla/5.0 (Windows NT 10.0; Win64; x64) AppleWebKit/537.36 (KHTML, like Gecko) Chrome/84.0.4147.105 Safari/537.36"
::1 - - [05/Aug/2020:10:16:06 +0000] "GET /css/layout.css HTTP/1.1" 404 153 "http://localhost:8000/users/profile/5f2a402861e44e1e9ca7b6e0" "Mozilla/5.0 (Windows NT 10.0; Win64; x64) AppleWebKit/537.36 (KHTML, like Gecko) Chrome/84.0.4147.105 Safari/537.36"
::1 - - [05/Aug/2020:10:16:06 +0000] "GET /undefined HTTP/1.1" 404 148 "http://localhost:8000/users/profile/5f2a402861e44e1e9ca7b6e0" "Mozilla/5.0 (Windows NT 10.0; Win64; x64) AppleWebKit/537.36 (KHTML, like Gecko) Chrome/84.0.4147.105 Safari/537.36"
::1 - - [05/Aug/2020:10:16:06 +0000] "GET /css/user_profile-64c4e19758.css HTTP/1.1" 200 148 "http://localhost:8000/users/profile/5f2a402861e44e1e9ca7b6e0" "Mozilla/5.0 (Windows NT 10.0; Win64; x64) AppleWebKit/537.36 (KHTML, like Gecko) Chrome/84.0.4147.105 Safari/537.36"
::1 - - [05/Aug/2020:10:16:06 +0000] "GET /css/user_profile.css HTTP/1.1" 404 159 "http://localhost:8000/users/profile/5f2a402861e44e1e9ca7b6e0" "Mozilla/5.0 (Windows NT 10.0; Win64; x64) AppleWebKit/537.36 (KHTML, like Gecko) Chrome/84.0.4147.105 Safari/537.36"
::1 - - [05/Aug/2020:10:16:06 +0000] "GET /css/user_profile.css HTTP/1.1" 404 159 "http://localhost:8000/users/profile/5f2a402861e44e1e9ca7b6e0" "Mozilla/5.0 (Windows NT 10.0; Win64; x64) AppleWebKit/537.36 (KHTML, like Gecko) Chrome/84.0.4147.105 Safari/537.36"
::1 - - [05/Aug/2020:10:16:07 +0000] "GET /css/layout.css HTTP/1.1" 404 153 "http://localhost:8000/users/profile/5f2a402861e44e1e9ca7b6e0" "Mozilla/5.0 (Windows NT 10.0; Win64; x64) AppleWebKit/537.36 (KHTML, like Gecko) Chrome/84.0.4147.105 Safari/537.36"
::1 - - [05/Aug/2020:10:16:07 +0000] "GET /undefined HTTP/1.1" 404 148 "http://localhost:8000/users/profile/5f2a402861e44e1e9ca7b6e0" "Mozilla/5.0 (Windows NT 10.0; Win64; x64) AppleWebKit/537.36 (KHTML, like Gecko) Chrome/84.0.4147.105 Safari/537.36"
::1 - - [05/Aug/2020:10:30:32 +0000] "GET / HTTP/1.1" 304 - "-" "Mozilla/5.0 (Windows NT 10.0; Win64; x64) AppleWebKit/537.36 (KHTML, like Gecko) Chrome/84.0.4147.105 Safari/537.36"
::1 - - [05/Aug/2020:10:30:32 +0000] "GET /css/post.css HTTP/1.1" 404 151 "http://localhost:8000/" "Mozilla/5.0 (Windows NT 10.0; Win64; x64) AppleWebKit/537.36 (KHTML, like Gecko) Chrome/84.0.4147.105 Safari/537.36"
::1 - - [05/Aug/2020:10:30:32 +0000] "GET /css/post-add07d8186.css HTTP/1.1" 304 - "http://localhost:8000/" "Mozilla/5.0 (Windows NT 10.0; Win64; x64) AppleWebKit/537.36 (KHTML, like Gecko) Chrome/84.0.4147.105 Safari/537.36"
::1 - - [05/Aug/2020:10:30:32 +0000] "GET /css/chat_box-3aa9f1fb21.css HTTP/1.1" 304 - "http://localhost:8000/" "Mozilla/5.0 (Windows NT 10.0; Win64; x64) AppleWebKit/537.36 (KHTML, like Gecko) Chrome/84.0.4147.105 Safari/537.36"
::1 - - [05/Aug/2020:10:30:32 +0000] "GET /css/layout-be7584bbc6.css HTTP/1.1" 304 - "http://localhost:8000/" "Mozilla/5.0 (Windows NT 10.0; Win64; x64) AppleWebKit/537.36 (KHTML, like Gecko) Chrome/84.0.4147.105 Safari/537.36"
::1 - - [05/Aug/2020:10:30:32 +0000] "GET /css/chat_box.css HTTP/1.1" 404 155 "http://localhost:8000/" "Mozilla/5.0 (Windows NT 10.0; Win64; x64) AppleWebKit/537.36 (KHTML, like Gecko) Chrome/84.0.4147.105 Safari/537.36"
::1 - - [05/Aug/2020:10:30:32 +0000] "GET /css/layout.css HTTP/1.1" 404 153 "http://localhost:8000/" "Mozilla/5.0 (Windows NT 10.0; Win64; x64) AppleWebKit/537.36 (KHTML, like Gecko) Chrome/84.0.4147.105 Safari/537.36"
::1 - - [05/Aug/2020:10:30:32 +0000] "GET /undefined HTTP/1.1" 404 148 "http://localhost:8000/" "Mozilla/5.0 (Windows NT 10.0; Win64; x64) AppleWebKit/537.36 (KHTML, like Gecko) Chrome/84.0.4147.105 Safari/537.36"
::1 - - [05/Aug/2020:10:30:32 +0000] "GET /js/chat_engine.js HTTP/1.1" 404 156 "http://localhost:8000/" "Mozilla/5.0 (Windows NT 10.0; Win64; x64) AppleWebKit/537.36 (KHTML, like Gecko) Chrome/84.0.4147.105 Safari/537.36"
::1 - - [05/Aug/2020:10:30:34 +0000] "GET /css/post.css HTTP/1.1" 404 151 "http://localhost:8000/" "Mozilla/5.0 (Windows NT 10.0; Win64; x64) AppleWebKit/537.36 (KHTML, like Gecko) Chrome/84.0.4147.105 Safari/537.36"
::1 - - [05/Aug/2020:10:30:34 +0000] "GET /css/chat_box.css HTTP/1.1" 404 155 "http://localhost:8000/" "Mozilla/5.0 (Windows NT 10.0; Win64; x64) AppleWebKit/537.36 (KHTML, like Gecko) Chrome/84.0.4147.105 Safari/537.36"
::1 - - [05/Aug/2020:10:30:34 +0000] "GET /css/layout.css HTTP/1.1" 404 153 "http://localhost:8000/" "Mozilla/5.0 (Windows NT 10.0; Win64; x64) AppleWebKit/537.36 (KHTML, like Gecko) Chrome/84.0.4147.105 Safari/537.36"
::1 - - [05/Aug/2020:10:30:34 +0000] "GET /undefined HTTP/1.1" 404 148 "http://localhost:8000/" "Mozilla/5.0 (Windows NT 10.0; Win64; x64) AppleWebKit/537.36 (KHTML, like Gecko) Chrome/84.0.4147.105 Safari/537.36"
::1 - - [05/Aug/2020:10:30:34 +0000] "GET /js/chat_engine.js HTTP/1.1" 404 156 "http://localhost:8000/" "Mozilla/5.0 (Windows NT 10.0; Win64; x64) AppleWebKit/537.36 (KHTML, like Gecko) Chrome/84.0.4147.105 Safari/537.36"
::1 - - [05/Aug/2020:10:30:37 +0000] "GET /users/sign-out HTTP/1.1" 302 46 "http://localhost:8000/" "Mozilla/5.0 (Windows NT 10.0; Win64; x64) AppleWebKit/537.36 (KHTML, like Gecko) Chrome/84.0.4147.105 Safari/537.36"
::1 - - [05/Aug/2020:10:30:37 +0000] "GET / HTTP/1.1" 200 3761 "http://localhost:8000/" "Mozilla/5.0 (Windows NT 10.0; Win64; x64) AppleWebKit/537.36 (KHTML, like Gecko) Chrome/84.0.4147.105 Safari/537.36"
::1 - - [05/Aug/2020:10:30:37 +0000] "GET /css/post-add07d8186.css HTTP/1.1" 304 - "http://localhost:8000/" "Mozilla/5.0 (Windows NT 10.0; Win64; x64) AppleWebKit/537.36 (KHTML, like Gecko) Chrome/84.0.4147.105 Safari/537.36"
::1 - - [05/Aug/2020:10:30:37 +0000] "GET /css/post.css HTTP/1.1" 404 151 "http://localhost:8000/" "Mozilla/5.0 (Windows NT 10.0; Win64; x64) AppleWebKit/537.36 (KHTML, like Gecko) Chrome/84.0.4147.105 Safari/537.36"
::1 - - [05/Aug/2020:10:30:38 +0000] "GET /css/chat_box-3aa9f1fb21.css HTTP/1.1" 304 - "http://localhost:8000/" "Mozilla/5.0 (Windows NT 10.0; Win64; x64) AppleWebKit/537.36 (KHTML, like Gecko) Chrome/84.0.4147.105 Safari/537.36"
::1 - - [05/Aug/2020:10:30:38 +0000] "GET /css/chat_box.css HTTP/1.1" 404 155 "http://localhost:8000/" "Mozilla/5.0 (Windows NT 10.0; Win64; x64) AppleWebKit/537.36 (KHTML, like Gecko) Chrome/84.0.4147.105 Safari/537.36"
::1 - - [05/Aug/2020:10:30:38 +0000] "GET /css/layout.css HTTP/1.1" 404 153 "http://localhost:8000/" "Mozilla/5.0 (Windows NT 10.0; Win64; x64) AppleWebKit/537.36 (KHTML, like Gecko) Chrome/84.0.4147.105 Safari/537.36"
::1 - - [05/Aug/2020:10:30:38 +0000] "GET /css/layout-be7584bbc6.css HTTP/1.1" 304 - "http://localhost:8000/" "Mozilla/5.0 (Windows NT 10.0; Win64; x64) AppleWebKit/537.36 (KHTML, like Gecko) Chrome/84.0.4147.105 Safari/537.36"
::1 - - [05/Aug/2020:10:30:38 +0000] "GET /undefined HTTP/1.1" 404 148 "http://localhost:8000/" "Mozilla/5.0 (Windows NT 10.0; Win64; x64) AppleWebKit/537.36 (KHTML, like Gecko) Chrome/84.0.4147.105 Safari/537.36"
::1 - - [05/Aug/2020:10:30:38 +0000] "GET /js/chat_engine.js HTTP/1.1" 404 156 "http://localhost:8000/" "Mozilla/5.0 (Windows NT 10.0; Win64; x64) AppleWebKit/537.36 (KHTML, like Gecko) Chrome/84.0.4147.105 Safari/537.36"
::1 - - [05/Aug/2020:10:30:38 +0000] "GET /js/chat_engine.js HTTP/1.1" 404 156 "http://localhost:8000/" "Mozilla/5.0 (Windows NT 10.0; Win64; x64) AppleWebKit/537.36 (KHTML, like Gecko) Chrome/84.0.4147.105 Safari/537.36"
::1 - - [05/Aug/2020:10:30:39 +0000] "GET /sign-in HTTP/1.1" 200 5746 "http://localhost:8000/" "Mozilla/5.0 (Windows NT 10.0; Win64; x64) AppleWebKit/537.36 (KHTML, like Gecko) Chrome/84.0.4147.105 Safari/537.36"
::1 - - [05/Aug/2020:10:30:39 +0000] "GET /css/layout-be7584bbc6.css HTTP/1.1" 304 - "http://localhost:8000/sign-in" "Mozilla/5.0 (Windows NT 10.0; Win64; x64) AppleWebKit/537.36 (KHTML, like Gecko) Chrome/84.0.4147.105 Safari/537.36"
::1 - - [05/Aug/2020:10:30:39 +0000] "GET /css/layout.css HTTP/1.1" 404 153 "http://localhost:8000/sign-in" "Mozilla/5.0 (Windows NT 10.0; Win64; x64) AppleWebKit/537.36 (KHTML, like Gecko) Chrome/84.0.4147.105 Safari/537.36"
::1 - - [05/Aug/2020:10:30:39 +0000] "GET /undefined HTTP/1.1" 404 148 "http://localhost:8000/sign-in" "Mozilla/5.0 (Windows NT 10.0; Win64; x64) AppleWebKit/537.36 (KHTML, like Gecko) Chrome/84.0.4147.105 Safari/537.36"
::1 - - [05/Aug/2020:10:30:39 +0000] "GET /css/log_in-0e72285ac9.css HTTP/1.1" 200 2341 "http://localhost:8000/sign-in" "Mozilla/5.0 (Windows NT 10.0; Win64; x64) AppleWebKit/537.36 (KHTML, like Gecko) Chrome/84.0.4147.105 Safari/537.36"
::1 - - [05/Aug/2020:10:30:39 +0000] "GET /css/log_in.css HTTP/1.1" 404 153 "http://localhost:8000/sign-in" "Mozilla/5.0 (Windows NT 10.0; Win64; x64) AppleWebKit/537.36 (KHTML, like Gecko) Chrome/84.0.4147.105 Safari/537.36"
::1 - - [05/Aug/2020:10:33:23 +0000] "GET / HTTP/1.1" 200 3542 "-" "Mozilla/5.0 (Windows NT 10.0; Win64; x64) AppleWebKit/537.36 (KHTML, like Gecko) Chrome/84.0.4147.105 Safari/537.36"
::1 - - [05/Aug/2020:10:33:23 +0000] "GET /css/post.css HTTP/1.1" 404 151 "http://localhost:8000/" "Mozilla/5.0 (Windows NT 10.0; Win64; x64) AppleWebKit/537.36 (KHTML, like Gecko) Chrome/84.0.4147.105 Safari/537.36"
::1 - - [05/Aug/2020:10:33:23 +0000] "GET /css/post-add07d8186.css HTTP/1.1" 200 1168 "http://localhost:8000/" "Mozilla/5.0 (Windows NT 10.0; Win64; x64) AppleWebKit/537.36 (KHTML, like Gecko) Chrome/84.0.4147.105 Safari/537.36"
::1 - - [05/Aug/2020:10:33:23 +0000] "GET /css/chat_box-3aa9f1fb21.css HTTP/1.1" 200 1299 "http://localhost:8000/" "Mozilla/5.0 (Windows NT 10.0; Win64; x64) AppleWebKit/537.36 (KHTML, like Gecko) Chrome/84.0.4147.105 Safari/537.36"
::1 - - [05/Aug/2020:10:33:23 +0000] "GET /css/layout-be7584bbc6.css HTTP/1.1" 200 335 "http://localhost:8000/" "Mozilla/5.0 (Windows NT 10.0; Win64; x64) AppleWebKit/537.36 (KHTML, like Gecko) Chrome/84.0.4147.105 Safari/537.36"
::1 - - [05/Aug/2020:10:33:23 +0000] "GET /css/chat_box.css HTTP/1.1" 404 155 "http://localhost:8000/" "Mozilla/5.0 (Windows NT 10.0; Win64; x64) AppleWebKit/537.36 (KHTML, like Gecko) Chrome/84.0.4147.105 Safari/537.36"
::1 - - [05/Aug/2020:10:33:23 +0000] "GET /css/layout.css HTTP/1.1" 404 153 "http://localhost:8000/" "Mozilla/5.0 (Windows NT 10.0; Win64; x64) AppleWebKit/537.36 (KHTML, like Gecko) Chrome/84.0.4147.105 Safari/537.36"
::1 - - [05/Aug/2020:10:33:23 +0000] "GET /undefined HTTP/1.1" 404 148 "http://localhost:8000/" "Mozilla/5.0 (Windows NT 10.0; Win64; x64) AppleWebKit/537.36 (KHTML, like Gecko) Chrome/84.0.4147.105 Safari/537.36"
::1 - - [05/Aug/2020:10:33:23 +0000] "GET /js/chat_engine.js HTTP/1.1" 404 156 "http://localhost:8000/" "Mozilla/5.0 (Windows NT 10.0; Win64; x64) AppleWebKit/537.36 (KHTML, like Gecko) Chrome/84.0.4147.105 Safari/537.36"
::1 - - [05/Aug/2020:10:33:24 +0000] "GET /css/layout-be7584bbc6.css HTTP/1.1" 200 335 "http://localhost:8000/" "Mozilla/5.0 (Windows NT 10.0; Win64; x64) AppleWebKit/537.36 (KHTML, like Gecko) Chrome/84.0.4147.105 Safari/537.36"
::1 - - [05/Aug/2020:10:33:24 +0000] "GET /css/post.css HTTP/1.1" 404 151 "http://localhost:8000/" "Mozilla/5.0 (Windows NT 10.0; Win64; x64) AppleWebKit/537.36 (KHTML, like Gecko) Chrome/84.0.4147.105 Safari/537.36"
::1 - - [05/Aug/2020:10:33:24 +0000] "GET /css/layout.css HTTP/1.1" 404 153 "http://localhost:8000/" "Mozilla/5.0 (Windows NT 10.0; Win64; x64) AppleWebKit/537.36 (KHTML, like Gecko) Chrome/84.0.4147.105 Safari/537.36"
::1 - - [05/Aug/2020:10:33:24 +0000] "GET /css/chat_box.css HTTP/1.1" 404 155 "http://localhost:8000/" "Mozilla/5.0 (Windows NT 10.0; Win64; x64) AppleWebKit/537.36 (KHTML, like Gecko) Chrome/84.0.4147.105 Safari/537.36"
::1 - - [05/Aug/2020:10:33:24 +0000] "GET /undefined HTTP/1.1" 404 148 "http://localhost:8000/" "Mozilla/5.0 (Windows NT 10.0; Win64; x64) AppleWebKit/537.36 (KHTML, like Gecko) Chrome/84.0.4147.105 Safari/537.36"
::1 - - [05/Aug/2020:10:33:24 +0000] "GET /js/chat_engine.js HTTP/1.1" 404 156 "http://localhost:8000/" "Mozilla/5.0 (Windows NT 10.0; Win64; x64) AppleWebKit/537.36 (KHTML, like Gecko) Chrome/84.0.4147.105 Safari/537.36"
::1 - - [05/Aug/2020:10:33:27 +0000] "GET /sign-in HTTP/1.1" 200 5762 "http://localhost:8000/" "Mozilla/5.0 (Windows NT 10.0; Win64; x64) AppleWebKit/537.36 (KHTML, like Gecko) Chrome/84.0.4147.105 Safari/537.36"
::1 - - [05/Aug/2020:10:33:27 +0000] "GET /css/layout-be7584bbc6.css HTTP/1.1" 304 - "http://localhost:8000/sign-in" "Mozilla/5.0 (Windows NT 10.0; Win64; x64) AppleWebKit/537.36 (KHTML, like Gecko) Chrome/84.0.4147.105 Safari/537.36"
::1 - - [05/Aug/2020:10:33:27 +0000] "GET /css/layout.css HTTP/1.1" 404 153 "http://localhost:8000/sign-in" "Mozilla/5.0 (Windows NT 10.0; Win64; x64) AppleWebKit/537.36 (KHTML, like Gecko) Chrome/84.0.4147.105 Safari/537.36"
::1 - - [05/Aug/2020:10:33:27 +0000] "GET /undefined HTTP/1.1" 404 148 "http://localhost:8000/sign-in" "Mozilla/5.0 (Windows NT 10.0; Win64; x64) AppleWebKit/537.36 (KHTML, like Gecko) Chrome/84.0.4147.105 Safari/537.36"
::1 - - [05/Aug/2020:10:33:27 +0000] "GET /css/log_in-0e72285ac9.css HTTP/1.1" 200 2341 "http://localhost:8000/sign-in" "Mozilla/5.0 (Windows NT 10.0; Win64; x64) AppleWebKit/537.36 (KHTML, like Gecko) Chrome/84.0.4147.105 Safari/537.36"
::1 - - [05/Aug/2020:10:33:27 +0000] "GET /css/log_in.css HTTP/1.1" 404 153 "http://localhost:8000/sign-in" "Mozilla/5.0 (Windows NT 10.0; Win64; x64) AppleWebKit/537.36 (KHTML, like Gecko) Chrome/84.0.4147.105 Safari/537.36"
::1 - - [05/Aug/2020:10:33:33 +0000] "GET /sign-in HTTP/1.1" 304 - "http://localhost:8000/sign-in" "Mozilla/5.0 (Windows NT 10.0; Win64; x64) AppleWebKit/537.36 (KHTML, like Gecko) Chrome/84.0.4147.105 Safari/537.36"
::1 - - [05/Aug/2020:10:33:34 +0000] "GET /css/log_in-0e72285ac9.css HTTP/1.1" 304 - "http://localhost:8000/sign-in" "Mozilla/5.0 (Windows NT 10.0; Win64; x64) AppleWebKit/537.36 (KHTML, like Gecko) Chrome/84.0.4147.105 Safari/537.36"
::1 - - [05/Aug/2020:10:33:34 +0000] "GET /css/log_in.css HTTP/1.1" 404 153 "http://localhost:8000/sign-in" "Mozilla/5.0 (Windows NT 10.0; Win64; x64) AppleWebKit/537.36 (KHTML, like Gecko) Chrome/84.0.4147.105 Safari/537.36"
::1 - - [05/Aug/2020:10:33:34 +0000] "GET /css/layout-be7584bbc6.css HTTP/1.1" 304 - "http://localhost:8000/sign-in" "Mozilla/5.0 (Windows NT 10.0; Win64; x64) AppleWebKit/537.36 (KHTML, like Gecko) Chrome/84.0.4147.105 Safari/537.36"
::1 - - [05/Aug/2020:10:33:34 +0000] "GET /css/layout.css HTTP/1.1" 404 153 "http://localhost:8000/sign-in" "Mozilla/5.0 (Windows NT 10.0; Win64; x64) AppleWebKit/537.36 (KHTML, like Gecko) Chrome/84.0.4147.105 Safari/537.36"
::1 - - [05/Aug/2020:10:33:34 +0000] "GET /undefined HTTP/1.1" 404 148 "http://localhost:8000/sign-in" "Mozilla/5.0 (Windows NT 10.0; Win64; x64) AppleWebKit/537.36 (KHTML, like Gecko) Chrome/84.0.4147.105 Safari/537.36"
::1 - - [05/Aug/2020:10:33:36 +0000] "GET /sign-up HTTP/1.1" 200 3354 "http://localhost:8000/sign-in" "Mozilla/5.0 (Windows NT 10.0; Win64; x64) AppleWebKit/537.36 (KHTML, like Gecko) Chrome/84.0.4147.105 Safari/537.36"
::1 - - [05/Aug/2020:10:33:36 +0000] "GET /css/layout-be7584bbc6.css HTTP/1.1" 304 - "http://localhost:8000/sign-up" "Mozilla/5.0 (Windows NT 10.0; Win64; x64) AppleWebKit/537.36 (KHTML, like Gecko) Chrome/84.0.4147.105 Safari/537.36"
::1 - - [05/Aug/2020:10:33:36 +0000] "GET /css/layout.css HTTP/1.1" 404 153 "http://localhost:8000/sign-up" "Mozilla/5.0 (Windows NT 10.0; Win64; x64) AppleWebKit/537.36 (KHTML, like Gecko) Chrome/84.0.4147.105 Safari/537.36"
::1 - - [05/Aug/2020:10:33:36 +0000] "GET /undefined HTTP/1.1" 404 148 "http://localhost:8000/sign-up" "Mozilla/5.0 (Windows NT 10.0; Win64; x64) AppleWebKit/537.36 (KHTML, like Gecko) Chrome/84.0.4147.105 Safari/537.36"
::1 - - [05/Aug/2020:10:33:38 +0000] "GET /sign-in HTTP/1.1" 304 - "http://localhost:8000/sign-up" "Mozilla/5.0 (Windows NT 10.0; Win64; x64) AppleWebKit/537.36 (KHTML, like Gecko) Chrome/84.0.4147.105 Safari/537.36"
::1 - - [05/Aug/2020:10:33:38 +0000] "GET /css/log_in-0e72285ac9.css HTTP/1.1" 304 - "http://localhost:8000/sign-in" "Mozilla/5.0 (Windows NT 10.0; Win64; x64) AppleWebKit/537.36 (KHTML, like Gecko) Chrome/84.0.4147.105 Safari/537.36"
::1 - - [05/Aug/2020:10:33:38 +0000] "GET /css/layout-be7584bbc6.css HTTP/1.1" 304 - "http://localhost:8000/sign-in" "Mozilla/5.0 (Windows NT 10.0; Win64; x64) AppleWebKit/537.36 (KHTML, like Gecko) Chrome/84.0.4147.105 Safari/537.36"
::1 - - [05/Aug/2020:10:33:38 +0000] "GET /css/log_in.css HTTP/1.1" 404 153 "http://localhost:8000/sign-in" "Mozilla/5.0 (Windows NT 10.0; Win64; x64) AppleWebKit/537.36 (KHTML, like Gecko) Chrome/84.0.4147.105 Safari/537.36"
::1 - - [05/Aug/2020:10:33:38 +0000] "GET /css/layout.css HTTP/1.1" 404 153 "http://localhost:8000/sign-in" "Mozilla/5.0 (Windows NT 10.0; Win64; x64) AppleWebKit/537.36 (KHTML, like Gecko) Chrome/84.0.4147.105 Safari/537.36"
::1 - - [05/Aug/2020:10:33:38 +0000] "GET /undefined HTTP/1.1" 404 148 "http://localhost:8000/sign-in" "Mozilla/5.0 (Windows NT 10.0; Win64; x64) AppleWebKit/537.36 (KHTML, like Gecko) Chrome/84.0.4147.105 Safari/537.36"
::1 - - [05/Aug/2020:10:35:45 +0000] "GET /sign-in HTTP/1.1" 200 3745 "http://localhost:8000/sign-up" "Mozilla/5.0 (Windows NT 10.0; Win64; x64) AppleWebKit/537.36 (KHTML, like Gecko) Chrome/84.0.4147.105 Safari/537.36"
::1 - - [05/Aug/2020:10:35:45 +0000] "GET /css/log_in-0e72285ac9.css HTTP/1.1" 304 - "http://localhost:8000/sign-in" "Mozilla/5.0 (Windows NT 10.0; Win64; x64) AppleWebKit/537.36 (KHTML, like Gecko) Chrome/84.0.4147.105 Safari/537.36"
::1 - - [05/Aug/2020:10:35:45 +0000] "GET /css/log_in.css HTTP/1.1" 404 153 "http://localhost:8000/sign-in" "Mozilla/5.0 (Windows NT 10.0; Win64; x64) AppleWebKit/537.36 (KHTML, like Gecko) Chrome/84.0.4147.105 Safari/537.36"
::1 - - [05/Aug/2020:10:35:45 +0000] "GET /css/layout.css HTTP/1.1" 404 153 "http://localhost:8000/sign-in" "Mozilla/5.0 (Windows NT 10.0; Win64; x64) AppleWebKit/537.36 (KHTML, like Gecko) Chrome/84.0.4147.105 Safari/537.36"
::1 - - [05/Aug/2020:10:35:45 +0000] "GET /css/layout-be7584bbc6.css HTTP/1.1" 304 - "http://localhost:8000/sign-in" "Mozilla/5.0 (Windows NT 10.0; Win64; x64) AppleWebKit/537.36 (KHTML, like Gecko) Chrome/84.0.4147.105 Safari/537.36"
::1 - - [05/Aug/2020:10:35:45 +0000] "GET /undefined HTTP/1.1" 404 148 "http://localhost:8000/sign-in" "Mozilla/5.0 (Windows NT 10.0; Win64; x64) AppleWebKit/537.36 (KHTML, like Gecko) Chrome/84.0.4147.105 Safari/537.36"
::1 - - [05/Aug/2020:10:35:45 +0000] "GET /css/log_in.css HTTP/1.1" 404 153 "http://localhost:8000/sign-in" "Mozilla/5.0 (Windows NT 10.0; Win64; x64) AppleWebKit/537.36 (KHTML, like Gecko) Chrome/84.0.4147.105 Safari/537.36"
::1 - - [05/Aug/2020:10:35:45 +0000] "GET /css/layout.css HTTP/1.1" 404 153 "http://localhost:8000/sign-in" "Mozilla/5.0 (Windows NT 10.0; Win64; x64) AppleWebKit/537.36 (KHTML, like Gecko) Chrome/84.0.4147.105 Safari/537.36"
::1 - - [05/Aug/2020:10:35:45 +0000] "GET /undefined HTTP/1.1" 404 148 "http://localhost:8000/sign-in" "Mozilla/5.0 (Windows NT 10.0; Win64; x64) AppleWebKit/537.36 (KHTML, like Gecko) Chrome/84.0.4147.105 Safari/537.36"
::1 - - [05/Aug/2020:10:35:55 +0000] "POST /users/create-session HTTP/1.1" 302 46 "http://localhost:8000/sign-in" "Mozilla/5.0 (Windows NT 10.0; Win64; x64) AppleWebKit/537.36 (KHTML, like Gecko) Chrome/84.0.4147.105 Safari/537.36"
::1 - - [05/Aug/2020:10:35:55 +0000] "GET / HTTP/1.1" 200 6106 "http://localhost:8000/sign-in" "Mozilla/5.0 (Windows NT 10.0; Win64; x64) AppleWebKit/537.36 (KHTML, like Gecko) Chrome/84.0.4147.105 Safari/537.36"
::1 - - [05/Aug/2020:10:35:55 +0000] "GET /css/chat_box-3aa9f1fb21.css HTTP/1.1" 304 - "http://localhost:8000/" "Mozilla/5.0 (Windows NT 10.0; Win64; x64) AppleWebKit/537.36 (KHTML, like Gecko) Chrome/84.0.4147.105 Safari/537.36"
::1 - - [05/Aug/2020:10:35:55 +0000] "GET /css/post-add07d8186.css HTTP/1.1" 304 - "http://localhost:8000/" "Mozilla/5.0 (Windows NT 10.0; Win64; x64) AppleWebKit/537.36 (KHTML, like Gecko) Chrome/84.0.4147.105 Safari/537.36"
::1 - - [05/Aug/2020:10:35:55 +0000] "GET /css/post.css HTTP/1.1" 404 151 "http://localhost:8000/" "Mozilla/5.0 (Windows NT 10.0; Win64; x64) AppleWebKit/537.36 (KHTML, like Gecko) Chrome/84.0.4147.105 Safari/537.36"
::1 - - [05/Aug/2020:10:35:55 +0000] "GET /css/layout-be7584bbc6.css HTTP/1.1" 304 - "http://localhost:8000/" "Mozilla/5.0 (Windows NT 10.0; Win64; x64) AppleWebKit/537.36 (KHTML, like Gecko) Chrome/84.0.4147.105 Safari/537.36"
::1 - - [05/Aug/2020:10:35:55 +0000] "GET /css/chat_box.css HTTP/1.1" 404 155 "http://localhost:8000/" "Mozilla/5.0 (Windows NT 10.0; Win64; x64) AppleWebKit/537.36 (KHTML, like Gecko) Chrome/84.0.4147.105 Safari/537.36"
::1 - - [05/Aug/2020:10:35:55 +0000] "GET /css/layout.css HTTP/1.1" 404 153 "http://localhost:8000/" "Mozilla/5.0 (Windows NT 10.0; Win64; x64) AppleWebKit/537.36 (KHTML, like Gecko) Chrome/84.0.4147.105 Safari/537.36"
::1 - - [05/Aug/2020:10:35:55 +0000] "GET /undefined HTTP/1.1" 404 148 "http://localhost:8000/" "Mozilla/5.0 (Windows NT 10.0; Win64; x64) AppleWebKit/537.36 (KHTML, like Gecko) Chrome/84.0.4147.105 Safari/537.36"
::1 - - [05/Aug/2020:10:35:55 +0000] "GET /js/chat_engine.js HTTP/1.1" 404 156 "http://localhost:8000/" "Mozilla/5.0 (Windows NT 10.0; Win64; x64) AppleWebKit/537.36 (KHTML, like Gecko) Chrome/84.0.4147.105 Safari/537.36"
::1 - - [05/Aug/2020:10:35:55 +0000] "GET /js/chat_engine.js HTTP/1.1" 404 156 "http://localhost:8000/" "Mozilla/5.0 (Windows NT 10.0; Win64; x64) AppleWebKit/537.36 (KHTML, like Gecko) Chrome/84.0.4147.105 Safari/537.36"
::1 - - [05/Aug/2020:10:36:12 +0000] "GET /users/friend-requests HTTP/1.1" 200 3418 "http://localhost:8000/" "Mozilla/5.0 (Windows NT 10.0; Win64; x64) AppleWebKit/537.36 (KHTML, like Gecko) Chrome/84.0.4147.105 Safari/537.36"
::1 - - [05/Aug/2020:10:36:12 +0000] "GET /css/layout-be7584bbc6.css HTTP/1.1" 304 - "http://localhost:8000/users/friend-requests" "Mozilla/5.0 (Windows NT 10.0; Win64; x64) AppleWebKit/537.36 (KHTML, like Gecko) Chrome/84.0.4147.105 Safari/537.36"
::1 - - [05/Aug/2020:10:36:12 +0000] "GET /css/layout.css HTTP/1.1" 404 153 "http://localhost:8000/users/friend-requests" "Mozilla/5.0 (Windows NT 10.0; Win64; x64) AppleWebKit/537.36 (KHTML, like Gecko) Chrome/84.0.4147.105 Safari/537.36"
::1 - - [05/Aug/2020:10:36:12 +0000] "GET /undefined HTTP/1.1" 404 148 "http://localhost:8000/users/friend-requests" "Mozilla/5.0 (Windows NT 10.0; Win64; x64) AppleWebKit/537.36 (KHTML, like Gecko) Chrome/84.0.4147.105 Safari/537.36"
::1 - - [05/Aug/2020:10:36:17 +0000] "GET /friends/all HTTP/1.1" 200 3755 "http://localhost:8000/users/friend-requests" "Mozilla/5.0 (Windows NT 10.0; Win64; x64) AppleWebKit/537.36 (KHTML, like Gecko) Chrome/84.0.4147.105 Safari/537.36"
::1 - - [05/Aug/2020:10:36:17 +0000] "GET /css/layout-be7584bbc6.css HTTP/1.1" 304 - "http://localhost:8000/friends/all" "Mozilla/5.0 (Windows NT 10.0; Win64; x64) AppleWebKit/537.36 (KHTML, like Gecko) Chrome/84.0.4147.105 Safari/537.36"
::1 - - [05/Aug/2020:10:36:17 +0000] "GET /css/all_friend-869e8d69fe.css HTTP/1.1" 200 95 "http://localhost:8000/friends/all" "Mozilla/5.0 (Windows NT 10.0; Win64; x64) AppleWebKit/537.36 (KHTML, like Gecko) Chrome/84.0.4147.105 Safari/537.36"
::1 - - [05/Aug/2020:10:36:17 +0000] "GET /css/all_friend.css HTTP/1.1" 404 157 "http://localhost:8000/friends/all" "Mozilla/5.0 (Windows NT 10.0; Win64; x64) AppleWebKit/537.36 (KHTML, like Gecko) Chrome/84.0.4147.105 Safari/537.36"
::1 - - [05/Aug/2020:10:36:17 +0000] "GET /css/layout.css HTTP/1.1" 404 153 "http://localhost:8000/friends/all" "Mozilla/5.0 (Windows NT 10.0; Win64; x64) AppleWebKit/537.36 (KHTML, like Gecko) Chrome/84.0.4147.105 Safari/537.36"
::1 - - [05/Aug/2020:10:36:17 +0000] "GET /undefined HTTP/1.1" 404 148 "http://localhost:8000/friends/all" "Mozilla/5.0 (Windows NT 10.0; Win64; x64) AppleWebKit/537.36 (KHTML, like Gecko) Chrome/84.0.4147.105 Safari/537.36"
::1 - - [05/Aug/2020:10:36:19 +0000] "GET /users/profile/5f2a402861e44e1e9ca7b6e0 HTTP/1.1" 304 - "http://localhost:8000/friends/all" "Mozilla/5.0 (Windows NT 10.0; Win64; x64) AppleWebKit/537.36 (KHTML, like Gecko) Chrome/84.0.4147.105 Safari/537.36"
::1 - - [05/Aug/2020:10:36:19 +0000] "GET /css/layout-be7584bbc6.css HTTP/1.1" 304 - "http://localhost:8000/users/profile/5f2a402861e44e1e9ca7b6e0" "Mozilla/5.0 (Windows NT 10.0; Win64; x64) AppleWebKit/537.36 (KHTML, like Gecko) Chrome/84.0.4147.105 Safari/537.36"
::1 - - [05/Aug/2020:10:36:19 +0000] "GET /css/user_profile-64c4e19758.css HTTP/1.1" 200 148 "http://localhost:8000/users/profile/5f2a402861e44e1e9ca7b6e0" "Mozilla/5.0 (Windows NT 10.0; Win64; x64) AppleWebKit/537.36 (KHTML, like Gecko) Chrome/84.0.4147.105 Safari/537.36"
::1 - - [05/Aug/2020:10:36:19 +0000] "GET /css/user_profile.css HTTP/1.1" 404 159 "http://localhost:8000/users/profile/5f2a402861e44e1e9ca7b6e0" "Mozilla/5.0 (Windows NT 10.0; Win64; x64) AppleWebKit/537.36 (KHTML, like Gecko) Chrome/84.0.4147.105 Safari/537.36"
::1 - - [05/Aug/2020:10:36:19 +0000] "GET /css/layout.css HTTP/1.1" 404 153 "http://localhost:8000/users/profile/5f2a402861e44e1e9ca7b6e0" "Mozilla/5.0 (Windows NT 10.0; Win64; x64) AppleWebKit/537.36 (KHTML, like Gecko) Chrome/84.0.4147.105 Safari/537.36"
::1 - - [05/Aug/2020:10:36:19 +0000] "GET /undefined HTTP/1.1" 404 148 "http://localhost:8000/users/profile/5f2a402861e44e1e9ca7b6e0" "Mozilla/5.0 (Windows NT 10.0; Win64; x64) AppleWebKit/537.36 (KHTML, like Gecko) Chrome/84.0.4147.105 Safari/537.36"
::1 - - [05/Aug/2020:10:36:21 +0000] "GET /users/friends HTTP/1.1" 200 3432 "http://localhost:8000/users/profile/5f2a402861e44e1e9ca7b6e0" "Mozilla/5.0 (Windows NT 10.0; Win64; x64) AppleWebKit/537.36 (KHTML, like Gecko) Chrome/84.0.4147.105 Safari/537.36"
::1 - - [05/Aug/2020:10:36:21 +0000] "GET /css/layout-be7584bbc6.css HTTP/1.1" 304 - "http://localhost:8000/users/friends" "Mozilla/5.0 (Windows NT 10.0; Win64; x64) AppleWebKit/537.36 (KHTML, like Gecko) Chrome/84.0.4147.105 Safari/537.36"
::1 - - [05/Aug/2020:10:36:21 +0000] "GET /css/layout.css HTTP/1.1" 404 153 "http://localhost:8000/users/friends" "Mozilla/5.0 (Windows NT 10.0; Win64; x64) AppleWebKit/537.36 (KHTML, like Gecko) Chrome/84.0.4147.105 Safari/537.36"
::1 - - [05/Aug/2020:10:36:21 +0000] "GET /undefined HTTP/1.1" 404 148 "http://localhost:8000/users/friends" "Mozilla/5.0 (Windows NT 10.0; Win64; x64) AppleWebKit/537.36 (KHTML, like Gecko) Chrome/84.0.4147.105 Safari/537.36"
::1 - - [05/Aug/2020:10:36:22 +0000] "GET /users/profile/5f2a402861e44e1e9ca7b6e0 HTTP/1.1" 304 - "http://localhost:8000/users/friends" "Mozilla/5.0 (Windows NT 10.0; Win64; x64) AppleWebKit/537.36 (KHTML, like Gecko) Chrome/84.0.4147.105 Safari/537.36"
::1 - - [05/Aug/2020:10:36:22 +0000] "GET /css/user_profile.css HTTP/1.1" 404 159 "http://localhost:8000/users/profile/5f2a402861e44e1e9ca7b6e0" "Mozilla/5.0 (Windows NT 10.0; Win64; x64) AppleWebKit/537.36 (KHTML, like Gecko) Chrome/84.0.4147.105 Safari/537.36"
::1 - - [05/Aug/2020:10:36:22 +0000] "GET /css/user_profile-64c4e19758.css HTTP/1.1" 304 - "http://localhost:8000/users/profile/5f2a402861e44e1e9ca7b6e0" "Mozilla/5.0 (Windows NT 10.0; Win64; x64) AppleWebKit/537.36 (KHTML, like Gecko) Chrome/84.0.4147.105 Safari/537.36"
::1 - - [05/Aug/2020:10:36:22 +0000] "GET /css/layout.css HTTP/1.1" 404 153 "http://localhost:8000/users/profile/5f2a402861e44e1e9ca7b6e0" "Mozilla/5.0 (Windows NT 10.0; Win64; x64) AppleWebKit/537.36 (KHTML, like Gecko) Chrome/84.0.4147.105 Safari/537.36"
::1 - - [05/Aug/2020:10:36:22 +0000] "GET /css/layout-be7584bbc6.css HTTP/1.1" 304 - "http://localhost:8000/users/profile/5f2a402861e44e1e9ca7b6e0" "Mozilla/5.0 (Windows NT 10.0; Win64; x64) AppleWebKit/537.36 (KHTML, like Gecko) Chrome/84.0.4147.105 Safari/537.36"
::1 - - [05/Aug/2020:10:36:22 +0000] "GET /undefined HTTP/1.1" 404 148 "http://localhost:8000/users/profile/5f2a402861e44e1e9ca7b6e0" "Mozilla/5.0 (Windows NT 10.0; Win64; x64) AppleWebKit/537.36 (KHTML, like Gecko) Chrome/84.0.4147.105 Safari/537.36"
::1 - - [05/Aug/2020:10:36:24 +0000] "GET / HTTP/1.1" 200 5888 "http://localhost:8000/users/profile/5f2a402861e44e1e9ca7b6e0" "Mozilla/5.0 (Windows NT 10.0; Win64; x64) AppleWebKit/537.36 (KHTML, like Gecko) Chrome/84.0.4147.105 Safari/537.36"
::1 - - [05/Aug/2020:10:36:25 +0000] "GET /css/post-add07d8186.css HTTP/1.1" 304 - "http://localhost:8000/" "Mozilla/5.0 (Windows NT 10.0; Win64; x64) AppleWebKit/537.36 (KHTML, like Gecko) Chrome/84.0.4147.105 Safari/537.36"
::1 - - [05/Aug/2020:10:36:25 +0000] "GET /css/chat_box-3aa9f1fb21.css HTTP/1.1" 304 - "http://localhost:8000/" "Mozilla/5.0 (Windows NT 10.0; Win64; x64) AppleWebKit/537.36 (KHTML, like Gecko) Chrome/84.0.4147.105 Safari/537.36"
::1 - - [05/Aug/2020:10:36:25 +0000] "GET /css/layout-be7584bbc6.css HTTP/1.1" 304 - "http://localhost:8000/" "Mozilla/5.0 (Windows NT 10.0; Win64; x64) AppleWebKit/537.36 (KHTML, like Gecko) Chrome/84.0.4147.105 Safari/537.36"
::1 - - [05/Aug/2020:10:36:25 +0000] "GET /css/post.css HTTP/1.1" 404 151 "http://localhost:8000/" "Mozilla/5.0 (Windows NT 10.0; Win64; x64) AppleWebKit/537.36 (KHTML, like Gecko) Chrome/84.0.4147.105 Safari/537.36"
::1 - - [05/Aug/2020:10:36:25 +0000] "GET /css/chat_box.css HTTP/1.1" 404 155 "http://localhost:8000/" "Mozilla/5.0 (Windows NT 10.0; Win64; x64) AppleWebKit/537.36 (KHTML, like Gecko) Chrome/84.0.4147.105 Safari/537.36"
::1 - - [05/Aug/2020:10:36:25 +0000] "GET /css/layout.css HTTP/1.1" 404 153 "http://localhost:8000/" "Mozilla/5.0 (Windows NT 10.0; Win64; x64) AppleWebKit/537.36 (KHTML, like Gecko) Chrome/84.0.4147.105 Safari/537.36"
::1 - - [05/Aug/2020:10:36:25 +0000] "GET /undefined HTTP/1.1" 404 148 "http://localhost:8000/" "Mozilla/5.0 (Windows NT 10.0; Win64; x64) AppleWebKit/537.36 (KHTML, like Gecko) Chrome/84.0.4147.105 Safari/537.36"
::1 - - [05/Aug/2020:10:36:25 +0000] "GET /js/chat_engine.js HTTP/1.1" 404 156 "http://localhost:8000/" "Mozilla/5.0 (Windows NT 10.0; Win64; x64) AppleWebKit/537.36 (KHTML, like Gecko) Chrome/84.0.4147.105 Safari/537.36"
::1 - - [05/Aug/2020:10:36:25 +0000] "GET /js/chat_engine.js HTTP/1.1" 404 156 "http://localhost:8000/" "Mozilla/5.0 (Windows NT 10.0; Win64; x64) AppleWebKit/537.36 (KHTML, like Gecko) Chrome/84.0.4147.105 Safari/537.36"
::1 - - [05/Aug/2020:10:36:28 +0000] "POST /posts/create-Post HTTP/1.1" 302 88 "http://localhost:8000/" "Mozilla/5.0 (Windows NT 10.0; Win64; x64) AppleWebKit/537.36 (KHTML, like Gecko) Chrome/84.0.4147.105 Safari/537.36"
::1 - - [05/Aug/2020:10:36:29 +0000] "GET / HTTP/1.1" 200 7862 "http://localhost:8000/" "Mozilla/5.0 (Windows NT 10.0; Win64; x64) AppleWebKit/537.36 (KHTML, like Gecko) Chrome/84.0.4147.105 Safari/537.36"
::1 - - [05/Aug/2020:10:36:29 +0000] "GET /css/post-add07d8186.css HTTP/1.1" 304 - "http://localhost:8000/" "Mozilla/5.0 (Windows NT 10.0; Win64; x64) AppleWebKit/537.36 (KHTML, like Gecko) Chrome/84.0.4147.105 Safari/537.36"
::1 - - [05/Aug/2020:10:36:29 +0000] "GET /css/chat_box-3aa9f1fb21.css HTTP/1.1" 304 - "http://localhost:8000/" "Mozilla/5.0 (Windows NT 10.0; Win64; x64) AppleWebKit/537.36 (KHTML, like Gecko) Chrome/84.0.4147.105 Safari/537.36"
::1 - - [05/Aug/2020:10:36:29 +0000] "GET /css/layout-be7584bbc6.css HTTP/1.1" 304 - "http://localhost:8000/" "Mozilla/5.0 (Windows NT 10.0; Win64; x64) AppleWebKit/537.36 (KHTML, like Gecko) Chrome/84.0.4147.105 Safari/537.36"
::1 - - [05/Aug/2020:10:36:29 +0000] "GET /css/post.css HTTP/1.1" 404 151 "http://localhost:8000/" "Mozilla/5.0 (Windows NT 10.0; Win64; x64) AppleWebKit/537.36 (KHTML, like Gecko) Chrome/84.0.4147.105 Safari/537.36"
::1 - - [05/Aug/2020:10:36:29 +0000] "GET /css/chat_box.css HTTP/1.1" 404 155 "http://localhost:8000/" "Mozilla/5.0 (Windows NT 10.0; Win64; x64) AppleWebKit/537.36 (KHTML, like Gecko) Chrome/84.0.4147.105 Safari/537.36"
::1 - - [05/Aug/2020:10:36:29 +0000] "GET /css/layout.css HTTP/1.1" 404 153 "http://localhost:8000/" "Mozilla/5.0 (Windows NT 10.0; Win64; x64) AppleWebKit/537.36 (KHTML, like Gecko) Chrome/84.0.4147.105 Safari/537.36"
::1 - - [05/Aug/2020:10:36:29 +0000] "GET /undefined HTTP/1.1" 404 148 "http://localhost:8000/" "Mozilla/5.0 (Windows NT 10.0; Win64; x64) AppleWebKit/537.36 (KHTML, like Gecko) Chrome/84.0.4147.105 Safari/537.36"
::1 - - [05/Aug/2020:10:36:29 +0000] "GET /js/chat_engine.js HTTP/1.1" 404 156 "http://localhost:8000/" "Mozilla/5.0 (Windows NT 10.0; Win64; x64) AppleWebKit/537.36 (KHTML, like Gecko) Chrome/84.0.4147.105 Safari/537.36"
::1 - - [05/Aug/2020:10:36:29 +0000] "GET /js/chat_engine.js HTTP/1.1" 404 156 "http://localhost:8000/" "Mozilla/5.0 (Windows NT 10.0; Win64; x64) AppleWebKit/537.36 (KHTML, like Gecko) Chrome/84.0.4147.105 Safari/537.36"
::1 - - [05/Aug/2020:10:36:32 +0000] "GET /likes/toggle/?id=5f2a8bacfdf3ea3f30b2fbbc&type=Post HTTP/1.1" 302 46 "http://localhost:8000/" "Mozilla/5.0 (Windows NT 10.0; Win64; x64) AppleWebKit/537.36 (KHTML, like Gecko) Chrome/84.0.4147.105 Safari/537.36"
::1 - - [05/Aug/2020:10:36:32 +0000] "GET / HTTP/1.1" 200 7850 "http://localhost:8000/" "Mozilla/5.0 (Windows NT 10.0; Win64; x64) AppleWebKit/537.36 (KHTML, like Gecko) Chrome/84.0.4147.105 Safari/537.36"
::1 - - [05/Aug/2020:10:36:32 +0000] "GET /css/post-add07d8186.css HTTP/1.1" 304 - "http://localhost:8000/" "Mozilla/5.0 (Windows NT 10.0; Win64; x64) AppleWebKit/537.36 (KHTML, like Gecko) Chrome/84.0.4147.105 Safari/537.36"
::1 - - [05/Aug/2020:10:36:32 +0000] "GET /css/layout-be7584bbc6.css HTTP/1.1" 304 - "http://localhost:8000/" "Mozilla/5.0 (Windows NT 10.0; Win64; x64) AppleWebKit/537.36 (KHTML, like Gecko) Chrome/84.0.4147.105 Safari/537.36"
::1 - - [05/Aug/2020:10:36:32 +0000] "GET /css/chat_box-3aa9f1fb21.css HTTP/1.1" 304 - "http://localhost:8000/" "Mozilla/5.0 (Windows NT 10.0; Win64; x64) AppleWebKit/537.36 (KHTML, like Gecko) Chrome/84.0.4147.105 Safari/537.36"
::1 - - [05/Aug/2020:10:36:32 +0000] "GET /css/post.css HTTP/1.1" 404 151 "http://localhost:8000/" "Mozilla/5.0 (Windows NT 10.0; Win64; x64) AppleWebKit/537.36 (KHTML, like Gecko) Chrome/84.0.4147.105 Safari/537.36"
::1 - - [05/Aug/2020:10:36:32 +0000] "GET /css/chat_box.css HTTP/1.1" 404 155 "http://localhost:8000/" "Mozilla/5.0 (Windows NT 10.0; Win64; x64) AppleWebKit/537.36 (KHTML, like Gecko) Chrome/84.0.4147.105 Safari/537.36"
::1 - - [05/Aug/2020:10:36:32 +0000] "GET /css/layout.css HTTP/1.1" 404 153 "http://localhost:8000/" "Mozilla/5.0 (Windows NT 10.0; Win64; x64) AppleWebKit/537.36 (KHTML, like Gecko) Chrome/84.0.4147.105 Safari/537.36"
::1 - - [05/Aug/2020:10:36:32 +0000] "GET /undefined HTTP/1.1" 404 148 "http://localhost:8000/" "Mozilla/5.0 (Windows NT 10.0; Win64; x64) AppleWebKit/537.36 (KHTML, like Gecko) Chrome/84.0.4147.105 Safari/537.36"
::1 - - [05/Aug/2020:10:36:32 +0000] "GET /js/chat_engine.js HTTP/1.1" 404 156 "http://localhost:8000/" "Mozilla/5.0 (Windows NT 10.0; Win64; x64) AppleWebKit/537.36 (KHTML, like Gecko) Chrome/84.0.4147.105 Safari/537.36"
::1 - - [05/Aug/2020:10:36:32 +0000] "GET /js/chat_engine.js HTTP/1.1" 404 156 "http://localhost:8000/" "Mozilla/5.0 (Windows NT 10.0; Win64; x64) AppleWebKit/537.36 (KHTML, like Gecko) Chrome/84.0.4147.105 Safari/537.36"
::1 - - [05/Aug/2020:10:36:35 +0000] "GET /posts/destroy/5f2a8bacfdf3ea3f30b2fbbc HTTP/1.1" 302 46 "http://localhost:8000/" "Mozilla/5.0 (Windows NT 10.0; Win64; x64) AppleWebKit/537.36 (KHTML, like Gecko) Chrome/84.0.4147.105 Safari/537.36"
::1 - - [05/Aug/2020:10:36:35 +0000] "GET / HTTP/1.1" 200 6109 "http://localhost:8000/" "Mozilla/5.0 (Windows NT 10.0; Win64; x64) AppleWebKit/537.36 (KHTML, like Gecko) Chrome/84.0.4147.105 Safari/537.36"
::1 - - [05/Aug/2020:10:36:35 +0000] "GET /css/post-add07d8186.css HTTP/1.1" 304 - "http://localhost:8000/" "Mozilla/5.0 (Windows NT 10.0; Win64; x64) AppleWebKit/537.36 (KHTML, like Gecko) Chrome/84.0.4147.105 Safari/537.36"
::1 - - [05/Aug/2020:10:36:35 +0000] "GET /css/chat_box-3aa9f1fb21.css HTTP/1.1" 304 - "http://localhost:8000/" "Mozilla/5.0 (Windows NT 10.0; Win64; x64) AppleWebKit/537.36 (KHTML, like Gecko) Chrome/84.0.4147.105 Safari/537.36"
::1 - - [05/Aug/2020:10:36:35 +0000] "GET /css/post.css HTTP/1.1" 404 151 "http://localhost:8000/" "Mozilla/5.0 (Windows NT 10.0; Win64; x64) AppleWebKit/537.36 (KHTML, like Gecko) Chrome/84.0.4147.105 Safari/537.36"
::1 - - [05/Aug/2020:10:36:35 +0000] "GET /css/chat_box.css HTTP/1.1" 404 155 "http://localhost:8000/" "Mozilla/5.0 (Windows NT 10.0; Win64; x64) AppleWebKit/537.36 (KHTML, like Gecko) Chrome/84.0.4147.105 Safari/537.36"
::1 - - [05/Aug/2020:10:36:35 +0000] "GET /css/layout.css HTTP/1.1" 404 153 "http://localhost:8000/" "Mozilla/5.0 (Windows NT 10.0; Win64; x64) AppleWebKit/537.36 (KHTML, like Gecko) Chrome/84.0.4147.105 Safari/537.36"
::1 - - [05/Aug/2020:10:36:35 +0000] "GET /css/layout-be7584bbc6.css HTTP/1.1" 304 - "http://localhost:8000/" "Mozilla/5.0 (Windows NT 10.0; Win64; x64) AppleWebKit/537.36 (KHTML, like Gecko) Chrome/84.0.4147.105 Safari/537.36"
::1 - - [05/Aug/2020:10:36:35 +0000] "GET /undefined HTTP/1.1" 404 148 "http://localhost:8000/" "Mozilla/5.0 (Windows NT 10.0; Win64; x64) AppleWebKit/537.36 (KHTML, like Gecko) Chrome/84.0.4147.105 Safari/537.36"
::1 - - [05/Aug/2020:10:36:35 +0000] "GET /js/chat_engine.js HTTP/1.1" 404 156 "http://localhost:8000/" "Mozilla/5.0 (Windows NT 10.0; Win64; x64) AppleWebKit/537.36 (KHTML, like Gecko) Chrome/84.0.4147.105 Safari/537.36"
::1 - - [05/Aug/2020:10:36:35 +0000] "GET /js/chat_engine.js HTTP/1.1" 404 156 "http://localhost:8000/" "Mozilla/5.0 (Windows NT 10.0; Win64; x64) AppleWebKit/537.36 (KHTML, like Gecko) Chrome/84.0.4147.105 Safari/537.36"
::1 - - [07/Mar/2021:18:55:05 +0000] "GET / HTTP/1.1" 200 3542 "-" "Mozilla/5.0 (Windows NT 10.0; Win64; x64) AppleWebKit/537.36 (KHTML, like Gecko) Chrome/88.0.4324.190 Safari/537.36"
::1 - - [07/Mar/2021:18:55:06 +0000] "GET /css/layout-be7584bbc6.css HTTP/1.1" 200 335 "http://localhost:8000/" "Mozilla/5.0 (Windows NT 10.0; Win64; x64) AppleWebKit/537.36 (KHTML, like Gecko) Chrome/88.0.4324.190 Safari/537.36"
::1 - - [07/Mar/2021:18:55:06 +0000] "GET /css/post-add07d8186.css HTTP/1.1" 200 1168 "http://localhost:8000/" "Mozilla/5.0 (Windows NT 10.0; Win64; x64) AppleWebKit/537.36 (KHTML, like Gecko) Chrome/88.0.4324.190 Safari/537.36"
::1 - - [07/Mar/2021:18:55:06 +0000] "GET /css/chat_box-3aa9f1fb21.css HTTP/1.1" 200 1299 "http://localhost:8000/" "Mozilla/5.0 (Windows NT 10.0; Win64; x64) AppleWebKit/537.36 (KHTML, like Gecko) Chrome/88.0.4324.190 Safari/537.36"
::1 - - [07/Mar/2021:18:55:06 +0000] "GET /css/post.css HTTP/1.1" 404 151 "http://localhost:8000/" "Mozilla/5.0 (Windows NT 10.0; Win64; x64) AppleWebKit/537.36 (KHTML, like Gecko) Chrome/88.0.4324.190 Safari/537.36"
::1 - - [07/Mar/2021:18:55:06 +0000] "GET /css/chat_box.css HTTP/1.1" 404 155 "http://localhost:8000/" "Mozilla/5.0 (Windows NT 10.0; Win64; x64) AppleWebKit/537.36 (KHTML, like Gecko) Chrome/88.0.4324.190 Safari/537.36"
::1 - - [07/Mar/2021:18:55:06 +0000] "GET /css/layout.css HTTP/1.1" 404 153 "http://localhost:8000/" "Mozilla/5.0 (Windows NT 10.0; Win64; x64) AppleWebKit/537.36 (KHTML, like Gecko) Chrome/88.0.4324.190 Safari/537.36"
::1 - - [07/Mar/2021:18:55:06 +0000] "GET /js/chat_engine.js HTTP/1.1" 404 156 "http://localhost:8000/" "Mozilla/5.0 (Windows NT 10.0; Win64; x64) AppleWebKit/537.36 (KHTML, like Gecko) Chrome/88.0.4324.190 Safari/537.36"
::1 - - [07/Mar/2021:18:55:06 +0000] "GET /undefined HTTP/1.1" 404 148 "http://localhost:8000/" "Mozilla/5.0 (Windows NT 10.0; Win64; x64) AppleWebKit/537.36 (KHTML, like Gecko) Chrome/88.0.4324.190 Safari/537.36"
::1 - - [07/Mar/2021:18:55:07 +0000] "GET /css/post.css HTTP/1.1" 404 151 "http://localhost:8000/" "Mozilla/5.0 (Windows NT 10.0; Win64; x64) AppleWebKit/537.36 (KHTML, like Gecko) Chrome/88.0.4324.190 Safari/537.36"
::1 - - [07/Mar/2021:18:55:07 +0000] "GET /css/chat_box.css HTTP/1.1" 404 155 "http://localhost:8000/" "Mozilla/5.0 (Windows NT 10.0; Win64; x64) AppleWebKit/537.36 (KHTML, like Gecko) Chrome/88.0.4324.190 Safari/537.36"
::1 - - [07/Mar/2021:18:55:07 +0000] "GET /css/layout.css HTTP/1.1" 404 153 "http://localhost:8000/" "Mozilla/5.0 (Windows NT 10.0; Win64; x64) AppleWebKit/537.36 (KHTML, like Gecko) Chrome/88.0.4324.190 Safari/537.36"
::1 - - [07/Mar/2021:18:55:07 +0000] "GET /undefined HTTP/1.1" 404 148 "http://localhost:8000/" "Mozilla/5.0 (Windows NT 10.0; Win64; x64) AppleWebKit/537.36 (KHTML, like Gecko) Chrome/88.0.4324.190 Safari/537.36"
::1 - - [07/Mar/2021:18:55:07 +0000] "GET /js/chat_engine.js HTTP/1.1" 404 156 "http://localhost:8000/" "Mozilla/5.0 (Windows NT 10.0; Win64; x64) AppleWebKit/537.36 (KHTML, like Gecko) Chrome/88.0.4324.190 Safari/537.36"
::1 - - [07/Mar/2021:18:55:08 +0000] "GET /favicon.ico HTTP/1.1" 404 150 "http://localhost:8000/" "Mozilla/5.0 (Windows NT 10.0; Win64; x64) AppleWebKit/537.36 (KHTML, like Gecko) Chrome/88.0.4324.190 Safari/537.36"
::1 - - [07/Mar/2021:18:55:11 +0000] "GET /sign-in HTTP/1.1" 200 3745 "http://localhost:8000/" "Mozilla/5.0 (Windows NT 10.0; Win64; x64) AppleWebKit/537.36 (KHTML, like Gecko) Chrome/88.0.4324.190 Safari/537.36"
::1 - - [07/Mar/2021:18:55:11 +0000] "GET /css/log_in.css HTTP/1.1" 404 153 "http://localhost:8000/sign-in" "Mozilla/5.0 (Windows NT 10.0; Win64; x64) AppleWebKit/537.36 (KHTML, like Gecko) Chrome/88.0.4324.190 Safari/537.36"
::1 - - [07/Mar/2021:18:55:11 +0000] "GET /css/layout.css HTTP/1.1" 404 153 "http://localhost:8000/sign-in" "Mozilla/5.0 (Windows NT 10.0; Win64; x64) AppleWebKit/537.36 (KHTML, like Gecko) Chrome/88.0.4324.190 Safari/537.36"
::1 - - [07/Mar/2021:18:55:11 +0000] "GET /css/log_in-0e72285ac9.css HTTP/1.1" 200 2341 "http://localhost:8000/sign-in" "Mozilla/5.0 (Windows NT 10.0; Win64; x64) AppleWebKit/537.36 (KHTML, like Gecko) Chrome/88.0.4324.190 Safari/537.36"
::1 - - [07/Mar/2021:18:55:11 +0000] "GET /undefined HTTP/1.1" 404 148 "http://localhost:8000/sign-in" "Mozilla/5.0 (Windows NT 10.0; Win64; x64) AppleWebKit/537.36 (KHTML, like Gecko) Chrome/88.0.4324.190 Safari/537.36"
::1 - - [07/Mar/2021:18:55:11 +0000] "GET /css/layout-be7584bbc6.css HTTP/1.1" 304 - "http://localhost:8000/sign-in" "Mozilla/5.0 (Windows NT 10.0; Win64; x64) AppleWebKit/537.36 (KHTML, like Gecko) Chrome/88.0.4324.190 Safari/537.36"
::1 - - [07/Mar/2021:18:55:11 +0000] "GET /css/log_in.css HTTP/1.1" 404 153 "http://localhost:8000/sign-in" "Mozilla/5.0 (Windows NT 10.0; Win64; x64) AppleWebKit/537.36 (KHTML, like Gecko) Chrome/88.0.4324.190 Safari/537.36"
::1 - - [07/Mar/2021:18:55:11 +0000] "GET /css/layout.css HTTP/1.1" 404 153 "http://localhost:8000/sign-in" "Mozilla/5.0 (Windows NT 10.0; Win64; x64) AppleWebKit/537.36 (KHTML, like Gecko) Chrome/88.0.4324.190 Safari/537.36"
::1 - - [07/Mar/2021:18:55:11 +0000] "GET /undefined HTTP/1.1" 404 148 "http://localhost:8000/sign-in" "Mozilla/5.0 (Windows NT 10.0; Win64; x64) AppleWebKit/537.36 (KHTML, like Gecko) Chrome/88.0.4324.190 Safari/537.36"
::1 - - [07/Mar/2021:18:55:22 +0000] "GET /sign-up HTTP/1.1" 200 3354 "http://localhost:8000/sign-in" "Mozilla/5.0 (Windows NT 10.0; Win64; x64) AppleWebKit/537.36 (KHTML, like Gecko) Chrome/88.0.4324.190 Safari/537.36"
::1 - - [07/Mar/2021:18:55:22 +0000] "GET /css/layout-be7584bbc6.css HTTP/1.1" 304 - "http://localhost:8000/sign-up" "Mozilla/5.0 (Windows NT 10.0; Win64; x64) AppleWebKit/537.36 (KHTML, like Gecko) Chrome/88.0.4324.190 Safari/537.36"
::1 - - [07/Mar/2021:18:55:22 +0000] "GET /css/layout.css HTTP/1.1" 404 153 "http://localhost:8000/sign-up" "Mozilla/5.0 (Windows NT 10.0; Win64; x64) AppleWebKit/537.36 (KHTML, like Gecko) Chrome/88.0.4324.190 Safari/537.36"
::1 - - [07/Mar/2021:18:55:22 +0000] "GET /undefined HTTP/1.1" 404 148 "http://localhost:8000/sign-up" "Mozilla/5.0 (Windows NT 10.0; Win64; x64) AppleWebKit/537.36 (KHTML, like Gecko) Chrome/88.0.4324.190 Safari/537.36"
::1 - - [07/Mar/2021:18:55:22 +0000] "GET /css/layout.css HTTP/1.1" 404 153 "http://localhost:8000/sign-up" "Mozilla/5.0 (Windows NT 10.0; Win64; x64) AppleWebKit/537.36 (KHTML, like Gecko) Chrome/88.0.4324.190 Safari/537.36"
::1 - - [07/Mar/2021:18:55:22 +0000] "GET /undefined HTTP/1.1" 404 148 "http://localhost:8000/sign-up" "Mozilla/5.0 (Windows NT 10.0; Win64; x64) AppleWebKit/537.36 (KHTML, like Gecko) Chrome/88.0.4324.190 Safari/537.36"
::1 - - [07/Mar/2021:18:55:37 +0000] "POST /users/create HTTP/1.1" 302 60 "http://localhost:8000/sign-up" "Mozilla/5.0 (Windows NT 10.0; Win64; x64) AppleWebKit/537.36 (KHTML, like Gecko) Chrome/88.0.4324.190 Safari/537.36"
::1 - - [07/Mar/2021:18:55:37 +0000] "GET /sign-in HTTP/1.1" 304 - "http://localhost:8000/sign-up" "Mozilla/5.0 (Windows NT 10.0; Win64; x64) AppleWebKit/537.36 (KHTML, like Gecko) Chrome/88.0.4324.190 Safari/537.36"
::1 - - [07/Mar/2021:18:55:37 +0000] "GET /css/log_in-0e72285ac9.css HTTP/1.1" 304 - "http://localhost:8000/sign-in" "Mozilla/5.0 (Windows NT 10.0; Win64; x64) AppleWebKit/537.36 (KHTML, like Gecko) Chrome/88.0.4324.190 Safari/537.36"
::1 - - [07/Mar/2021:18:55:37 +0000] "GET /css/log_in.css HTTP/1.1" 404 153 "http://localhost:8000/sign-in" "Mozilla/5.0 (Windows NT 10.0; Win64; x64) AppleWebKit/537.36 (KHTML, like Gecko) Chrome/88.0.4324.190 Safari/537.36"
::1 - - [07/Mar/2021:18:55:37 +0000] "GET /css/layout-be7584bbc6.css HTTP/1.1" 304 - "http://localhost:8000/sign-in" "Mozilla/5.0 (Windows NT 10.0; Win64; x64) AppleWebKit/537.36 (KHTML, like Gecko) Chrome/88.0.4324.190 Safari/537.36"
::1 - - [07/Mar/2021:18:55:37 +0000] "GET /css/layout.css HTTP/1.1" 404 153 "http://localhost:8000/sign-in" "Mozilla/5.0 (Windows NT 10.0; Win64; x64) AppleWebKit/537.36 (KHTML, like Gecko) Chrome/88.0.4324.190 Safari/537.36"
::1 - - [07/Mar/2021:18:55:37 +0000] "GET /undefined HTTP/1.1" 404 148 "http://localhost:8000/sign-in" "Mozilla/5.0 (Windows NT 10.0; Win64; x64) AppleWebKit/537.36 (KHTML, like Gecko) Chrome/88.0.4324.190 Safari/537.36"
::1 - - [07/Mar/2021:18:55:37 +0000] "GET /css/log_in.css HTTP/1.1" 404 153 "http://localhost:8000/sign-in" "Mozilla/5.0 (Windows NT 10.0; Win64; x64) AppleWebKit/537.36 (KHTML, like Gecko) Chrome/88.0.4324.190 Safari/537.36"
::1 - - [07/Mar/2021:18:55:37 +0000] "GET /css/layout.css HTTP/1.1" 404 153 "http://localhost:8000/sign-in" "Mozilla/5.0 (Windows NT 10.0; Win64; x64) AppleWebKit/537.36 (KHTML, like Gecko) Chrome/88.0.4324.190 Safari/537.36"
::1 - - [07/Mar/2021:18:55:37 +0000] "GET /undefined HTTP/1.1" 404 148 "http://localhost:8000/sign-in" "Mozilla/5.0 (Windows NT 10.0; Win64; x64) AppleWebKit/537.36 (KHTML, like Gecko) Chrome/88.0.4324.190 Safari/537.36"
::1 - - [07/Mar/2021:18:55:44 +0000] "POST /users/create-session HTTP/1.1" 302 46 "http://localhost:8000/sign-in" "Mozilla/5.0 (Windows NT 10.0; Win64; x64) AppleWebKit/537.36 (KHTML, like Gecko) Chrome/88.0.4324.190 Safari/537.36"
::1 - - [07/Mar/2021:18:55:44 +0000] "GET / HTTP/1.1" 200 6219 "http://localhost:8000/sign-in" "Mozilla/5.0 (Windows NT 10.0; Win64; x64) AppleWebKit/537.36 (KHTML, like Gecko) Chrome/88.0.4324.190 Safari/537.36"
::1 - - [07/Mar/2021:18:55:44 +0000] "GET /css/post-add07d8186.css HTTP/1.1" 304 - "http://localhost:8000/" "Mozilla/5.0 (Windows NT 10.0; Win64; x64) AppleWebKit/537.36 (KHTML, like Gecko) Chrome/88.0.4324.190 Safari/537.36"
::1 - - [07/Mar/2021:18:55:44 +0000] "GET /css/chat_box-3aa9f1fb21.css HTTP/1.1" 304 - "http://localhost:8000/" "Mozilla/5.0 (Windows NT 10.0; Win64; x64) AppleWebKit/537.36 (KHTML, like Gecko) Chrome/88.0.4324.190 Safari/537.36"
::1 - - [07/Mar/2021:18:55:44 +0000] "GET /css/layout-be7584bbc6.css HTTP/1.1" 304 - "http://localhost:8000/" "Mozilla/5.0 (Windows NT 10.0; Win64; x64) AppleWebKit/537.36 (KHTML, like Gecko) Chrome/88.0.4324.190 Safari/537.36"
::1 - - [07/Mar/2021:18:55:44 +0000] "GET /css/post.css HTTP/1.1" 404 151 "http://localhost:8000/" "Mozilla/5.0 (Windows NT 10.0; Win64; x64) AppleWebKit/537.36 (KHTML, like Gecko) Chrome/88.0.4324.190 Safari/537.36"
::1 - - [07/Mar/2021:18:55:44 +0000] "GET /css/chat_box.css HTTP/1.1" 404 155 "http://localhost:8000/" "Mozilla/5.0 (Windows NT 10.0; Win64; x64) AppleWebKit/537.36 (KHTML, like Gecko) Chrome/88.0.4324.190 Safari/537.36"
::1 - - [07/Mar/2021:18:55:44 +0000] "GET /css/layout.css HTTP/1.1" 404 153 "http://localhost:8000/" "Mozilla/5.0 (Windows NT 10.0; Win64; x64) AppleWebKit/537.36 (KHTML, like Gecko) Chrome/88.0.4324.190 Safari/537.36"
::1 - - [07/Mar/2021:18:55:44 +0000] "GET /undefined HTTP/1.1" 404 148 "http://localhost:8000/" "Mozilla/5.0 (Windows NT 10.0; Win64; x64) AppleWebKit/537.36 (KHTML, like Gecko) Chrome/88.0.4324.190 Safari/537.36"
::1 - - [07/Mar/2021:18:55:44 +0000] "GET /js/chat_engine.js HTTP/1.1" 404 156 "http://localhost:8000/" "Mozilla/5.0 (Windows NT 10.0; Win64; x64) AppleWebKit/537.36 (KHTML, like Gecko) Chrome/88.0.4324.190 Safari/537.36"
::1 - - [07/Mar/2021:18:55:44 +0000] "GET /css/post.css HTTP/1.1" 404 151 "http://localhost:8000/" "Mozilla/5.0 (Windows NT 10.0; Win64; x64) AppleWebKit/537.36 (KHTML, like Gecko) Chrome/88.0.4324.190 Safari/537.36"
::1 - - [07/Mar/2021:18:55:44 +0000] "GET /css/chat_box.css HTTP/1.1" 404 155 "http://localhost:8000/" "Mozilla/5.0 (Windows NT 10.0; Win64; x64) AppleWebKit/537.36 (KHTML, like Gecko) Chrome/88.0.4324.190 Safari/537.36"
::1 - - [07/Mar/2021:18:55:44 +0000] "GET /css/layout.css HTTP/1.1" 404 153 "http://localhost:8000/" "Mozilla/5.0 (Windows NT 10.0; Win64; x64) AppleWebKit/537.36 (KHTML, like Gecko) Chrome/88.0.4324.190 Safari/537.36"
::1 - - [07/Mar/2021:18:55:44 +0000] "GET /undefined HTTP/1.1" 404 148 "http://localhost:8000/" "Mozilla/5.0 (Windows NT 10.0; Win64; x64) AppleWebKit/537.36 (KHTML, like Gecko) Chrome/88.0.4324.190 Safari/537.36"
::1 - - [07/Mar/2021:18:55:47 +0000] "GET /js/chat_engine.js HTTP/1.1" 404 156 "http://localhost:8000/" "Mozilla/5.0 (Windows NT 10.0; Win64; x64) AppleWebKit/537.36 (KHTML, like Gecko) Chrome/88.0.4324.190 Safari/537.36"
::1 - - [07/Mar/2021:18:55:57 +0000] "GET /users/profile/604521a9cf41fa53e05983e6 HTTP/1.1" 200 4484 "http://localhost:8000/" "Mozilla/5.0 (Windows NT 10.0; Win64; x64) AppleWebKit/537.36 (KHTML, like Gecko) Chrome/88.0.4324.190 Safari/537.36"
::1 - - [07/Mar/2021:18:55:57 +0000] "GET /css/user_profile.css HTTP/1.1" 404 159 "http://localhost:8000/users/profile/604521a9cf41fa53e05983e6" "Mozilla/5.0 (Windows NT 10.0; Win64; x64) AppleWebKit/537.36 (KHTML, like Gecko) Chrome/88.0.4324.190 Safari/537.36"
::1 - - [07/Mar/2021:18:55:57 +0000] "GET /css/user_profile-64c4e19758.css HTTP/1.1" 200 148 "http://localhost:8000/users/profile/604521a9cf41fa53e05983e6" "Mozilla/5.0 (Windows NT 10.0; Win64; x64) AppleWebKit/537.36 (KHTML, like Gecko) Chrome/88.0.4324.190 Safari/537.36"
::1 - - [07/Mar/2021:18:55:57 +0000] "GET /css/layout-be7584bbc6.css HTTP/1.1" 304 - "http://localhost:8000/users/profile/604521a9cf41fa53e05983e6" "Mozilla/5.0 (Windows NT 10.0; Win64; x64) AppleWebKit/537.36 (KHTML, like Gecko) Chrome/88.0.4324.190 Safari/537.36"
::1 - - [07/Mar/2021:18:55:57 +0000] "GET /css/layout.css HTTP/1.1" 404 153 "http://localhost:8000/users/profile/604521a9cf41fa53e05983e6" "Mozilla/5.0 (Windows NT 10.0; Win64; x64) AppleWebKit/537.36 (KHTML, like Gecko) Chrome/88.0.4324.190 Safari/537.36"
::1 - - [07/Mar/2021:18:55:57 +0000] "GET /undefined HTTP/1.1" 404 148 "http://localhost:8000/users/profile/604521a9cf41fa53e05983e6" "Mozilla/5.0 (Windows NT 10.0; Win64; x64) AppleWebKit/537.36 (KHTML, like Gecko) Chrome/88.0.4324.190 Safari/537.36"
::1 - - [07/Mar/2021:18:55:57 +0000] "GET /css/user_profile.css HTTP/1.1" 404 159 "http://localhost:8000/users/profile/604521a9cf41fa53e05983e6" "Mozilla/5.0 (Windows NT 10.0; Win64; x64) AppleWebKit/537.36 (KHTML, like Gecko) Chrome/88.0.4324.190 Safari/537.36"
::1 - - [07/Mar/2021:18:55:57 +0000] "GET /css/layout.css HTTP/1.1" 404 153 "http://localhost:8000/users/profile/604521a9cf41fa53e05983e6" "Mozilla/5.0 (Windows NT 10.0; Win64; x64) AppleWebKit/537.36 (KHTML, like Gecko) Chrome/88.0.4324.190 Safari/537.36"
::1 - - [07/Mar/2021:18:55:57 +0000] "GET /undefined HTTP/1.1" 404 148 "http://localhost:8000/users/profile/604521a9cf41fa53e05983e6" "Mozilla/5.0 (Windows NT 10.0; Win64; x64) AppleWebKit/537.36 (KHTML, like Gecko) Chrome/88.0.4324.190 Safari/537.36"
::1 - - [07/Mar/2021:18:55:59 +0000] "GET /users/friend-requests HTTP/1.1" 200 3429 "http://localhost:8000/users/profile/604521a9cf41fa53e05983e6" "Mozilla/5.0 (Windows NT 10.0; Win64; x64) AppleWebKit/537.36 (KHTML, like Gecko) Chrome/88.0.4324.190 Safari/537.36"
::1 - - [07/Mar/2021:18:55:59 +0000] "GET /css/layout-be7584bbc6.css HTTP/1.1" 304 - "http://localhost:8000/users/friend-requests" "Mozilla/5.0 (Windows NT 10.0; Win64; x64) AppleWebKit/537.36 (KHTML, like Gecko) Chrome/88.0.4324.190 Safari/537.36"
::1 - - [07/Mar/2021:18:55:59 +0000] "GET /css/layout.css HTTP/1.1" 404 153 "http://localhost:8000/users/friend-requests" "Mozilla/5.0 (Windows NT 10.0; Win64; x64) AppleWebKit/537.36 (KHTML, like Gecko) Chrome/88.0.4324.190 Safari/537.36"
::1 - - [07/Mar/2021:18:55:59 +0000] "GET /undefined HTTP/1.1" 404 148 "http://localhost:8000/users/friend-requests" "Mozilla/5.0 (Windows NT 10.0; Win64; x64) AppleWebKit/537.36 (KHTML, like Gecko) Chrome/88.0.4324.190 Safari/537.36"
::1 - - [07/Mar/2021:18:56:00 +0000] "GET /css/layout.css HTTP/1.1" 404 153 "http://localhost:8000/users/friend-requests" "Mozilla/5.0 (Windows NT 10.0; Win64; x64) AppleWebKit/537.36 (KHTML, like Gecko) Chrome/88.0.4324.190 Safari/537.36"
::1 - - [07/Mar/2021:18:56:00 +0000] "GET /undefined HTTP/1.1" 404 148 "http://localhost:8000/users/friend-requests" "Mozilla/5.0 (Windows NT 10.0; Win64; x64) AppleWebKit/537.36 (KHTML, like Gecko) Chrome/88.0.4324.190 Safari/537.36"
::1 - - [07/Mar/2021:18:56:01 +0000] "GET /users/profile/604521a9cf41fa53e05983e6 HTTP/1.1" 304 - "http://localhost:8000/users/friend-requests" "Mozilla/5.0 (Windows NT 10.0; Win64; x64) AppleWebKit/537.36 (KHTML, like Gecko) Chrome/88.0.4324.190 Safari/537.36"
::1 - - [07/Mar/2021:18:56:01 +0000] "GET /css/user_profile-64c4e19758.css HTTP/1.1" 304 - "http://localhost:8000/users/profile/604521a9cf41fa53e05983e6" "Mozilla/5.0 (Windows NT 10.0; Win64; x64) AppleWebKit/537.36 (KHTML, like Gecko) Chrome/88.0.4324.190 Safari/537.36"
::1 - - [07/Mar/2021:18:56:01 +0000] "GET /css/layout-be7584bbc6.css HTTP/1.1" 304 - "http://localhost:8000/users/profile/604521a9cf41fa53e05983e6" "Mozilla/5.0 (Windows NT 10.0; Win64; x64) AppleWebKit/537.36 (KHTML, like Gecko) Chrome/88.0.4324.190 Safari/537.36"
::1 - - [07/Mar/2021:18:56:01 +0000] "GET /css/user_profile.css HTTP/1.1" 404 159 "http://localhost:8000/users/profile/604521a9cf41fa53e05983e6" "Mozilla/5.0 (Windows NT 10.0; Win64; x64) AppleWebKit/537.36 (KHTML, like Gecko) Chrome/88.0.4324.190 Safari/537.36"
::1 - - [07/Mar/2021:18:56:01 +0000] "GET /css/layout.css HTTP/1.1" 404 153 "http://localhost:8000/users/profile/604521a9cf41fa53e05983e6" "Mozilla/5.0 (Windows NT 10.0; Win64; x64) AppleWebKit/537.36 (KHTML, like Gecko) Chrome/88.0.4324.190 Safari/537.36"
::1 - - [07/Mar/2021:18:56:01 +0000] "GET /undefined HTTP/1.1" 404 148 "http://localhost:8000/users/profile/604521a9cf41fa53e05983e6" "Mozilla/5.0 (Windows NT 10.0; Win64; x64) AppleWebKit/537.36 (KHTML, like Gecko) Chrome/88.0.4324.190 Safari/537.36"
::1 - - [07/Mar/2021:18:56:01 +0000] "GET /css/user_profile.css HTTP/1.1" 404 159 "http://localhost:8000/users/profile/604521a9cf41fa53e05983e6" "Mozilla/5.0 (Windows NT 10.0; Win64; x64) AppleWebKit/537.36 (KHTML, like Gecko) Chrome/88.0.4324.190 Safari/537.36"
::1 - - [07/Mar/2021:18:56:01 +0000] "GET /css/layout.css HTTP/1.1" 404 153 "http://localhost:8000/users/profile/604521a9cf41fa53e05983e6" "Mozilla/5.0 (Windows NT 10.0; Win64; x64) AppleWebKit/537.36 (KHTML, like Gecko) Chrome/88.0.4324.190 Safari/537.36"
::1 - - [07/Mar/2021:18:56:01 +0000] "GET /undefined HTTP/1.1" 404 148 "http://localhost:8000/users/profile/604521a9cf41fa53e05983e6" "Mozilla/5.0 (Windows NT 10.0; Win64; x64) AppleWebKit/537.36 (KHTML, like Gecko) Chrome/88.0.4324.190 Safari/537.36"
::1 - - [07/Mar/2021:18:56:02 +0000] "GET / HTTP/1.1" 200 6001 "http://localhost:8000/users/profile/604521a9cf41fa53e05983e6" "Mozilla/5.0 (Windows NT 10.0; Win64; x64) AppleWebKit/537.36 (KHTML, like Gecko) Chrome/88.0.4324.190 Safari/537.36"
::1 - - [07/Mar/2021:18:56:02 +0000] "GET /css/post-add07d8186.css HTTP/1.1" 304 - "http://localhost:8000/" "Mozilla/5.0 (Windows NT 10.0; Win64; x64) AppleWebKit/537.36 (KHTML, like Gecko) Chrome/88.0.4324.190 Safari/537.36"
::1 - - [07/Mar/2021:18:56:02 +0000] "GET /css/chat_box-3aa9f1fb21.css HTTP/1.1" 304 - "http://localhost:8000/" "Mozilla/5.0 (Windows NT 10.0; Win64; x64) AppleWebKit/537.36 (KHTML, like Gecko) Chrome/88.0.4324.190 Safari/537.36"
::1 - - [07/Mar/2021:18:56:02 +0000] "GET /css/post.css HTTP/1.1" 404 151 "http://localhost:8000/" "Mozilla/5.0 (Windows NT 10.0; Win64; x64) AppleWebKit/537.36 (KHTML, like Gecko) Chrome/88.0.4324.190 Safari/537.36"
::1 - - [07/Mar/2021:18:56:02 +0000] "GET /css/layout-be7584bbc6.css HTTP/1.1" 304 - "http://localhost:8000/" "Mozilla/5.0 (Windows NT 10.0; Win64; x64) AppleWebKit/537.36 (KHTML, like Gecko) Chrome/88.0.4324.190 Safari/537.36"
::1 - - [07/Mar/2021:18:56:02 +0000] "GET /css/chat_box.css HTTP/1.1" 404 155 "http://localhost:8000/" "Mozilla/5.0 (Windows NT 10.0; Win64; x64) AppleWebKit/537.36 (KHTML, like Gecko) Chrome/88.0.4324.190 Safari/537.36"
::1 - - [07/Mar/2021:18:56:02 +0000] "GET /css/layout.css HTTP/1.1" 404 153 "http://localhost:8000/" "Mozilla/5.0 (Windows NT 10.0; Win64; x64) AppleWebKit/537.36 (KHTML, like Gecko) Chrome/88.0.4324.190 Safari/537.36"
::1 - - [07/Mar/2021:18:56:03 +0000] "GET /undefined HTTP/1.1" 404 148 "http://localhost:8000/" "Mozilla/5.0 (Windows NT 10.0; Win64; x64) AppleWebKit/537.36 (KHTML, like Gecko) Chrome/88.0.4324.190 Safari/537.36"
::1 - - [07/Mar/2021:18:56:03 +0000] "GET /js/chat_engine.js HTTP/1.1" 404 156 "http://localhost:8000/" "Mozilla/5.0 (Windows NT 10.0; Win64; x64) AppleWebKit/537.36 (KHTML, like Gecko) Chrome/88.0.4324.190 Safari/537.36"
::1 - - [07/Mar/2021:18:56:03 +0000] "GET /css/post.css HTTP/1.1" 404 151 "http://localhost:8000/" "Mozilla/5.0 (Windows NT 10.0; Win64; x64) AppleWebKit/537.36 (KHTML, like Gecko) Chrome/88.0.4324.190 Safari/537.36"
::1 - - [07/Mar/2021:18:56:03 +0000] "GET /css/chat_box.css HTTP/1.1" 404 155 "http://localhost:8000/" "Mozilla/5.0 (Windows NT 10.0; Win64; x64) AppleWebKit/537.36 (KHTML, like Gecko) Chrome/88.0.4324.190 Safari/537.36"
::1 - - [07/Mar/2021:18:56:03 +0000] "GET /css/layout.css HTTP/1.1" 404 153 "http://localhost:8000/" "Mozilla/5.0 (Windows NT 10.0; Win64; x64) AppleWebKit/537.36 (KHTML, like Gecko) Chrome/88.0.4324.190 Safari/537.36"
::1 - - [07/Mar/2021:18:56:03 +0000] "GET /undefined HTTP/1.1" 404 148 "http://localhost:8000/" "Mozilla/5.0 (Windows NT 10.0; Win64; x64) AppleWebKit/537.36 (KHTML, like Gecko) Chrome/88.0.4324.190 Safari/537.36"
::1 - - [07/Mar/2021:18:56:03 +0000] "GET /js/chat_engine.js HTTP/1.1" 404 156 "http://localhost:8000/" "Mozilla/5.0 (Windows NT 10.0; Win64; x64) AppleWebKit/537.36 (KHTML, like Gecko) Chrome/88.0.4324.190 Safari/537.36"
::1 - - [07/Mar/2021:18:56:05 +0000] "GET /users/sign-out HTTP/1.1" 302 46 "http://localhost:8000/" "Mozilla/5.0 (Windows NT 10.0; Win64; x64) AppleWebKit/537.36 (KHTML, like Gecko) Chrome/88.0.4324.190 Safari/537.36"
::1 - - [07/Mar/2021:18:56:05 +0000] "GET / HTTP/1.1" 200 3761 "http://localhost:8000/" "Mozilla/5.0 (Windows NT 10.0; Win64; x64) AppleWebKit/537.36 (KHTML, like Gecko) Chrome/88.0.4324.190 Safari/537.36"
::1 - - [07/Mar/2021:18:56:05 +0000] "GET /css/post.css HTTP/1.1" 404 151 "http://localhost:8000/" "Mozilla/5.0 (Windows NT 10.0; Win64; x64) AppleWebKit/537.36 (KHTML, like Gecko) Chrome/88.0.4324.190 Safari/537.36"
::1 - - [07/Mar/2021:18:56:05 +0000] "GET /js/chat_engine.js HTTP/1.1" 404 156 "http://localhost:8000/" "Mozilla/5.0 (Windows NT 10.0; Win64; x64) AppleWebKit/537.36 (KHTML, like Gecko) Chrome/88.0.4324.190 Safari/537.36"
::1 - - [07/Mar/2021:18:56:05 +0000] "GET /css/post-add07d8186.css HTTP/1.1" 304 - "http://localhost:8000/" "Mozilla/5.0 (Windows NT 10.0; Win64; x64) AppleWebKit/537.36 (KHTML, like Gecko) Chrome/88.0.4324.190 Safari/537.36"
::1 - - [07/Mar/2021:18:56:05 +0000] "GET /css/chat_box-3aa9f1fb21.css HTTP/1.1" 304 - "http://localhost:8000/" "Mozilla/5.0 (Windows NT 10.0; Win64; x64) AppleWebKit/537.36 (KHTML, like Gecko) Chrome/88.0.4324.190 Safari/537.36"
::1 - - [07/Mar/2021:18:56:05 +0000] "GET /css/chat_box.css HTTP/1.1" 404 155 "http://localhost:8000/" "Mozilla/5.0 (Windows NT 10.0; Win64; x64) AppleWebKit/537.36 (KHTML, like Gecko) Chrome/88.0.4324.190 Safari/537.36"
::1 - - [07/Mar/2021:18:56:05 +0000] "GET /css/layout-be7584bbc6.css HTTP/1.1" 304 - "http://localhost:8000/" "Mozilla/5.0 (Windows NT 10.0; Win64; x64) AppleWebKit/537.36 (KHTML, like Gecko) Chrome/88.0.4324.190 Safari/537.36"
::1 - - [07/Mar/2021:18:56:05 +0000] "GET /css/layout.css HTTP/1.1" 404 153 "http://localhost:8000/" "Mozilla/5.0 (Windows NT 10.0; Win64; x64) AppleWebKit/537.36 (KHTML, like Gecko) Chrome/88.0.4324.190 Safari/537.36"
::1 - - [07/Mar/2021:18:56:05 +0000] "GET /undefined HTTP/1.1" 404 148 "http://localhost:8000/" "Mozilla/5.0 (Windows NT 10.0; Win64; x64) AppleWebKit/537.36 (KHTML, like Gecko) Chrome/88.0.4324.190 Safari/537.36"
::1 - - [07/Mar/2021:18:56:05 +0000] "GET /css/post.css HTTP/1.1" 404 151 "http://localhost:8000/" "Mozilla/5.0 (Windows NT 10.0; Win64; x64) AppleWebKit/537.36 (KHTML, like Gecko) Chrome/88.0.4324.190 Safari/537.36"
::1 - - [07/Mar/2021:18:56:05 +0000] "GET /css/chat_box.css HTTP/1.1" 404 155 "http://localhost:8000/" "Mozilla/5.0 (Windows NT 10.0; Win64; x64) AppleWebKit/537.36 (KHTML, like Gecko) Chrome/88.0.4324.190 Safari/537.36"
::1 - - [07/Mar/2021:18:56:05 +0000] "GET /css/layout.css HTTP/1.1" 404 153 "http://localhost:8000/" "Mozilla/5.0 (Windows NT 10.0; Win64; x64) AppleWebKit/537.36 (KHTML, like Gecko) Chrome/88.0.4324.190 Safari/537.36"
::1 - - [07/Mar/2021:18:56:05 +0000] "GET /undefined HTTP/1.1" 404 148 "http://localhost:8000/" "Mozilla/5.0 (Windows NT 10.0; Win64; x64) AppleWebKit/537.36 (KHTML, like Gecko) Chrome/88.0.4324.190 Safari/537.36"
::1 - - [07/Mar/2021:18:56:05 +0000] "GET /js/chat_engine.js HTTP/1.1" 404 156 "http://localhost:8000/" "Mozilla/5.0 (Windows NT 10.0; Win64; x64) AppleWebKit/537.36 (KHTML, like Gecko) Chrome/88.0.4324.190 Safari/537.36"
::1 - - [07/Mar/2021:18:56:09 +0000] "GET / HTTP/1.1" 200 3542 "http://localhost:8000/" "Mozilla/5.0 (Windows NT 10.0; Win64; x64) AppleWebKit/537.36 (KHTML, like Gecko) Chrome/88.0.4324.190 Safari/537.36"
::1 - - [07/Mar/2021:18:56:09 +0000] "GET /css/post.css HTTP/1.1" 404 151 "http://localhost:8000/" "Mozilla/5.0 (Windows NT 10.0; Win64; x64) AppleWebKit/537.36 (KHTML, like Gecko) Chrome/88.0.4324.190 Safari/537.36"
::1 - - [07/Mar/2021:18:56:09 +0000] "GET /css/chat_box.css HTTP/1.1" 404 155 "http://localhost:8000/" "Mozilla/5.0 (Windows NT 10.0; Win64; x64) AppleWebKit/537.36 (KHTML, like Gecko) Chrome/88.0.4324.190 Safari/537.36"
::1 - - [07/Mar/2021:18:56:09 +0000] "GET /css/layout.css HTTP/1.1" 404 153 "http://localhost:8000/" "Mozilla/5.0 (Windows NT 10.0; Win64; x64) AppleWebKit/537.36 (KHTML, like Gecko) Chrome/88.0.4324.190 Safari/537.36"
::1 - - [07/Mar/2021:18:56:09 +0000] "GET /css/post-add07d8186.css HTTP/1.1" 304 - "http://localhost:8000/" "Mozilla/5.0 (Windows NT 10.0; Win64; x64) AppleWebKit/537.36 (KHTML, like Gecko) Chrome/88.0.4324.190 Safari/537.36"
::1 - - [07/Mar/2021:18:56:09 +0000] "GET /css/chat_box-3aa9f1fb21.css HTTP/1.1" 304 - "http://localhost:8000/" "Mozilla/5.0 (Windows NT 10.0; Win64; x64) AppleWebKit/537.36 (KHTML, like Gecko) Chrome/88.0.4324.190 Safari/537.36"
::1 - - [07/Mar/2021:18:56:09 +0000] "GET /js/chat_engine.js HTTP/1.1" 404 156 "http://localhost:8000/" "Mozilla/5.0 (Windows NT 10.0; Win64; x64) AppleWebKit/537.36 (KHTML, like Gecko) Chrome/88.0.4324.190 Safari/537.36"
::1 - - [07/Mar/2021:18:56:09 +0000] "GET /css/layout-be7584bbc6.css HTTP/1.1" 304 - "http://localhost:8000/" "Mozilla/5.0 (Windows NT 10.0; Win64; x64) AppleWebKit/537.36 (KHTML, like Gecko) Chrome/88.0.4324.190 Safari/537.36"
::1 - - [07/Mar/2021:18:56:09 +0000] "GET /undefined HTTP/1.1" 404 148 "http://localhost:8000/" "Mozilla/5.0 (Windows NT 10.0; Win64; x64) AppleWebKit/537.36 (KHTML, like Gecko) Chrome/88.0.4324.190 Safari/537.36"
::1 - - [07/Mar/2021:18:56:09 +0000] "GET /css/post.css HTTP/1.1" 404 151 "http://localhost:8000/" "Mozilla/5.0 (Windows NT 10.0; Win64; x64) AppleWebKit/537.36 (KHTML, like Gecko) Chrome/88.0.4324.190 Safari/537.36"
::1 - - [07/Mar/2021:18:56:09 +0000] "GET /css/chat_box.css HTTP/1.1" 404 155 "http://localhost:8000/" "Mozilla/5.0 (Windows NT 10.0; Win64; x64) AppleWebKit/537.36 (KHTML, like Gecko) Chrome/88.0.4324.190 Safari/537.36"
::1 - - [07/Mar/2021:18:56:09 +0000] "GET /css/layout.css HTTP/1.1" 404 153 "http://localhost:8000/" "Mozilla/5.0 (Windows NT 10.0; Win64; x64) AppleWebKit/537.36 (KHTML, like Gecko) Chrome/88.0.4324.190 Safari/537.36"
::1 - - [07/Mar/2021:18:56:09 +0000] "GET /undefined HTTP/1.1" 404 148 "http://localhost:8000/" "Mozilla/5.0 (Windows NT 10.0; Win64; x64) AppleWebKit/537.36 (KHTML, like Gecko) Chrome/88.0.4324.190 Safari/537.36"
::1 - - [07/Mar/2021:18:56:09 +0000] "GET /js/chat_engine.js HTTP/1.1" 404 156 "http://localhost:8000/" "Mozilla/5.0 (Windows NT 10.0; Win64; x64) AppleWebKit/537.36 (KHTML, like Gecko) Chrome/88.0.4324.190 Safari/537.36"
::1 - - [07/Mar/2021:18:56:11 +0000] "GET /sign-up HTTP/1.1" 304 - "http://localhost:8000/" "Mozilla/5.0 (Windows NT 10.0; Win64; x64) AppleWebKit/537.36 (KHTML, like Gecko) Chrome/88.0.4324.190 Safari/537.36"
::1 - - [07/Mar/2021:18:56:11 +0000] "GET /css/layout-be7584bbc6.css HTTP/1.1" 304 - "http://localhost:8000/sign-up" "Mozilla/5.0 (Windows NT 10.0; Win64; x64) AppleWebKit/537.36 (KHTML, like Gecko) Chrome/88.0.4324.190 Safari/537.36"
::1 - - [07/Mar/2021:18:56:11 +0000] "GET /css/layout.css HTTP/1.1" 404 153 "http://localhost:8000/sign-up" "Mozilla/5.0 (Windows NT 10.0; Win64; x64) AppleWebKit/537.36 (KHTML, like Gecko) Chrome/88.0.4324.190 Safari/537.36"
::1 - - [07/Mar/2021:18:56:11 +0000] "GET /undefined HTTP/1.1" 404 148 "http://localhost:8000/sign-up" "Mozilla/5.0 (Windows NT 10.0; Win64; x64) AppleWebKit/537.36 (KHTML, like Gecko) Chrome/88.0.4324.190 Safari/537.36"
::1 - - [07/Mar/2021:18:56:11 +0000] "GET /css/layout.css HTTP/1.1" 404 153 "http://localhost:8000/sign-up" "Mozilla/5.0 (Windows NT 10.0; Win64; x64) AppleWebKit/537.36 (KHTML, like Gecko) Chrome/88.0.4324.190 Safari/537.36"
::1 - - [07/Mar/2021:18:56:11 +0000] "GET /undefined HTTP/1.1" 404 148 "http://localhost:8000/sign-up" "Mozilla/5.0 (Windows NT 10.0; Win64; x64) AppleWebKit/537.36 (KHTML, like Gecko) Chrome/88.0.4324.190 Safari/537.36"
[0mGET /css/layout.css [32m200[0m 113.578 ms - 335[0m
[0mGET /css/header.css [33m404[0m 51.630 ms - 153[0m
[0mGET /js/chat_engine.js [32m200[0m 160.266 ms - 1796[0m
[0mGET /js/home_posts.js [32m200[0m 217.400 ms - 2402[0m
[0mGET /upload/users/avatars/avatar-1624178448284 [33m404[0m 9.957 ms - 180[0m
[0mGET /upload/users/avatars/avatar-1624173248683 [33m404[0m 13.842 ms - 180[0m
[0mGET /js/toggle_likes.js [33m404[0m 9.526 ms - 157[0m
[0mGET / [32m200[0m 442.217 ms - 11962[0m
[0mGET /css/comment.css [32m200[0m 35.570 ms - 195[0m
[0mGET /css/header.css [33m404[0m 19.123 ms - 153[0m
[0mGET /css/chat_box.css [36m304[0m 17.526 ms - -[0m
[0mGET /js/chat_engine.js [36m304[0m 1.823 ms - -[0m
[0mGET /css/header.css [33m404[0m 12.729 ms - 153[0m
[0mGET /css/footer.css [33m404[0m 14.841 ms - 153[0m
[0mGET /upload/users/avatars/avatar-1624178545817 [33m404[0m 27.825 ms - 180[0m
[0mGET /upload/users/avatars/avatar-1624178448284 [33m404[0m 23.281 ms - 180[0m
[0mGET /sign-in [32m200[0m 57.794 ms - 3729[0m
[0mGET /css/layout.css [36m304[0m 9.118 ms - -[0m
[0mGET /css/header.css [33m404[0m 16.068 ms - 153[0m
[0mGET /css/footer.css [33m404[0m 24.072 ms - 153[0m
[0mGET /css/log_in.css [32m200[0m 193.045 ms - 2341[0m
[0mPOST /users/create-session [36m302[0m 97.519 ms - 46[0m
[0mGET / [32m200[0m 142.372 ms - 19211[0m
[0mGET /css/post.css [36m304[0m 6.494 ms - -[0m
[0mGET /css/comment.css [36m304[0m 3.805 ms - -[0m
[0mGET /css/chat_box.css [36m304[0m 3.540 ms - -[0m
[0mGET /css/layout.css [36m304[0m 2.850 ms - -[0m
[0mGET /css/header.css [33m404[0m 32.228 ms - 153[0m
[0mGET /css/footer.css [33m404[0m 32.690 ms - 153[0m
[0mGET /js/chat_engine.js [36m304[0m 5.266 ms - -[0m
[0mGET /upload/users/avatars/avatar-1624178545817 [33m404[0m 25.541 ms - 180[0m
[0mGET /upload/users/avatars/avatar-1624178448284 [33m404[0m 31.232 ms - 180[0m
[0mPOST /posts/create-Post [36m302[0m 196.762 ms - 88[0m
[0mGET / [32m200[0m 136.323 ms - 19214[0m
[0mGET /css/post.css [36m304[0m 2.039 ms - -[0m
[0mGET /css/comment.css [36m304[0m 2.501 ms - -[0m
[0mGET /css/chat_box.css [36m304[0m 1.603 ms - -[0m
[0mGET /css/layout.css [36m304[0m 2.044 ms - -[0m
[0mGET /css/header.css [33m404[0m 33.261 ms - 153[0m
[0mGET /css/footer.css [33m404[0m 39.005 ms - 153[0m
[0mGET /js/chat_engine.js [36m304[0m 3.234 ms - -[0m
[0mGET /upload/users/avatars/avatar-1624178545817 [33m404[0m 17.142 ms - 180[0m
[0mGET /css/header.css [33m404[0m 32.068 ms - 153[0m
[0mGET /upload/users/avatars/avatar-1624178448284 [33m404[0m 46.860 ms - 180[0m
[0mGET /users/profile/60c8b8d613e0bc43cc94c362 [32m200[0m 82.522 ms - 4542[0m
[0mGET /css/user_profile.css [32m200[0m 6.355 ms - 148[0m
[0mGET /users/profile/css/user_profile.css [33m404[0m 30.756 ms - 173[0m
[0mGET /css/layout.css [36m304[0m 8.720 ms - -[0m
[0mGET /users/profile/css/layout.css [33m404[0m 48.514 ms - 167[0m
[0mGET /users/profile/css/header.css [33m404[0m 62.568 ms - 167[0m
[0mGET /users/profile/css/footer.css [33m404[0m 63.985 ms - 167[0m
[0mGET /upload/users/avatars/avatar-1624178448284 [33m404[0m 16.368 ms - 180[0m
[0mGET / [32m200[0m 143.089 ms - 18993[0m
[0mGET /css/post.css [36m304[0m 5.694 ms - -[0m
[0mGET /css/comment.css [36m304[0m 8.043 ms - -[0m
[0mGET /css/chat_box.css [36m304[0m 1.919 ms - -[0m
[0mGET /css/layout.css [36m304[0m 3.992 ms - -[0m
[0mGET /css/header.css [33m404[0m 25.057 ms - 153[0m
[0mGET /css/footer.css [33m404[0m 27.079 ms - 153[0m
[0mGET /js/chat_engine.js [36m304[0m 1.400 ms - -[0m
[0mGET /upload/users/avatars/avatar-1624178545817 [33m404[0m 28.990 ms - 180[0m
[0mGET /upload/users/avatars/avatar-1624178448284 [33m404[0m 28.476 ms - 180[0m
[0mPOST /posts/create-Post [36m302[0m 29.415 ms - 88[0m
[0mGET / [32m200[0m 160.436 ms - 19214[0m
[0mGET /css/post.css [36m304[0m 3.042 ms - -[0m
[0mGET /css/comment.css [36m304[0m 1.953 ms - -[0m
[0mGET /css/chat_box.css [36m304[0m 1.424 ms - -[0m
[0mGET /css/layout.css [36m304[0m 5.604 ms - -[0m
[0mGET /css/header.css [33m404[0m 38.684 ms - 153[0m
[0mGET /css/footer.css [33m404[0m 35.714 ms - 153[0m
[0mGET /js/chat_engine.js [36m304[0m 1.106 ms - -[0m
[0mGET /upload/users/avatars/avatar-1624178545817 [33m404[0m 24.331 ms - 180[0m
[0mGET /css/header.css [33m404[0m 39.316 ms - 153[0m
[0mGET /upload/users/avatars/avatar-1624178448284 [33m404[0m 57.963 ms - 180[0m
[0mGET /likes/toggle/?id=60cf0399daa5c830606cbb8d&type=Comment [36m302[0m 60.638 ms - 46[0m
[0mGET / [32m200[0m 110.546 ms - 19234[0m
[0mGET /css/post.css [36m304[0m 3.418 ms - -[0m
[0mGET /css/comment.css [36m304[0m 3.144 ms - -[0m
[0mGET /css/chat_box.css [36m304[0m 6.483 ms - -[0m
[0mGET /css/layout.css [36m304[0m 12.714 ms - -[0m
[0mGET /css/header.css [33m404[0m 45.538 ms - 153[0m
[0mGET /css/footer.css [33m404[0m 36.074 ms - 153[0m
[0mGET /js/chat_engine.js [36m304[0m 6.164 ms - -[0m
[0mGET /upload/users/avatars/avatar-1624178545817 [33m404[0m 28.809 ms - 180[0m
[0mGET /upload/users/avatars/avatar-1624178448284 [33m404[0m 35.622 ms - 180[0m
[0mGET /likes/toggle/?id=60cf03e5daa5c830606cbb91&type=Post [36m302[0m 52.333 ms - 46[0m
[0mGET / [36m304[0m 101.529 ms - -[0m
[0mGET /css/post.css [36m304[0m 3.861 ms - -[0m
[0mGET /css/comment.css [36m304[0m 1.516 ms - -[0m
[0mGET /css/chat_box.css [36m304[0m 4.174 ms - -[0m
[0mGET /css/layout.css [36m304[0m 10.784 ms - -[0m
[0mGET /css/header.css [33m404[0m 23.642 ms - 153[0m
[0mGET /css/footer.css [33m404[0m 31.855 ms - 153[0m
[0mGET /js/chat_engine.js [36m304[0m 1.269 ms - -[0m
[0mGET /upload/users/avatars/avatar-1624178545817 [33m404[0m 21.476 ms - 180[0m
[0mGET /css/header.css [33m404[0m 14.961 ms - 153[0m
[0mGET /css/footer.css [33m404[0m 27.132 ms - 153[0m
[0mGET /upload/users/avatars/avatar-1624178448284 [33m404[0m 31.426 ms - 180[0m
[0mPOST /comments/create [36m302[0m 212.663 ms - 88[0m
[0mGET / [32m200[0m 101.412 ms - 20115[0m
[0mGET /css/post.css [36m304[0m 17.050 ms - -[0m
[0mGET /css/comment.css [36m304[0m 12.159 ms - -[0m
[0mGET /css/layout.css [36m304[0m 14.614 ms - -[0m
[0mGET /css/header.css [33m404[0m 58.109 ms - 153[0m
[0mGET /css/footer.css [33m404[0m 48.610 ms - 153[0m
[0mGET /js/chat_engine.js [36m304[0m 6.318 ms - -[0m
[0mGET /upload/users/avatars/avatar-1624178545817 [33m404[0m 27.217 ms - 180[0m
[0mGET /upload/users/avatars/avatar-1624178448284 [33m404[0m 30.832 ms - 180[0m
[0mGET /users/friends [32m200[0m 71.353 ms - 3425[0m
[0mGET /css/layout.css [36m304[0m 2.335 ms - -[0m
[0mGET /users/css/layout.css [33m404[0m 29.090 ms - 159[0m
[0mGET /users/css/header.css [33m404[0m 18.575 ms - 159[0m
[0mGET /users/css/footer.css [33m404[0m 20.629 ms - 159[0m
[0mGET /users/css/layout.css [33m404[0m 29.655 ms - 159[0m
[0mGET /users/css/header.css [33m404[0m 30.967 ms - 159[0m
[0mGET /users/profile/60c8b8d613e0bc43cc94c362 [36m304[0m 27.386 ms - -[0m
[0mGET /css/user_profile.css [36m304[0m 12.394 ms - -[0m
[0mGET /css/layout.css [36m304[0m 11.462 ms - -[0m
[0mGET /users/profile/css/user_profile.css [33m404[0m 48.688 ms - 173[0m
[0mGET /users/profile/css/header.css [33m404[0m 58.618 ms - 167[0m
[0mGET /users/profile/css/footer.css [33m404[0m 67.276 ms - 167[0m
[0mGET /upload/users/avatars/avatar-1624178448284 [33m404[0m 16.008 ms - 180[0m
[0mGET /users/profile/css/user_profile.css [33m404[0m 38.979 ms - 173[0m
[0mGET /users/profile/css/layout.css [33m404[0m 44.921 ms - 167[0m
[0mGET /users/profile/css/header.css [33m404[0m 47.437 ms - 167[0m
[0mGET /users/profile/css/footer.css [33m404[0m 52.693 ms - 167[0m
[0mGET /users/friend-requests [32m200[0m 63.383 ms - 3414[0m
[0mGET /css/layout.css [36m304[0m 8.331 ms - -[0m
[0mGET /users/css/layout.css [33m404[0m 40.422 ms - 159[0m
[0mGET /users/css/header.css [33m404[0m 55.766 ms - 159[0m
[0mGET /users/friend-requests [36m304[0m 29.392 ms - -[0m
[0mGET /css/layout.css [36m304[0m 3.576 ms - -[0m
[0mGET /users/css/header.css [33m404[0m 46.851 ms - 159[0m
[0mGET /users/css/layout.css [33m404[0m 52.419 ms - 159[0m
[0mGET /users/css/layout.css [33m404[0m 27.881 ms - 159[0m
[0mGET /users/css/header.css [33m404[0m 34.492 ms - 159[0m
[0mGET /users/css/footer.css [33m404[0m 34.457 ms - 159[0m
[0mGET /friends/all [32m200[0m 60.943 ms - 5004[0m
[0mGET /css/all_friend.css [32m200[0m 12.875 ms - 95[0m
[0mGET /friends/css/all_friend.css [33m404[0m 28.049 ms - 165[0m
[0mGET /css/layout.css [36m304[0m 10.365 ms - -[0m
[0mGET /friends/css/header.css [33m404[0m 67.088 ms - 161[0m
[0mGET /friends/css/layout.css [33m404[0m 73.103 ms - 161[0m
[0mGET /upload/users/avatars/avatar-1624178448284 [33m404[0m 92.875 ms - 180[0m
[0mGET /upload/users/avatars/avatar-1624173248683 [33m404[0m 92.258 ms - 180[0m
[0mGET /users/profile/60c612d13d4da21de848c0fe [32m200[0m 35.037 ms - 4227[0m
[0mGET /css/user_profile.css [36m304[0m 11.636 ms - -[0m
[0mGET /css/layout.css [36m304[0m 16.547 ms - -[0m
[0mGET /users/profile/css/user_profile.css [33m404[0m 61.050 ms - 173[0m
[0mGET /users/profile/css/footer.css [33m404[0m 84.678 ms - 167[0m
[0mGET /friends/toggle-friend/60c612d13d4da21de848c0fe [36m302[0m 1202.390 ms - 164[0m
[0mGET /users/profile/60c612d13d4da21de848c0fe [32m200[0m 36.290 ms - 4442[0m
[0mGET /css/user_profile.css [36m304[0m 10.021 ms - -[0m
[0mGET /css/layout.css [36m304[0m 7.633 ms - -[0m
[0mGET /users/profile/css/user_profile.css [33m404[0m 53.770 ms - 173[0m
[0mGET /users/profile/css/layout.css [33m404[0m 73.999 ms - 167[0m
[0mGET /users/profile/css/header.css [33m404[0m 62.787 ms - 167[0m
[0mGET /users/sign-out [36m302[0m 19.913 ms - 46[0m
[0mGET / [32m200[0m 115.026 ms - 12916[0m
[0mGET /css/post.css [36m304[0m 2.876 ms - -[0m
[0mGET /css/comment.css [36m304[0m 2.888 ms - -[0m
[0mGET /css/chat_box.css [36m304[0m 2.889 ms - -[0m
[0mGET /css/layout.css [36m304[0m 2.373 ms - -[0m
[0mGET /css/header.css [33m404[0m 11.634 ms - 153[0m
[0mGET /css/footer.css [33m404[0m 20.095 ms - 153[0m
[0mGET /js/chat_engine.js [36m304[0m 3.573 ms - -[0m
[0mGET /upload/users/avatars/avatar-1624178545817 [33m404[0m 13.566 ms - 180[0m
[0mGET /upload/users/avatars/avatar-1624178448284 [33m404[0m 16.677 ms - 180[0m
[0mGET /sign-in [36m304[0m 15.145 ms - -[0m
[0mGET /css/log_in.css [36m304[0m 1.939 ms - -[0m
[0mGET /css/layout.css [36m304[0m 4.762 ms - -[0m
[0mGET /css/header.css [33m404[0m 16.737 ms - 153[0m
[0mGET /css/footer.css [33m404[0m 9.021 ms - 153[0m
[0mPOST /users/create-session [36m302[0m 11.486 ms - 60[0m
[0mGET /sign-in [32m200[0m 12.899 ms - 3948[0m
[0mGET /css/log_in.css [36m304[0m 2.394 ms - -[0m
[0mGET /css/layout.css [36m304[0m 4.602 ms - -[0m
[0mGET /css/header.css [33m404[0m 26.613 ms - 153[0m
[0mGET /css/footer.css [33m404[0m 14.837 ms - 153[0m
[0mGET /users/auth/google [36m302[0m 20.706 ms - 0[0m
[0mGET /users/auth/google/callback?code=4%2F0AY0e-g5W7IniUtJLLsoQbw2FwJ9ZDEeeUMkTs2LiUUX5mr_R6VIyZ0_HMF-subFGIoOP0A&scope=email+profile+https%3A%2F%2Fwww.googleapis.com%2Fauth%2Fuserinfo.profile+https%3A%2F%2Fwww.googleapis.com%2Fauth%2Fuserinfo.email+openid&authuser=1&prompt=consent [36m302[0m 1036.594 ms - 46[0m
[0mGET / [32m200[0m 114.037 ms - 20219[0m
[0mGET /css/post.css [36m304[0m 5.139 ms - -[0m
[0mGET /css/comment.css [36m304[0m 4.789 ms - -[0m
[0mGET /css/layout.css [36m304[0m 1.683 ms - -[0m
[0mGET /css/header.css [33m404[0m 22.660 ms - 153[0m
[0mGET /css/footer.css [33m404[0m 26.307 ms - 153[0m
[0mGET /js/chat_engine.js [36m304[0m 4.084 ms - -[0m
[0mGET /css/header.css [33m404[0m 32.776 ms - 153[0m
[0mGET /css/footer.css [33m404[0m 51.201 ms - 153[0m
[0mGET /upload/users/avatars/avatar-1624178448284 [33m404[0m 44.455 ms - 180[0m
[0mGET /upload/users/avatars/avatar-1624178545817 [33m404[0m 48.702 ms - 180[0m
[0mGET /users/friend-requests [32m200[0m 45.881 ms - 3711[0m
[0mGET /css/layout.css [36m304[0m 15.639 ms - -[0m
[0mGET /users/css/layout.css [33m404[0m 50.226 ms - 159[0m
[0mGET /users/css/header.css [33m404[0m 66.607 ms - 159[0m
[0mGET /users/css/footer.css [33m404[0m 53.181 ms - 159[0m
[0mGET /upload/users/avatars/avatar-1624178448284 [33m404[0m 18.826 ms - 180[0m
[0mGET /friends/AcceptfriendRequest/60d321222612d91a08eaf927 [36m302[0m 50.090 ms - 46[0m
[0mGET / [32m200[0m 147.758 ms - 20001[0m
[0mGET /css/post.css [36m304[0m 3.248 ms - -[0m
[0mGET /css/comment.css [36m304[0m 3.530 ms - -[0m
[0mGET /css/layout.css [36m304[0m 3.770 ms - -[0m
[0mGET /css/header.css [33m404[0m 33.101 ms - 153[0m
[0mGET /css/footer.css [33m404[0m 32.737 ms - 153[0m
[0mGET /js/chat_engine.js [36m304[0m 4.149 ms - -[0m
[0mGET /upload/users/avatars/avatar-1624178545817 [33m404[0m 27.733 ms - 180[0m
[0mGET /upload/users/avatars/avatar-1624178448284 [33m404[0m 35.059 ms - 180[0m
[0mGET /users/sign-out [36m302[0m 23.258 ms - 46[0m
[0mGET / [32m200[0m 121.514 ms - 12916[0m
[0mGET /css/post.css [36m304[0m 2.468 ms - -[0m
[0mGET /css/comment.css [36m304[0m 2.805 ms - -[0m
[0mGET /css/chat_box.css [36m304[0m 3.076 ms - -[0m
[0mGET /css/header.css [33m404[0m 19.757 ms - 153[0m
[0mGET /js/chat_engine.js [36m304[0m 1.377 ms - -[0m
[0mGET /upload/users/avatars/avatar-1624178545817 [33m404[0m 7.526 ms - 180[0m
[0mGET /upload/users/avatars/avatar-1624178448284 [33m404[0m 5.509 ms - 180[0m
[0mGET /css/header.css [33m404[0m 12.273 ms - 153[0m
[0mGET /css/footer.css [33m404[0m 35.177 ms - 153[0m
[0mGET /upload/users/avatars/avatar-1624178545817 [33m404[0m 22.550 ms - 180[0m
[0mGET /sign-in [32m200[0m 17.901 ms - 3729[0m
[0mGET /css/log_in.css [36m304[0m 6.199 ms - -[0m
[0mGET /css/layout.css [36m304[0m 6.064 ms - -[0m
[0mGET /css/footer.css [33m404[0m 15.286 ms - 153[0m
[0mPOST /users/create-session [36m302[0m 17.083 ms - 46[0m
[0mGET / [32m200[0m 115.001 ms - 20109[0m
[0mGET /css/post.css [36m304[0m 1.429 ms - -[0m
[0mGET /css/comment.css [36m304[0m 3.336 ms - -[0m
[0mGET /css/chat_box.css [36m304[0m 3.692 ms - -[0m
[0mGET /css/layout.css [36m304[0m 8.795 ms - -[0m
[0mGET /css/header.css [33m404[0m 29.269 ms - 153[0m
[0mGET /css/footer.css [33m404[0m 32.681 ms - 153[0m
[0mGET /js/chat_engine.js [36m304[0m 9.102 ms - -[0m
[0mGET /upload/users/avatars/avatar-1624178545817 [33m404[0m 28.180 ms - 180[0m
[0mGET /upload/users/avatars/avatar-1624178448284 [33m404[0m 32.773 ms - 180[0m
[0mGET /users/friends [32m200[0m 43.135 ms - 3790[0m
[0mGET /css/layout.css [36m304[0m 13.325 ms - -[0m
[0mGET /users/css/layout.css [33m404[0m 62.101 ms - 159[0m
[0mGET /users/css/header.css [33m404[0m 63.077 ms - 159[0m
[0mGET /users/css/footer.css [33m404[0m 70.288 ms - 159[0m
[0mGET / [32m200[0m 112.246 ms - 19891[0m
[0mGET /css/post.css [36m304[0m 1.585 ms - -[0m
[0mGET /css/comment.css [36m304[0m 5.794 ms - -[0m
[0mGET /css/chat_box.css [36m304[0m 2.769 ms - -[0m
[0mGET /css/layout.css [36m304[0m 4.360 ms - -[0m
[0mGET /css/header.css [33m404[0m 32.966 ms - 153[0m
[0mGET /css/footer.css [33m404[0m 46.215 ms - 153[0m
[0mGET /js/chat_engine.js [36m304[0m 1.763 ms - -[0m
[0mGET /upload/users/avatars/avatar-1624178545817 [33m404[0m 24.892 ms - 180[0m
[0mGET /upload/users/avatars/avatar-1624178448284 [33m404[0m 28.125 ms - 180[0m
[0mGET /users/profile/60c612d13d4da21de848c0fe [32m200[0m 46.700 ms - 4099[0m
[0mGET /css/user_profile.css [36m304[0m 8.256 ms - -[0m
[0mGET /css/layout.css [36m304[0m 6.583 ms - -[0m
[0mGET /users/profile/css/user_profile.css [33m404[0m 59.284 ms - 173[0m
[0mGET /users/profile/css/layout.css [33m404[0m 54.410 ms - 167[0m
[0mGET /users/profile/css/header.css [33m404[0m 54.084 ms - 167[0m
[0mGET /users/profile/css/user_profile.css [33m404[0m 44.727 ms - 173[0m
[0mGET /users/profile/css/layout.css [33m404[0m 49.319 ms - 167[0m
[0mGET /users/profile/css/footer.css [33m404[0m 57.835 ms - 167[0m
[0mGET /users/profile/60c613343d4da21de848c100 [32m200[0m 32.866 ms - 4229[0m
[0mGET /css/user_profile.css [36m304[0m 5.582 ms - -[0m
[0mGET /users/profile/css/user_profile.css [33m404[0m 32.829 ms - 173[0m
[0mGET /css/layout.css [36m304[0m 9.851 ms - -[0m
[0mGET /users/profile/css/layout.css [33m404[0m 68.124 ms - 167[0m
[0mGET /users/profile/css/header.css [33m404[0m 74.809 ms - 167[0m
[0mGET /users/profile/css/footer.css [33m404[0m 57.476 ms - 167[0m
[0mGET /comments/destroy/60ceff2edaa5c830606cbb6a [36m302[0m 283.513 ms - 46[0m
[0mGET / [32m200[0m 97.875 ms - 19106[0m
[0mGET /css/post.css [36m304[0m 1.474 ms - -[0m
[0mGET /css/comment.css [36m304[0m 1.683 ms - -[0m
[0mGET /css/chat_box.css [36m304[0m 6.032 ms - -[0m
[0mGET /css/layout.css [36m304[0m 9.931 ms - -[0m
[0mGET /css/header.css [33m404[0m 36.409 ms - 153[0m
[0mGET /css/footer.css [33m404[0m 30.914 ms - 153[0m
[0mGET /js/chat_engine.js [36m304[0m 2.430 ms - -[0m
[0mGET /upload/users/avatars/avatar-1624178545817 [33m404[0m 23.952 ms - 180[0m
[0mGET /upload/users/avatars/avatar-1624178448284 [33m404[0m 28.868 ms - 180[0m
