[0mGET / [32m200[0m 256.241 ms - 5622[0m
[0mGET /css/post.css [36m304[0m 3.775 ms - -[0m
[0mGET /css/comment.css [36m304[0m 3.187 ms - -[0m
[0mGET /css/chat_box.css [36m304[0m 2.940 ms - -[0m
[0mGET /css/layout.css [36m304[0m 3.283 ms - -[0m
[0mGET /css/header.css [33m404[0m 19.484 ms - 153[0m
[0mGET /css/footer.css [33m404[0m 21.397 ms - 153[0m
[0mGET /js/chat_engine.js [36m304[0m 0.750 ms - -[0m
[0mGET /css/header.css [33m404[0m 7.473 ms - 153[0m
[0mGET /css/footer.css [33m404[0m 12.207 ms - 153[0m
[0mGET /favicon.ico [33m404[0m 6.348 ms - 150[0m
[0mGET / [32m200[0m 433.200 ms - 3510[0m
[0mGET /css/post.css [36m304[0m 12.607 ms - -[0m
[0mGET /css/chat_box.css [36m304[0m 10.175 ms - -[0m
[0mGET /css/header.css [33m404[0m 15.978 ms - 153[0m
[0mGET /css/layout.css [36m304[0m 5.440 ms - -[0m
[0mGET /js/chat_engine.js [36m304[0m 6.726 ms - -[0m
[0mGET /css/footer.css [33m404[0m 11.764 ms - 153[0m
[0mGET /css/header.css [33m404[0m 4.730 ms - 153[0m
[0mGET /css/footer.css [33m404[0m 11.536 ms - 153[0m
[0mGET /favicon.ico [33m404[0m 4.205 ms - 150[0m
[0mGET / [36m304[0m 12.318 ms - -[0m
[0mGET /css/post.css [36m304[0m 0.675 ms - -[0m
[0mGET /css/chat_box.css [36m304[0m 1.290 ms - -[0m
[0mGET /css/layout.css [36m304[0m 0.734 ms - -[0m
[0mGET /css/header.css [33m404[0m 9.180 ms - 153[0m
[0mGET /js/chat_engine.js [36m304[0m 3.693 ms - -[0m
[0mGET /css/footer.css [33m404[0m 13.162 ms - 153[0m
[0mGET / [36m304[0m 10.609 ms - -[0m
[0mGET /css/post.css [36m304[0m 1.383 ms - -[0m
[0mGET /css/chat_box.css [36m304[0m 0.719 ms - -[0m
[0mGET /css/layout.css [36m304[0m 0.662 ms - -[0m
[0mGET /js/chat_engine.js [36m304[0m 3.670 ms - -[0m
[0mGET /css/header.css [33m404[0m 10.335 ms - 153[0m
[0mGET /css/footer.css [33m404[0m 10.544 ms - 153[0m
[0mGET /sign-in [32m200[0m 10.448 ms - 3729[0m
[0mGET /css/layout.css [36m304[0m 1.965 ms - -[0m
[0mGET /css/header.css [33m404[0m 7.582 ms - 153[0m
[0mGET /css/footer.css [33m404[0m 8.756 ms - 153[0m
[0mGET /css/log_in.css [32m200[0m 98.284 ms - 2341[0m
[0mGET /users/auth/google [36m302[0m 5.736 ms - 0[0m
[0mGET /users/auth/google/callback?code=4%2F0AX4XfWjfB2eEpML71u5xDa7MSQyrq30B2G1I6oQLAQyltdrEAPfslOQWo_8pxUTZEDv3Cw&scope=email+profile+https%3A%2F%2Fwww.googleapis.com%2Fauth%2Fuserinfo.profile+https%3A%2F%2Fwww.googleapis.com%2Fauth%2Fuserinfo.email+openid&authuser=0&prompt=none [36m302[0m 593.039 ms - 46[0m
[0mGET / [32m200[0m 13.475 ms - 6242[0m
[0mGET /css/post.css [36m304[0m 1.706 ms - -[0m
[0mGET /css/chat_box.css [36m304[0m 1.762 ms - -[0m
[0mGET /css/layout.css [36m304[0m 0.566 ms - -[0m
[0mGET /js/chat_engine.js [36m304[0m 3.769 ms - -[0m
[0mGET /css/header.css [33m404[0m 19.113 ms - 153[0m
[0mGET /css/footer.css [33m404[0m 20.520 ms - 153[0m
[0mPOST /posts/create-Post [36m302[0m 18.272 ms - 88[0m
[0mGET / [32m200[0m 43.086 ms - 8171[0m
[0mGET /css/post.css [36m304[0m 0.776 ms - -[0m
[0mGET /css/chat_box.css [36m304[0m 1.108 ms - -[0m
[0mGET /css/layout.css [36m304[0m 0.675 ms - -[0m
[0mGET /css/header.css [33m404[0m 12.877 ms - 153[0m
[0mGET /css/footer.css [33m404[0m 13.869 ms - 153[0m
[0mGET /js/chat_engine.js [36m304[0m 0.881 ms - -[0m
[0mGET /uploads/users/posts/10.jpg-1638734123779 [32m200[0m 3.516 ms - 6421[0m
[0mPOST /comments/create [36m302[0m 43.316 ms - 88[0m
[0mGET / [32m200[0m 26.177 ms - 9111[0m
[0mGET /css/post.css [36m304[0m 0.644 ms - -[0m
[0mGET /css/comment.css [36m304[0m 1.849 ms - -[0m
[0mGET /css/chat_box.css [36m304[0m 0.865 ms - -[0m
[0mGET /css/layout.css [36m304[0m 0.975 ms - -[0m
[0mGET /css/header.css [33m404[0m 12.979 ms - 153[0m
[0mGET /css/footer.css [33m404[0m 12.227 ms - 153[0m
[0mGET /js/chat_engine.js [36m304[0m 0.549 ms - -[0m
[0mGET /uploads/users/posts/10.jpg-1638734123779 [36m304[0m 1.090 ms - -[0m
[0mGET /css/header.css [33m404[0m 9.097 ms - 153[0m
[0mGET /css/footer.css [33m404[0m 11.039 ms - 153[0m
[0mGET /comments/destroy/61ad194482f92c2de46d7c56 [36m302[0m 23.319 ms - 46[0m
[0mGET / [32m200[0m 16.628 ms - 8174[0m
[0mGET /css/post.css [36m304[0m 0.661 ms - -[0m
[0mGET /css/chat_box.css [36m304[0m 0.632 ms - -[0m
[0mGET /css/layout.css [36m304[0m 5.711 ms - -[0m
[0mGET /css/header.css [33m404[0m 16.515 ms - 153[0m
[0mGET /css/footer.css [33m404[0m 16.132 ms - 153[0m
[0mGET /js/chat_engine.js [36m304[0m 0.623 ms - -[0m
[0mGET /uploads/users/posts/10.jpg-1638734123779 [36m304[0m 1.439 ms - -[0m
[0mGET /css/header.css [33m404[0m 9.292 ms - 153[0m
[0mGET /css/footer.css [33m404[0m 10.569 ms - 153[0m
[0mGET /likes/toggle/?id=61ad192b82f92c2de46d7c49&type=Post [36m302[0m 16.249 ms - 46[0m
[0mGET / [32m200[0m 15.451 ms - 8159[0m
[0mGET /css/post.css [36m304[0m 1.289 ms - -[0m
[0mGET /css/chat_box.css [36m304[0m 1.378 ms - -[0m
[0mGET /css/layout.css [36m304[0m 5.655 ms - -[0m
[0mGET /css/header.css [33m404[0m 16.221 ms - 153[0m
[0mGET /css/footer.css [33m404[0m 15.577 ms - 153[0m
[0mGET /js/chat_engine.js [36m304[0m 0.727 ms - -[0m
[0mGET /uploads/users/posts/10.jpg-1638734123779 [36m304[0m 1.193 ms - -[0m
[0mGET /css/header.css [33m404[0m 7.792 ms - 153[0m
[0mGET /css/footer.css [33m404[0m 9.006 ms - 153[0m
[0mGET /users/profile/6173a8528c1910a74c296ba7 [32m200[0m 105.047 ms - 4077[0m
[0mGET /css/user_profile.css [32m200[0m 1.604 ms - 148[0m
[0mGET /css/layout.css [36m304[0m 4.038 ms - -[0m
[0mGET /users/profile/css/user_profile.css [33m404[0m 35.903 ms - 173[0m
[0mGET /users/profile/css/layout.css [33m404[0m 29.755 ms - 167[0m
[0mGET /users/profile/css/header.css [33m404[0m 32.612 ms - 167[0m
[0mGET /users/profile/css/footer.css [33m404[0m 40.456 ms - 167[0m
[0mGET / [32m200[0m 19.306 ms - 7954[0m
[0mGET /css/post.css [36m304[0m 1.250 ms - -[0m
[0mGET /css/chat_box.css [36m304[0m 1.572 ms - -[0m
[0mGET /css/layout.css [36m304[0m 6.414 ms - -[0m
[0mGET /css/header.css [33m404[0m 16.868 ms - 153[0m
[0mGET /css/footer.css [33m404[0m 20.112 ms - 153[0m
[0mGET /js/chat_engine.js [36m304[0m 1.468 ms - -[0m
[0mGET /uploads/users/posts/10.jpg-1638734123779 [36m304[0m 1.298 ms - -[0m
[0mGET /users/profile/6191143f97978e4b30a5cdba [32m200[0m 15.741 ms - 5781[0m
[0mGET /css/user_profile.css [36m304[0m 0.845 ms - -[0m
[0mGET /css/layout.css [36m304[0m 4.133 ms - -[0m
[0mGET /users/profile/css/user_profile.css [33m404[0m 25.878 ms - 173[0m
[0mGET /users/profile/css/layout.css [33m404[0m 27.391 ms - 167[0m
[0mGET /users/profile/css/header.css [33m404[0m 22.629 ms - 167[0m
[0mGET /uploads/users/posts/10.jpg-1638734123779 [36m304[0m 8.767 ms - -[0m
[0mGET /users/profile/css/footer.css [33m404[0m 23.714 ms - 167[0m
[0mGET / [36m304[0m 15.995 ms - -[0m
[0mGET /css/post.css [36m304[0m 0.756 ms - -[0m
[0mGET /css/chat_box.css [36m304[0m 4.481 ms - -[0m
[0mGET /css/layout.css [36m304[0m 4.727 ms - -[0m
[0mGET /css/header.css [33m404[0m 15.229 ms - 153[0m
[0mGET /css/footer.css [33m404[0m 12.883 ms - 153[0m
[0mGET /js/chat_engine.js [36m304[0m 0.523 ms - -[0m
[0mGET /uploads/users/posts/10.jpg-1638734123779 [36m304[0m 1.326 ms - -[0m
[0mGET /css/header.css [33m404[0m 8.181 ms - 153[0m
[0mGET /css/footer.css [33m404[0m 8.991 ms - 153[0m
[0mGET /friends/all [32m200[0m 14.769 ms - 4217[0m
[0mGET /css/all_friend.css [32m200[0m 20.020 ms - 95[0m
[0mGET /css/layout.css [36m304[0m 6.429 ms - -[0m
[0mGET /friends/css/all_friend.css [33m404[0m 27.611 ms - 165[0m
[0mGET /friends/css/layout.css [33m404[0m 34.040 ms - 161[0m
[0mGET /friends/css/header.css [33m404[0m 33.414 ms - 161[0m
[0mGET /friends/css/footer.css [33m404[0m 31.706 ms - 161[0m
[0mGET /users/profile/619114a097978e4b30a5cdc2 [32m200[0m 11.642 ms - 4080[0m
[0mGET /css/user_profile.css [36m304[0m 1.107 ms - -[0m
[0mGET /css/layout.css [36m304[0m 7.307 ms - -[0m
[0mGET /users/profile/css/user_profile.css [33m404[0m 32.935 ms - 173[0m
[0mGET /users/profile/css/layout.css [33m404[0m 36.117 ms - 167[0m
[0mGET /users/profile/css/header.css [33m404[0m 34.464 ms - 167[0m
[0mGET /users/profile/css/footer.css [33m404[0m 28.518 ms - 167[0m
[0mGET /friends/toggle-friend/619114a097978e4b30a5cdc2 [36m302[0m 44.021 ms - 164[0m
[0mGET /users/profile/619114a097978e4b30a5cdc2 [32m200[0m 11.139 ms - 4295[0m
[0mGET /css/user_profile.css [36m304[0m 0.808 ms - -[0m
[0mGET /css/layout.css [36m304[0m 3.508 ms - -[0m
[0mGET /users/profile/css/user_profile.css [33m404[0m 13.260 ms - 173[0m
[0mGET /users/profile/css/layout.css [33m404[0m 15.782 ms - 167[0m
[0mGET /users/profile/css/header.css [33m404[0m 16.546 ms - 167[0m
[0mGET /users/profile/css/footer.css [33m404[0m 17.529 ms - 167[0m
[0mGET /users/friends [32m200[0m 105.183 ms - 3435[0m
[0mGET /css/layout.css [36m304[0m 2.303 ms - -[0m
[0mGET /users/css/layout.css [33m404[0m 15.894 ms - 159[0m
[0mGET /users/css/header.css [33m404[0m 21.856 ms - 159[0m
[0mGET /users/css/footer.css [33m404[0m 21.529 ms - 159[0m
[0mGET /users/friend-requests [32m200[0m 11.713 ms - 3424[0m
[0mGET /css/layout.css [36m304[0m 0.742 ms - -[0m
[0mGET /users/css/layout.css [33m404[0m 16.901 ms - 159[0m
[0mGET /users/css/header.css [33m404[0m 19.393 ms - 159[0m
[0mGET /users/css/footer.css [33m404[0m 22.611 ms - 159[0m
[0mGET /users/friends [36m304[0m 9.693 ms - -[0m
[0mGET /css/layout.css [36m304[0m 1.059 ms - -[0m
[0mGET /users/css/header.css [33m404[0m 14.966 ms - 159[0m
[0mGET /users/css/layout.css [33m404[0m 18.917 ms - 159[0m
[0mGET /users/css/footer.css [33m404[0m 19.977 ms - 159[0m
[0mGET /users/friend-requests [36m304[0m 9.492 ms - -[0m
[0mGET /css/layout.css [36m304[0m 2.317 ms - -[0m
[0mGET /users/css/layout.css [33m404[0m 15.158 ms - 159[0m
[0mGET /users/css/header.css [33m404[0m 14.640 ms - 159[0m
[0mGET /users/css/footer.css [33m404[0m 17.432 ms - 159[0m
[0mGET /friends/all [36m304[0m 10.838 ms - -[0m
[0mGET /css/all_friend.css [36m304[0m 0.754 ms - -[0m
[0mGET /css/layout.css [36m304[0m 3.245 ms - -[0m
[0mGET /friends/css/all_friend.css [33m404[0m 25.415 ms - 165[0m
[0mGET /friends/css/layout.css [33m404[0m 23.686 ms - 161[0m
[0mGET /friends/css/header.css [33m404[0m 25.834 ms - 161[0m
[0mGET /friends/css/footer.css [33m404[0m 25.892 ms - 161[0m
[0mGET /users/profile/619114a097978e4b30a5cdc2 [32m200[0m 14.598 ms - 4080[0m
[0mGET /css/user_profile.css [36m304[0m 0.584 ms - -[0m
[0mGET /css/layout.css [36m304[0m 6.209 ms - -[0m
[0mGET /users/profile/css/user_profile.css [33m404[0m 27.578 ms - 173[0m
[0mGET /users/profile/css/header.css [33m404[0m 29.489 ms - 167[0m
[0mGET /users/profile/css/layout.css [33m404[0m 29.534 ms - 167[0m
[0mGET /users/profile/css/footer.css [33m404[0m 29.119 ms - 167[0m
[0mGET /friends/toggle-friend/619114a097978e4b30a5cdc2 [36m302[0m 15.841 ms - 164[0m
[0mGET /users/profile/619114a097978e4b30a5cdc2 [32m200[0m 15.805 ms - 4290[0m
[0mGET /css/user_profile.css [36m304[0m 4.893 ms - -[0m
[0mGET /css/layout.css [36m304[0m 2.753 ms - -[0m
[0mGET /users/profile/css/user_profile.css [33m404[0m 22.014 ms - 173[0m
[0mGET /users/profile/css/layout.css [33m404[0m 22.096 ms - 167[0m
[0mGET /users/profile/css/header.css [33m404[0m 20.909 ms - 167[0m
[0mGET /users/profile/css/footer.css [33m404[0m 22.316 ms - 167[0m
[0mGET /friends/toggle-friend/619114a097978e4b30a5cdc2 [36m302[0m 16.583 ms - 164[0m
[0mGET /users/profile/619114a097978e4b30a5cdc2 [32m200[0m 12.969 ms - 4295[0m
[0mGET /css/user_profile.css [36m304[0m 3.959 ms - -[0m
[0mGET /css/layout.css [36m304[0m 6.028 ms - -[0m
[0mGET /users/profile/css/user_profile.css [33m404[0m 25.302 ms - 173[0m
[0mGET /users/profile/css/layout.css [33m404[0m 32.966 ms - 167[0m
[0mGET /users/profile/css/header.css [33m404[0m 35.742 ms - 167[0m
[0mGET /users/profile/css/footer.css [33m404[0m 34.396 ms - 167[0m
[0mGET /users/sign-out [36m302[0m 6.661 ms - 46[0m
[0mGET / [32m200[0m 12.632 ms - 4744[0m
[0mGET /css/post.css [36m304[0m 1.096 ms - -[0m
[0mGET /css/chat_box.css [36m304[0m 1.223 ms - -[0m
[0mGET /css/header.css [33m404[0m 5.762 ms - 153[0m
[0mGET /css/layout.css [36m304[0m 3.160 ms - -[0m
[0mGET /css/footer.css [33m404[0m 7.178 ms - 153[0m
[0mGET /js/chat_engine.js [36m304[0m 3.549 ms - -[0m
[0mGET /uploads/users/posts/10.jpg-1638734123779 [36m304[0m 3.192 ms - -[0m
[0mGET /sign-in [36m304[0m 6.728 ms - -[0m
[0mGET /css/log_in.css [36m304[0m 0.554 ms - -[0m
[0mGET /css/layout.css [36m304[0m 1.099 ms - -[0m
[0mGET /css/header.css [33m404[0m 7.761 ms - 153[0m
[0mGET /css/footer.css [33m404[0m 9.332 ms - 153[0m
[0mGET /css/header.css [33m404[0m 6.274 ms - 153[0m
[0mGET /css/footer.css [33m404[0m 5.774 ms - 153[0m
[0mPOST /users/create-session [36m302[0m 10.482 ms - 46[0m
[0mGET / [32m200[0m 17.771 ms - 8051[0m
[0mGET /css/post.css [36m304[0m 0.751 ms - -[0m
[0mGET /css/chat_box.css [36m304[0m 4.831 ms - -[0m
[0mGET /css/layout.css [36m304[0m 4.581 ms - -[0m
[0mGET /css/header.css [33m404[0m 13.138 ms - 153[0m
[0mGET /css/footer.css [33m404[0m 13.802 ms - 153[0m
[0mGET /js/chat_engine.js [36m304[0m 0.473 ms - -[0m
[0mGET /uploads/users/posts/10.jpg-1638734123779 [36m304[0m 1.015 ms - -[0m
[0mGET /css/header.css [33m404[0m 8.932 ms - 153[0m
[0mGET /css/footer.css [33m404[0m 10.190 ms - 153[0m
[0mGET /users/friend-requests [32m200[0m 9.599 ms - 3412[0m
[0mGET /css/layout.css [36m304[0m 0.743 ms - -[0m
[0mGET /users/css/header.css [33m404[0m 16.987 ms - 159[0m
[0mGET /users/css/layout.css [33m404[0m 19.275 ms - 159[0m
[0mGET /users/css/footer.css [33m404[0m 21.139 ms - 159[0m
[0mGET /users/css/layout.css [33m404[0m 11.214 ms - 159[0m
[0mGET /users/css/header.css [33m404[0m 11.375 ms - 159[0m
[0mGET /users/css/footer.css [33m404[0m 13.025 ms - 159[0m
[0mGET /friends/all [32m200[0m 10.951 ms - 4205[0m
[0mGET /css/all_friend.css [36m304[0m 0.896 ms - -[0m
[0mGET /css/layout.css [36m304[0m 5.334 ms - -[0m
[0mGET /friends/css/all_friend.css [33m404[0m 28.543 ms - 165[0m
[0mGET /friends/css/layout.css [33m404[0m 30.466 ms - 161[0m
[0mGET /friends/css/header.css [33m404[0m 29.004 ms - 161[0m
[0mGET /friends/css/footer.css [33m404[0m 29.949 ms - 161[0m
[0mGET /users/profile/6191143f97978e4b30a5cdba [32m200[0m 14.658 ms - 5289[0m
[0mGET /css/user_profile.css [36m304[0m 0.909 ms - -[0m
[0mGET /css/layout.css [36m304[0m 3.709 ms - -[0m
[0mGET /users/profile/css/user_profile.css [33m404[0m 23.104 ms - 173[0m
[0mGET /users/profile/css/layout.css [33m404[0m 25.003 ms - 167[0m
[0mGET /users/profile/css/header.css [33m404[0m 20.969 ms - 167[0m
[0mGET /users/profile/css/footer.css [33m404[0m 23.707 ms - 167[0m
[0mGET /uploads/users/posts/10.jpg-1638734123779 [36m304[0m 6.932 ms - -[0m
[0mGET /users/friend-requests [36m304[0m 9.132 ms - -[0m
[0mGET /css/layout.css [36m304[0m 1.234 ms - -[0m
[0mGET /users/css/layout.css [33m404[0m 16.444 ms - 159[0m
[0mGET /users/css/header.css [33m404[0m 17.709 ms - 159[0m
[0mGET /users/css/footer.css [33m404[0m 24.643 ms - 159[0m
[0mGET /users/friend-requests [36m304[0m 8.918 ms - -[0m
[0mGET /css/layout.css [36m304[0m 1.694 ms - -[0m
[0mGET /users/css/layout.css [33m404[0m 16.152 ms - 159[0m
[0mGET /users/css/header.css [33m404[0m 15.908 ms - 159[0m
[0mGET /users/css/footer.css [33m404[0m 18.956 ms - 159[0m
[0mGET /users/friend-requests [36m304[0m 10.387 ms - -[0m
[0mGET /css/layout.css [36m304[0m 0.750 ms - -[0m
[0mGET /users/css/layout.css [33m404[0m 18.412 ms - 159[0m
[0mGET /users/css/header.css [33m404[0m 17.234 ms - 159[0m
[0mGET /users/css/footer.css [33m404[0m 19.719 ms - 159[0m
[0mGET /users/sign-out [36m302[0m 5.636 ms - 46[0m
[0mGET / [32m200[0m 11.823 ms - 4744[0m
[0mGET /css/post.css [36m304[0m 0.741 ms - -[0m
[0mGET /css/chat_box.css [36m304[0m 1.168 ms - -[0m
[0mGET /css/layout.css [36m304[0m 2.360 ms - -[0m
[0mGET /css/header.css [33m404[0m 7.593 ms - 153[0m
[0mGET /css/footer.css [33m404[0m 9.395 ms - 153[0m
[0mGET /js/chat_engine.js [36m304[0m 0.629 ms - -[0m
[0mGET /uploads/users/posts/10.jpg-1638734123779 [36m304[0m 0.951 ms - -[0m
[0mGET /sign-in [36m304[0m 5.951 ms - -[0m
[0mGET /css/log_in.css [36m304[0m 0.592 ms - -[0m
[0mGET /css/layout.css [36m304[0m 2.459 ms - -[0m
[0mGET /css/header.css [33m404[0m 11.073 ms - 153[0m
[0mGET /css/footer.css [33m404[0m 12.375 ms - 153[0m
[0mPOST /users/create-session [36m302[0m 6.374 ms - 46[0m
[0mGET / [32m200[0m 14.763 ms - 8051[0m
[0mGET /css/post.css [36m304[0m 0.638 ms - -[0m
[0mGET /css/chat_box.css [36m304[0m 1.510 ms - -[0m
[0mGET /css/layout.css [36m304[0m 0.859 ms - -[0m
[0mGET /css/header.css [33m404[0m 9.877 ms - 153[0m
[0mGET /css/footer.css [33m404[0m 10.229 ms - 153[0m
[0mGET /js/chat_engine.js [36m304[0m 0.681 ms - -[0m
[0mGET /uploads/users/posts/10.jpg-1638734123779 [36m304[0m 0.946 ms - -[0m
[0mGET /users/friend-requests [32m200[0m 15.356 ms - 3767[0m
[0mGET /css/layout.css [36m304[0m 1.953 ms - -[0m
[0mGET /users/css/header.css [33m404[0m 19.191 ms - 159[0m
[0mGET /users/css/footer.css [33m404[0m 20.134 ms - 159[0m
[0mGET /users/css/layout.css [33m404[0m 21.861 ms - 159[0m
[0mGET /friends/AcceptfriendRequest/61ad19c182f92c2de46d7cee [36m302[0m 17.728 ms - 46[0m
[0mGET / [32m200[0m 19.069 ms - 7833[0m
[0mGET /css/post.css [36m304[0m 0.712 ms - -[0m
[0mGET /css/chat_box.css [36m304[0m 0.515 ms - -[0m
[0mGET /css/layout.css [36m304[0m 0.646 ms - -[0m
[0mGET /js/chat_engine.js [36m304[0m 4.255 ms - -[0m
[0mGET /uploads/users/posts/10.jpg-1638734123779 [36m304[0m 5.464 ms - -[0m
[0mGET /css/header.css [33m404[0m 12.748 ms - 153[0m
[0mGET /css/footer.css [33m404[0m 12.675 ms - 153[0m
[0mGET /users/friend-requests [32m200[0m 9.649 ms - 3412[0m
[0mGET /css/layout.css [36m304[0m 1.740 ms - -[0m
[0mGET /users/css/header.css [33m404[0m 19.272 ms - 159[0m
[0mGET /users/css/layout.css [33m404[0m 21.489 ms - 159[0m
[0mGET /users/css/footer.css [33m404[0m 24.597 ms - 159[0m
[0mGET /users/friends [32m200[0m 12.047 ms - 3799[0m
[0mGET /css/layout.css [36m304[0m 1.214 ms - -[0m
[0mGET /users/css/layout.css [33m404[0m 18.053 ms - 159[0m
[0mGET /users/css/header.css [33m404[0m 18.934 ms - 159[0m
[0mGET /users/css/footer.css [33m404[0m 22.981 ms - 159[0m
[0mGET /users/friend-requests [36m304[0m 8.795 ms - -[0m
[0mGET /css/layout.css [36m304[0m 3.853 ms - -[0m
[0mGET /users/css/layout.css [33m404[0m 17.220 ms - 159[0m
[0mGET /users/css/header.css [33m404[0m 15.680 ms - 159[0m
[0mGET /users/css/footer.css [33m404[0m 18.941 ms - 159[0m
[0mGET /users/friends [36m304[0m 10.967 ms - -[0m
[0mGET /css/layout.css [36m304[0m 0.735 ms - -[0m
[0mGET /users/css/layout.css [33m404[0m 11.816 ms - 159[0m
[0mGET /users/css/header.css [33m404[0m 14.575 ms - 159[0m
[0mGET /users/css/footer.css [33m404[0m 13.467 ms - 159[0m
[0mGET /users/profile/619114a097978e4b30a5cdc2 [32m200[0m 12.773 ms - 4423[0m
[0mGET /css/user_profile.css [36m304[0m 0.686 ms - -[0m
[0mGET /css/layout.css [36m304[0m 3.585 ms - -[0m
[0mGET /users/profile/css/user_profile.css [33m404[0m 25.452 ms - 173[0m
[0mGET /users/profile/css/layout.css [33m404[0m 27.356 ms - 167[0m
[0mGET /users/profile/css/header.css [33m404[0m 22.815 ms - 167[0m
[0mGET /users/profile/css/footer.css [33m404[0m 20.610 ms - 167[0m
[0mPOST /users/update/619114a097978e4b30a5cdc2 [36m302[0m 8.831 ms - 164[0m
[0mGET /users/profile/619114a097978e4b30a5cdc2 [32m200[0m 21.651 ms - 4647[0m
[0mGET /css/user_profile.css [36m304[0m 1.399 ms - -[0m
[0mGET /css/layout.css [36m304[0m 1.978 ms - -[0m
[0mGET /users/profile/css/user_profile.css [33m404[0m 26.988 ms - 173[0m
[0mGET /users/profile/css/footer.css [33m404[0m 24.624 ms - 167[0m
[0mGET /users/profile/css/layout.css [33m404[0m 26.437 ms - 167[0m
[0mGET /users/profile/css/header.css [33m404[0m 19.057 ms - 167[0m
[0mGET /users/profile/css/user_profile.css [33m404[0m 15.385 ms - 173[0m
[0mGET /users/profile/css/layout.css [33m404[0m 15.011 ms - 167[0m
[0mGET /users/profile/css/header.css [33m404[0m 14.413 ms - 167[0m
[0mGET /users/profile/css/footer.css [33m404[0m 15.706 ms - 167[0m
[0mGET /users/profile/619114a097978e4b30a5cdc2 [32m200[0m 12.278 ms - 4423[0m
[0mGET /css/user_profile.css [36m304[0m 0.663 ms - -[0m
[0mGET /css/layout.css [36m304[0m 4.784 ms - -[0m
[0mGET /users/profile/css/user_profile.css [33m404[0m 20.588 ms - 173[0m
[0mGET /users/profile/css/layout.css [33m404[0m 24.772 ms - 167[0m
[0mGET /users/profile/css/header.css [33m404[0m 24.353 ms - 167[0m
[0mGET /users/profile/css/footer.css [33m404[0m 25.095 ms - 167[0m
[0mGET /users/profile/619114a097978e4b30a5cdc2 [36m304[0m 14.097 ms - -[0m
[0mGET /css/user_profile.css [36m304[0m 2.243 ms - -[0m
[0mGET /css/layout.css [36m304[0m 1.016 ms - -[0m
[0mGET /users/profile/css/user_profile.css [33m404[0m 22.551 ms - 173[0m
[0mGET /users/profile/css/layout.css [33m404[0m 21.162 ms - 167[0m
[0mGET /users/profile/css/header.css [33m404[0m 22.870 ms - 167[0m
[0mGET /users/profile/css/footer.css [33m404[0m 26.051 ms - 167[0m
[0mGET /users/profile/619114a097978e4b30a5cdc2 [36m304[0m 11.641 ms - -[0m
[0mGET /css/user_profile.css [36m304[0m 2.043 ms - -[0m
[0mGET /users/profile/css/user_profile.css [33m404[0m 12.307 ms - 173[0m
[0mGET /css/layout.css [36m304[0m 5.195 ms - -[0m
[0mGET /users/profile/css/layout.css [33m404[0m 23.680 ms - 167[0m
[0mGET /users/profile/css/header.css [33m404[0m 22.251 ms - 167[0m
[0mGET /users/profile/css/footer.css [33m404[0m 20.504 ms - 167[0m
[0mGET / [36m304[0m 13.775 ms - -[0m
[0mGET /css/post.css [36m304[0m 0.646 ms - -[0m
[0mGET /css/chat_box.css [36m304[0m 1.212 ms - -[0m
[0mGET /css/layout.css [36m304[0m 1.323 ms - -[0m
[0mGET /css/header.css [33m404[0m 14.448 ms - 153[0m
[0mGET /css/footer.css [33m404[0m 16.921 ms - 153[0m
[0mGET /js/chat_engine.js [36m304[0m 0.671 ms - -[0m
[0mGET /uploads/users/posts/10.jpg-1638734123779 [36m304[0m 0.962 ms - -[0m
[0mPOST /posts/create-Post [36m302[0m 7.958 ms - 88[0m
[0mGET / [32m200[0m 25.493 ms - 9719[0m
[0mGET /css/post.css [36m304[0m 1.362 ms - -[0m
[0mGET /css/chat_box.css [36m304[0m 0.916 ms - -[0m
[0mGET /css/layout.css [36m304[0m 0.840 ms - -[0m
[0mGET /css/header.css [33m404[0m 8.363 ms - 153[0m
[0mGET /css/footer.css [33m404[0m 13.362 ms - 153[0m
[0mGET /js/chat_engine.js [36m304[0m 0.688 ms - -[0m
[0mGET /uploads/users/posts/10.jpg-1638734123779 [36m304[0m 0.827 ms - -[0m
[0mGET / [32m200[0m 30.465 ms - 9498[0m
[0mGET /css/post.css [36m304[0m 0.693 ms - -[0m
[0mGET /css/chat_box.css [36m304[0m 1.461 ms - -[0m
[0mGET /css/layout.css [36m304[0m 2.016 ms - -[0m
[0mGET /css/header.css [33m404[0m 10.832 ms - 153[0m
[0mGET /css/footer.css [33m404[0m 11.752 ms - 153[0m
[0mGET /js/chat_engine.js [36m304[0m 1.574 ms - -[0m
[0mGET /uploads/users/posts/10.jpg-1638734123779 [36m304[0m 1.611 ms - -[0m
[0mGET /users/profile/619114a097978e4b30a5cdc2 [32m200[0m 13.347 ms - 4941[0m
[0mGET /css/user_profile.css [36m304[0m 0.653 ms - -[0m
[0mGET /css/layout.css [36m304[0m 4.228 ms - -[0m
[0mGET /users/profile/css/user_profile.css [33m404[0m 21.208 ms - 173[0m
[0mGET /users/profile/css/layout.css [33m404[0m 20.191 ms - 167[0m
[0mGET /users/profile/css/header.css [33m404[0m 21.586 ms - 167[0m
[0mGET /users/profile/css/footer.css [33m404[0m 24.695 ms - 167[0m
[0mGET /friends/all [32m200[0m 10.272 ms - 4205[0m
[0mGET /css/all_friend.css [36m304[0m 0.754 ms - -[0m
[0mGET /css/layout.css [36m304[0m 6.671 ms - -[0m
[0mGET /friends/css/all_friend.css [33m404[0m 19.375 ms - 165[0m
[0mGET /friends/css/layout.css [33m404[0m 20.158 ms - 161[0m
[0mGET /friends/css/header.css [33m404[0m 20.629 ms - 161[0m
[0mGET /friends/css/footer.css [33m404[0m 20.997 ms - 161[0m
[0mGET /friends/css/all_friend.css [33m404[0m 15.413 ms - 165[0m
[0mGET /friends/css/layout.css [33m404[0m 16.514 ms - 161[0m
[0mGET /friends/css/header.css [33m404[0m 17.156 ms - 161[0m
[0mGET /friends/css/footer.css [33m404[0m 20.967 ms - 161[0m
[0mGET /users/profile/6173a8528c1910a74c296ba7 [32m200[0m 11.468 ms - 4065[0m
[0mGET /css/user_profile.css [36m304[0m 0.772 ms - -[0m
[0mGET /css/layout.css [36m304[0m 3.059 ms - -[0m
[0mGET /users/profile/css/user_profile.css [33m404[0m 14.961 ms - 173[0m
[0mGET /users/profile/css/layout.css [33m404[0m 25.693 ms - 167[0m
[0mGET /users/profile/css/header.css [33m404[0m 23.472 ms - 167[0m
[0mGET /users/profile/css/footer.css [33m404[0m 29.121 ms - 167[0m
[0mGET /friends/toggle-friend/6173a8528c1910a74c296ba7 [36m302[0m 14.435 ms - 164[0m
[0mGET /users/profile/6173a8528c1910a74c296ba7 [32m200[0m 11.934 ms - 4280[0m
[0mGET /css/user_profile.css [36m304[0m 2.980 ms - -[0m
[0mGET /css/layout.css [36m304[0m 5.523 ms - -[0m
[0mGET /users/profile/css/user_profile.css [33m404[0m 15.760 ms - 173[0m
[0mGET /users/profile/css/layout.css [33m404[0m 15.913 ms - 167[0m
[0mGET /users/profile/css/header.css [33m404[0m 16.570 ms - 167[0m
[0mGET /users/profile/css/footer.css [33m404[0m 11.431 ms - 167[0m
[0mGET /friends/all [36m304[0m 9.524 ms - -[0m
[0mGET /css/all_friend.css [36m304[0m 2.281 ms - -[0m
[0mGET /css/layout.css [36m304[0m 2.793 ms - -[0m
[0mGET /friends/css/all_friend.css [33m404[0m 18.440 ms - 165[0m
[0mGET /friends/css/layout.css [33m404[0m 24.572 ms - 161[0m
[0mGET /friends/css/header.css [33m404[0m 22.725 ms - 161[0m
[0mGET /friends/css/footer.css [33m404[0m 24.688 ms - 161[0m
[0mGET / [36m304[0m 18.766 ms - -[0m
[0mGET /css/post.css [36m304[0m 0.675 ms - -[0m
[0mGET /css/chat_box.css [36m304[0m 0.756 ms - -[0m
[0mGET /css/layout.css [36m304[0m 0.544 ms - -[0m
[0mGET /css/header.css [33m404[0m 10.271 ms - 153[0m
[0mGET /css/footer.css [33m404[0m 11.842 ms - 153[0m
[0mGET /js/chat_engine.js [36m304[0m 0.582 ms - -[0m
[0mGET /uploads/users/posts/10.jpg-1638734123779 [36m304[0m 0.857 ms - -[0m
[0mGET / [32m200[0m 9.612 ms - 3510[0m
[0mGET /css/post.css [36m304[0m 0.654 ms - -[0m
[0mGET /css/chat_box.css [36m304[0m 0.605 ms - -[0m
[0mGET /css/layout.css [36m304[0m 2.934 ms - -[0m
[0mGET /js/chat_engine.js [36m304[0m 3.652 ms - -[0m
[0mGET /css/header.css [33m404[0m 7.777 ms - 153[0m
[0mGET /css/footer.css [33m404[0m 5.944 ms - 153[0m
[0mGET /css/header.css [33m404[0m 2.987 ms - 153[0m
[0mGET /css/footer.css [33m404[0m 3.154 ms - 153[0m
[0mGET /sign-in [36m304[0m 5.894 ms - -[0m
[0mGET /css/log_in.css [36m304[0m 0.670 ms - -[0m
[0mGET /css/layout.css [36m304[0m 0.897 ms - -[0m
[0mGET /css/header.css [33m404[0m 4.847 ms - 153[0m
[0mGET /css/footer.css [33m404[0m 6.351 ms - 153[0m
[0mGET /users/auth/google [36m302[0m 2.627 ms - 0[0m
[0mGET /users/auth/google/callback?code=4%2F0AX4XfWjOnGrJ_2ofz7YUGWNnfyzmwlSQACpCmhFDoPlgj0UlEGWF_9DOV6aooqRFw5wzOA&scope=email+profile+https%3A%2F%2Fwww.googleapis.com%2Fauth%2Fuserinfo.email+openid+https%3A%2F%2Fwww.googleapis.com%2Fauth%2Fuserinfo.profile&authuser=0&prompt=none [36m302[0m 450.217 ms - 46[0m
[0mGET / [32m200[0m 9.311 ms - 6078[0m
[0mGET /css/post.css [36m304[0m 1.100 ms - -[0m
[0mGET /css/chat_box.css [36m304[0m 0.642 ms - -[0m
[0mGET /css/layout.css [36m304[0m 1.276 ms - -[0m
[0mGET /js/chat_engine.js [36m304[0m 3.715 ms - -[0m
[0mGET /css/header.css [33m404[0m 14.679 ms - 153[0m
[0mGET /css/footer.css [33m404[0m 14.123 ms - 153[0m
[0mGET /users/friend-requests [32m200[0m 9.544 ms - 3424[0m
[0mGET /css/layout.css [36m304[0m 1.503 ms - -[0m
[0mGET /users/css/header.css [33m404[0m 15.123 ms - 159[0m
[0mGET /users/css/layout.css [33m404[0m 13.204 ms - 159[0m
[0mGET /users/css/footer.css [33m404[0m 18.536 ms - 159[0m
[0mGET /users/css/layout.css [33m404[0m 7.042 ms - 159[0m
[0mGET /users/css/header.css [33m404[0m 8.837 ms - 159[0m
[0mGET /users/css/footer.css [33m404[0m 10.251 ms - 159[0m
[0mGET /users/friends [32m200[0m 8.400 ms - 3435[0m
[0mGET /css/layout.css [36m304[0m 0.855 ms - -[0m
[0mGET /users/css/layout.css [33m404[0m 16.095 ms - 159[0m
[0mGET /users/css/header.css [33m404[0m 16.326 ms - 159[0m
[0mGET /users/css/footer.css [33m404[0m 16.696 ms - 159[0m
[0mGET /users/css/layout.css [33m404[0m 11.336 ms - 159[0m
[0mGET /users/css/header.css [33m404[0m 11.429 ms - 159[0m
[0mGET /users/css/footer.css [33m404[0m 10.374 ms - 159[0m
[0mGET / [32m200[0m 10.267 ms - 5860[0m
[0mGET /css/post.css [36m304[0m 1.152 ms - -[0m
[0mGET /css/chat_box.css [36m304[0m 0.902 ms - -[0m
[0mGET /css/layout.css [36m304[0m 0.738 ms - -[0m
[0mGET /js/chat_engine.js [36m304[0m 4.087 ms - -[0m
[0mGET /css/header.css [33m404[0m 12.135 ms - 153[0m
[0mGET /css/footer.css [33m404[0m 13.002 ms - 153[0m
[0mPOST /posts/create-Post [36m302[0m 10.935 ms - 88[0m
[0mGET / [32m200[0m 13.747 ms - 6081[0m
[0mGET /css/post.css [36m304[0m 0.862 ms - -[0m
[0mGET /css/chat_box.css [36m304[0m 0.879 ms - -[0m
[0mGET /css/layout.css [36m304[0m 1.388 ms - -[0m
[0mGET /js/chat_engine.js [36m304[0m 3.002 ms - -[0m
[0mGET /css/header.css [33m404[0m 18.165 ms - 153[0m
[0mGET /css/footer.css [33m404[0m 13.024 ms - 153[0m
[0mGET / [32m200[0m 15.724 ms - 7810[0m
[0mGET /css/post.css [36m304[0m 0.631 ms - -[0m
[0mGET /css/chat_box.css [36m304[0m 0.659 ms - -[0m
[0mGET /css/layout.css [36m304[0m 1.726 ms - -[0m
[0mGET /css/header.css [33m404[0m 7.782 ms - 153[0m
[0mGET /css/footer.css [33m404[0m 13.893 ms - 153[0m
[0mGET /js/chat_engine.js [36m304[0m 1.963 ms - -[0m
[0mGET /uploads/users/posts/wahid10.jpeg-1638734651823 [32m200[0m 2.951 ms - 159750[0m
[0mGET /likes/toggle/?id=61ad1b3b82f92c2de46d7df7&type=Post [36m302[0m 24.588 ms - 46[0m
[0mGET / [32m200[0m 11.595 ms - 8019[0m
[0mGET /css/post.css [36m304[0m 0.869 ms - -[0m
[0mGET /css/chat_box.css [36m304[0m 0.775 ms - -[0m
[0mGET /css/layout.css [36m304[0m 1.748 ms - -[0m
[0mGET /css/header.css [33m404[0m 12.069 ms - 153[0m
[0mGET /css/footer.css [33m404[0m 12.805 ms - 153[0m
[0mGET /js/chat_engine.js [36m304[0m 1.613 ms - -[0m
[0mGET /uploads/users/posts/wahid10.jpeg-1638734651823 [36m304[0m 2.208 ms - -[0m
[0mGET /users/profile/61ad1b1582f92c2de46d7dd9 [32m200[0m 11.511 ms - 5805[0m
[0mGET /css/user_profile.css [36m304[0m 0.762 ms - -[0m
[0mGET /css/layout.css [36m304[0m 3.459 ms - -[0m
[0mGET /users/profile/css/user_profile.css [33m404[0m 14.263 ms - 173[0m
[0mGET /users/profile/css/layout.css [33m404[0m 14.057 ms - 167[0m
[0mGET /users/profile/css/header.css [33m404[0m 15.234 ms - 167[0m
[0mGET /users/profile/css/footer.css [33m404[0m 15.904 ms - 167[0m
[0mGET /uploads/users/posts/wahid10.jpeg-1638734651823 [36m304[0m 0.650 ms - -[0m
[0mGET /users/profile/css/user_profile.css [33m404[0m 11.104 ms - 173[0m
[0mGET /users/profile/css/layout.css [33m404[0m 13.463 ms - 167[0m
[0mGET /users/profile/css/header.css [33m404[0m 12.278 ms - 167[0m
[0mGET /users/profile/css/footer.css [33m404[0m 13.604 ms - 167[0m
[0mPOST /users/update/61ad1b1582f92c2de46d7dd9 [36m302[0m 7.112 ms - 164[0m
[0mGET /users/profile/61ad1b1582f92c2de46d7dd9 [32m200[0m 60.611 ms - 6029[0m
[0mGET /css/user_profile.css [36m304[0m 7.019 ms - -[0m
[0mGET /css/layout.css [36m304[0m 5.031 ms - -[0m
[0mGET /users/profile/css/user_profile.css [33m404[0m 28.332 ms - 173[0m
[0mGET /users/profile/css/layout.css [33m404[0m 42.598 ms - 167[0m
[0mGET /users/profile/css/header.css [33m404[0m 42.297 ms - 167[0m
[0mGET /users/profile/css/footer.css [33m404[0m 48.209 ms - 167[0m
[0mGET /uploads/users/posts/wahid10.jpeg-1638734651823 [36m304[0m 0.899 ms - -[0m
[0mGET /users/profile/css/user_profile.css [33m404[0m 15.969 ms - 173[0m
[0mGET /users/profile/css/layout.css [33m404[0m 18.709 ms - 167[0m
[0mGET /users/profile/css/header.css [33m404[0m 15.704 ms - 167[0m
[0mGET /users/profile/css/footer.css [33m404[0m 17.359 ms - 167[0m
[0mPOST /users/update/61ad1b1582f92c2de46d7dd9 [36m302[0m 15.921 ms - 164[0m
[0mGET / [32m200[0m 65.930 ms - 8038[0m
[0mGET /css/post.css [36m304[0m 3.116 ms - -[0m
[0mGET /css/chat_box.css [36m304[0m 3.326 ms - -[0m
[0mGET /css/layout.css [36m304[0m 3.919 ms - -[0m
[0mGET /css/header.css [33m404[0m 23.178 ms - 153[0m
[0mGET /css/footer.css [33m404[0m 26.468 ms - 153[0m
[0mGET /js/chat_engine.js [36m304[0m 0.699 ms - -[0m
[0mGET /uploads/users/posts/wahid10.jpeg-1638734651823 [36m304[0m 7.140 ms - -[0m
[0mGET /css/header.css [33m404[0m 17.623 ms - 153[0m
[0mGET /css/footer.css [33m404[0m 22.163 ms - 153[0m
[0mGET /users/profile/61ad1b1582f92c2de46d7dd9 [32m200[0m 16.034 ms - 5805[0m
[0mGET /css/user_profile.css [36m304[0m 4.593 ms - -[0m
[0mGET /css/layout.css [36m304[0m 6.333 ms - -[0m
[0mGET /users/profile/css/user_profile.css [33m404[0m 29.143 ms - 173[0m
[0mGET /users/profile/css/layout.css [33m404[0m 31.068 ms - 167[0m
[0mGET /users/profile/css/header.css [33m404[0m 28.709 ms - 167[0m
[0mGET /uploads/users/posts/wahid10.jpeg-1638734651823 [36m304[0m 6.976 ms - -[0m
[0mGET /users/profile/css/footer.css [33m404[0m 40.303 ms - 167[0m
[0mGET / [36m304[0m 59.156 ms - -[0m
[0mGET /css/post.css [36m304[0m 3.475 ms - -[0m
[0mGET /css/chat_box.css [36m304[0m 3.662 ms - -[0m
[0mGET /css/layout.css [36m304[0m 5.521 ms - -[0m
[0mGET /css/header.css [33m404[0m 20.218 ms - 153[0m
[0mGET /css/footer.css [33m404[0m 22.104 ms - 153[0m
[0mGET /js/chat_engine.js [36m304[0m 0.588 ms - -[0m
[0mGET /uploads/users/posts/wahid10.jpeg-1638734651823 [36m304[0m 0.763 ms - -[0m
[0mGET /css/header.css [33m404[0m 8.818 ms - 153[0m
[0mGET /css/footer.css [33m404[0m 10.146 ms - 153[0m
[0mGET /users/profile/61ad1b1582f92c2de46d7dd9 [36m304[0m 20.397 ms - -[0m
[0mGET /css/user_profile.css [36m304[0m 7.523 ms - -[0m
[0mGET /css/layout.css [36m304[0m 3.426 ms - -[0m
[0mGET /users/profile/css/user_profile.css [33m404[0m 28.827 ms - 173[0m
[0mGET /uploads/users/posts/wahid10.jpeg-1638734651823 [36m304[0m 5.454 ms - -[0m
[0mGET /users/profile/css/header.css [33m404[0m 33.411 ms - 167[0m
[0mGET /users/profile/css/layout.css [33m404[0m 41.954 ms - 167[0m
[0mGET /users/profile/css/footer.css [33m404[0m 32.655 ms - 167[0m
[0mPOST /users/update/61ad1b1582f92c2de46d7dd9 [36m302[0m 17.728 ms - 164[0m
[0mGET / [32m200[0m 72.810 ms - 8118[0m
[0mGET /css/post.css [36m304[0m 7.511 ms - -[0m
[0mGET /css/chat_box.css [36m304[0m 6.146 ms - -[0m
[0mGET /css/layout.css [36m304[0m 5.909 ms - -[0m
[0mGET /css/header.css [33m404[0m 27.882 ms - 153[0m
[0mGET /css/footer.css [33m404[0m 32.594 ms - 153[0m
[0mGET /js/chat_engine.js [36m304[0m 0.756 ms - -[0m
[0mGET /uploads/users/posts/wahid10.jpeg-1638734651823 [36m304[0m 0.973 ms - -[0m
[0mGET /css/header.css [33m404[0m 10.143 ms - 153[0m
[0mGET /css/footer.css [33m404[0m 11.592 ms - 153[0m
[0mGET /users/profile/61ad1b1582f92c2de46d7dd9 [36m304[0m 18.245 ms - -[0m
[0mGET /css/user_profile.css [36m304[0m 2.059 ms - -[0m
[0mGET /css/layout.css [36m304[0m 7.999 ms - -[0m
[0mGET /users/profile/css/user_profile.css [33m404[0m 24.086 ms - 173[0m
[0mGET /uploads/users/posts/wahid10.jpeg-1638734651823 [36m304[0m 8.068 ms - -[0m
[0mGET /users/profile/css/layout.css [33m404[0m 32.858 ms - 167[0m
[0mGET /users/profile/css/header.css [33m404[0m 38.590 ms - 167[0m
[0mGET /users/profile/css/footer.css [33m404[0m 39.406 ms - 167[0m
[0mGET / [32m200[0m 57.225 ms - 7894[0m
[0mGET /css/post.css [36m304[0m 8.228 ms - -[0m
[0mGET /css/chat_box.css [36m304[0m 8.336 ms - -[0m
[0mGET /css/layout.css [36m304[0m 2.120 ms - -[0m
[0mGET /css/header.css [33m404[0m 23.313 ms - 153[0m
[0mGET /css/footer.css [33m404[0m 29.825 ms - 153[0m
[0mGET /js/chat_engine.js [36m304[0m 0.610 ms - -[0m
[0mGET /uploads/users/posts/wahid10.jpeg-1638734651823 [36m304[0m 0.719 ms - -[0m
[0mGET /css/header.css [33m404[0m 9.005 ms - 153[0m
[0mGET /css/footer.css [33m404[0m 10.372 ms - 153[0m
[0mGET /users/profile/61ad1b1582f92c2de46d7dd9 [36m304[0m 21.666 ms - -[0m
[0mGET /css/user_profile.css [36m304[0m 1.486 ms - -[0m
[0mGET /css/layout.css [36m304[0m 7.638 ms - -[0m
[0mGET /users/profile/css/user_profile.css [33m404[0m 33.587 ms - 173[0m
[0mGET /users/profile/css/layout.css [33m404[0m 34.712 ms - 167[0m
[0mGET /uploads/users/posts/wahid10.jpeg-1638734651823 [36m304[0m 9.847 ms - -[0m
[0mGET /users/profile/css/header.css [33m404[0m 41.356 ms - 167[0m
[0mGET /users/profile/css/footer.css [33m404[0m 47.293 ms - 167[0m
[0mGET / [36m304[0m 54.929 ms - -[0m
[0mGET /css/post.css [36m304[0m 4.168 ms - -[0m
[0mGET /css/chat_box.css [36m304[0m 4.219 ms - -[0m
[0mGET /css/layout.css [36m304[0m 4.351 ms - -[0m
[0mGET /css/header.css [33m404[0m 22.686 ms - 153[0m
[0mGET /css/footer.css [33m404[0m 28.265 ms - 153[0m
[0mGET /js/chat_engine.js [36m304[0m 0.589 ms - -[0m
[0mGET /uploads/users/posts/wahid10.jpeg-1638734651823 [36m304[0m 0.733 ms - -[0m
[0mGET /css/header.css [33m404[0m 8.137 ms - 153[0m
[0mGET /css/footer.css [33m404[0m 9.511 ms - 153[0m
[0mGET /users/profile/61ad1b1582f92c2de46d7dd9 [36m304[0m 17.837 ms - -[0m
[0mGET /css/user_profile.css [36m304[0m 2.445 ms - -[0m
[0mGET /css/layout.css [36m304[0m 2.711 ms - -[0m
[0mGET /users/profile/css/user_profile.css [33m404[0m 25.854 ms - 173[0m
[0mGET /users/profile/css/layout.css [33m404[0m 34.086 ms - 167[0m
[0mGET /uploads/users/posts/wahid10.jpeg-1638734651823 [36m304[0m 5.566 ms - -[0m
[0mGET /users/profile/css/header.css [33m404[0m 37.800 ms - 167[0m
[0mGET /users/profile/css/footer.css [33m404[0m 44.738 ms - 167[0m
[0mGET / [36m304[0m 60.839 ms - -[0m
[0mGET /css/post.css [36m304[0m 6.469 ms - -[0m
[0mGET /css/chat_box.css [36m304[0m 5.502 ms - -[0m
[0mGET /css/layout.css [36m304[0m 5.798 ms - -[0m
[0mGET /css/header.css [33m404[0m 21.092 ms - 153[0m
[0mGET /css/footer.css [33m404[0m 28.397 ms - 153[0m
[0mGET /js/chat_engine.js [36m304[0m 0.573 ms - -[0m
[0mGET /uploads/users/posts/wahid10.jpeg-1638734651823 [36m304[0m 1.179 ms - -[0m
[0mGET /css/header.css [33m404[0m 9.990 ms - 153[0m
[0mGET /css/footer.css [33m404[0m 11.480 ms - 153[0m
[0mGET /users/profile/61ad1b1582f92c2de46d7dd9 [32m200[0m 18.811 ms - 5877[0m
[0mGET /css/user_profile.css [36m304[0m 4.163 ms - -[0m
[0mGET /css/layout.css [36m304[0m 5.429 ms - -[0m
[0mGET /users/profile/css/user_profile.css [33m404[0m 28.459 ms - 173[0m
[0mGET /uploads/users/posts/wahid10.jpeg-1638734651823 [36m304[0m 9.372 ms - -[0m
[0mGET /users/profile/css/layout.css [33m404[0m 26.753 ms - 167[0m
[0mGET /users/profile/css/header.css [33m404[0m 38.588 ms - 167[0m
[0mGET /users/profile/css/footer.css [33m404[0m 34.051 ms - 167[0m
[0mGET / [32m200[0m 186.824 ms - 8153[0m
[0mGET /css/layout.css [32m200[0m 8.217 ms - 335[0m
[0mGET /css/post.css [32m200[0m 16.709 ms - 1168[0m
[0mGET /css/chat_box.css [32m200[0m 12.894 ms - 1299[0m
[0mGET /css/header.css [33m404[0m 17.797 ms - 153[0m
[0mGET /css/footer.css [33m404[0m 25.538 ms - 153[0m
[0mGET /js/chat_engine.js [32m200[0m 4.644 ms - 1796[0m
[0mGET /css/header.css [33m404[0m 8.008 ms - 153[0m
[0mGET /css/footer.css [33m404[0m 12.221 ms - 153[0m
[0mGET /uploads/users/posts/wahid10.jpeg-1638734651823 [32m200[0m 23.637 ms - 159750[0m
[0mGET /favicon.ico [33m404[0m 3.581 ms - 150[0m
[0mGET / [36m304[0m 52.431 ms - -[0m
[0mGET /css/post.css [36m304[0m 8.685 ms - -[0m
[0mGET /css/chat_box.css [36m304[0m 4.261 ms - -[0m
[0mGET /css/layout.css [36m304[0m 4.609 ms - -[0m
[0mGET /css/header.css [33m404[0m 12.322 ms - 153[0m
[0mGET /css/footer.css [33m404[0m 21.338 ms - 153[0m
[0mGET /css/header.css [33m404[0m 7.094 ms - 153[0m
[0mGET /js/chat_engine.js [36m304[0m 1.694 ms - -[0m
[0mGET /uploads/users/posts/wahid10.jpeg-1638734651823 [36m304[0m 1.355 ms - -[0m
[0mGET / [36m304[0m 21.846 ms - -[0m
[0mGET /css/post.css [36m304[0m 0.881 ms - -[0m
[0mGET /css/chat_box.css [36m304[0m 1.834 ms - -[0m
[0mGET /css/layout.css [36m304[0m 3.688 ms - -[0m
[0mGET /css/header.css [33m404[0m 9.693 ms - 153[0m
[0mGET /css/footer.css [33m404[0m 9.388 ms - 153[0m
[0mGET /js/chat_engine.js [36m304[0m 0.790 ms - -[0m
[0mGET /uploads/users/posts/wahid10.jpeg-1638734651823 [36m304[0m 1.149 ms - -[0m
[0mGET /sign-in [32m200[0m 11.991 ms - 3729[0m
[0mGET /css/layout.css [36m304[0m 1.980 ms - -[0m
[0mGET /css/log_in.css [32m200[0m 14.095 ms - 2341[0m
[0mGET /css/header.css [33m404[0m 11.807 ms - 153[0m
[0mGET /css/footer.css [33m404[0m 10.842 ms - 153[0m
[0mGET /css/header.css [33m404[0m 5.569 ms - 153[0m
[0mGET /css/footer.css [33m404[0m 6.793 ms - 153[0m
[0mGET /users/auth/google [36m302[0m 5.882 ms - 0[0m
[0mGET /css/header.css [33m404[0m 5.225 ms - 153[0m
[0mGET /sign-in [36m304[0m 8.806 ms - -[0m
[0mGET /css/log_in.css [36m304[0m 2.292 ms - -[0m
[0mGET /css/layout.css [36m304[0m 1.169 ms - -[0m
[0mGET /css/header.css [33m404[0m 10.418 ms - 153[0m
[0mGET /css/footer.css [33m404[0m 8.913 ms - 153[0m
[0mGET /css/header.css [33m404[0m 9.240 ms - 153[0m
[0mGET /css/footer.css [33m404[0m 12.701 ms - 153[0m
[0mGET /users/auth/google [36m302[0m 8.354 ms - 0[0m
[0mGET /users/auth/google/callback?code=4%2F0AX4XfWgqMq0r8hP-zcWwpaSDFlph29f1eC8raQ9B8Vx3cKWvYwB0v-g8YJLJphSnvD-1Lg&scope=email+profile+https%3A%2F%2Fwww.googleapis.com%2Fauth%2Fuserinfo.profile+https%3A%2F%2Fwww.googleapis.com%2Fauth%2Fuserinfo.email+openid&authuser=0&prompt=none [36m302[0m 667.126 ms - 46[0m
[0mGET / [32m200[0m 23.047 ms - 15376[0m
[0mGET /css/post.css [36m304[0m 0.793 ms - -[0m
[0mGET /css/chat_box.css [36m304[0m 7.729 ms - -[0m
[0mGET /css/layout.css [36m304[0m 8.069 ms - -[0m
[0mGET /css/header.css [33m404[0m 18.326 ms - 153[0m
[0mGET /css/footer.css [33m404[0m 19.063 ms - 153[0m
[0mGET /js/chat_engine.js [36m304[0m 0.922 ms - -[0m
[0mGET /uploads/users/posts/wahid10.jpeg-1638734651823 [36m304[0m 1.328 ms - -[0m
[0mPOST /posts/create-Post [36m302[0m 115.753 ms - 88[0m
[0mGET / [32m200[0m 39.220 ms - 15379[0m
[0mGET /css/post.css [36m304[0m 1.188 ms - -[0m
[0mGET /css/chat_box.css [36m304[0m 0.810 ms - -[0m
[0mGET /css/layout.css [36m304[0m 1.395 ms - -[0m
[0mGET /css/header.css [33m404[0m 17.585 ms - 153[0m
[0mGET /css/footer.css [33m404[0m 18.315 ms - 153[0m
[0mGET /js/chat_engine.js [36m304[0m 0.650 ms - -[0m
[0mGET /uploads/users/posts/wahid10.jpeg-1638734651823 [36m304[0m 1.147 ms - -[0m
[0mGET /css/header.css [33m404[0m 10.654 ms - 153[0m
[0mGET /css/footer.css [33m404[0m 13.207 ms - 153[0m
[0mGET / [32m200[0m 37.150 ms - 17094[0m
[0mGET /css/post.css [36m304[0m 1.051 ms - -[0m
[0mGET /css/chat_box.css [36m304[0m 3.250 ms - -[0m
[0mGET /css/layout.css [36m304[0m 10.502 ms - -[0m
[0mGET /css/header.css [33m404[0m 28.393 ms - 153[0m
[0mGET /css/footer.css [33m404[0m 25.094 ms - 153[0m
[0mGET /js/chat_engine.js [36m304[0m 0.922 ms - -[0m
[0mGET /uploads/users/posts/wahid_profile.jpg-1639748600517 [32m200[0m 2.096 ms - 191362[0m
[0mGET /uploads/users/posts/wahid10.jpeg-1638734651823 [36m304[0m 5.244 ms - -[0m
[0mGET /likes/toggle/?id=61bc93f887d6192c1087dbca&type=Post [36m302[0m 26.106 ms - 46[0m
[0mGET / [32m200[0m 21.899 ms - 17303[0m
[0mGET /css/post.css [36m304[0m 1.128 ms - -[0m
[0mGET /css/chat_box.css [36m304[0m 0.553 ms - -[0m
[0mGET /css/layout.css [36m304[0m 1.382 ms - -[0m
[0mGET /css/header.css [33m404[0m 14.693 ms - 153[0m
[0mGET /css/footer.css [33m404[0m 14.712 ms - 153[0m
[0mGET /js/chat_engine.js [36m304[0m 2.595 ms - -[0m
[0mGET /uploads/users/posts/wahid_profile.jpg-1639748600517 [36m304[0m 3.190 ms - -[0m
[0mGET /uploads/users/posts/wahid10.jpeg-1638734651823 [36m304[0m 3.305 ms - -[0m
[0mGET /likes/toggle/?id=61bc93f887d6192c1087dbca&type=Post [36m302[0m 15.352 ms - 46[0m
[0mGET / [32m200[0m 24.804 ms - 17315[0m
[0mGET /css/post.css [36m304[0m 7.409 ms - -[0m
[0mGET /css/chat_box.css [36m304[0m 4.240 ms - -[0m
[0mGET /css/layout.css [36m304[0m 1.321 ms - -[0m
[0mGET /css/header.css [33m404[0m 21.848 ms - 153[0m
[0mGET /css/footer.css [33m404[0m 24.196 ms - 153[0m
[0mGET /js/chat_engine.js [36m304[0m 0.813 ms - -[0m
[0mGET /uploads/users/posts/wahid_profile.jpg-1639748600517 [36m304[0m 2.104 ms - -[0m
[0mGET /uploads/users/posts/wahid10.jpeg-1638734651823 [36m304[0m 2.056 ms - -[0m
[0mPOST /comments/create [36m302[0m 48.010 ms - 88[0m
[0mGET / [32m200[0m 36.036 ms - 18250[0m
[0mGET /css/post.css [36m304[0m 1.288 ms - -[0m
[0mGET /css/comment.css [32m200[0m 4.415 ms - 195[0m
[0mGET /css/chat_box.css [36m304[0m 0.844 ms - -[0m
[0mGET /css/layout.css [36m304[0m 1.813 ms - -[0m
[0mGET /css/header.css [33m404[0m 13.037 ms - 153[0m
[0mGET /css/footer.css [33m404[0m 15.010 ms - 153[0m
[0mGET /js/chat_engine.js [36m304[0m 9.499 ms - -[0m
[0mGET /uploads/users/posts/wahid_profile.jpg-1639748600517 [36m304[0m 12.932 ms - -[0m
[0mGET /uploads/users/posts/wahid10.jpeg-1638734651823 [36m304[0m 10.746 ms - -[0m
[0mGET /css/header.css [33m404[0m 22.417 ms - 153[0m
[0mGET /css/footer.css [33m404[0m 25.711 ms - 153[0m
[0mGET /comments/destroy/61bc941987d6192c1087dbf8 [36m302[0m 23.312 ms - 46[0m
[0mGET / [32m200[0m 23.913 ms - 17318[0m
[0mGET /css/post.css [36m304[0m 0.585 ms - -[0m
[0mGET /css/chat_box.css [36m304[0m 0.496 ms - -[0m
[0mGET /css/layout.css [36m304[0m 7.012 ms - -[0m
[0mGET /css/header.css [33m404[0m 22.009 ms - 153[0m
[0mGET /css/footer.css [33m404[0m 25.745 ms - 153[0m
[0mGET /js/chat_engine.js [36m304[0m 1.586 ms - -[0m
[0mGET /uploads/users/posts/wahid_profile.jpg-1639748600517 [36m304[0m 1.396 ms - -[0m
[0mGET /uploads/users/posts/wahid10.jpeg-1638734651823 [36m304[0m 2.655 ms - -[0m
[0mGET /users/friend-requests [32m200[0m 9.772 ms - 3424[0m
[0mGET /css/layout.css [36m304[0m 9.332 ms - -[0m
[0mGET /users/css/layout.css [33m404[0m 23.192 ms - 159[0m
[0mGET /users/css/header.css [33m404[0m 25.913 ms - 159[0m
[0mGET /users/css/footer.css [33m404[0m 26.278 ms - 159[0m
[0mGET / [32m200[0m 28.723 ms - 17094[0m
[0mGET /css/post.css [36m304[0m 0.890 ms - -[0m
[0mGET /css/chat_box.css [36m304[0m 0.885 ms - -[0m
[0mGET /css/layout.css [36m304[0m 1.841 ms - -[0m
[0mGET /css/header.css [33m404[0m 13.355 ms - 153[0m
[0mGET /css/footer.css [33m404[0m 13.786 ms - 153[0m
[0mGET /js/chat_engine.js [36m304[0m 1.433 ms - -[0m
[0mGET /uploads/users/posts/wahid_profile.jpg-1639748600517 [36m304[0m 0.860 ms - -[0m
[0mGET /uploads/users/posts/wahid10.jpeg-1638734651823 [36m304[0m 0.938 ms - -[0m
[0mGET /css/header.css [33m404[0m 12.631 ms - 153[0m
[0mGET /css/footer.css [33m404[0m 15.329 ms - 153[0m
[0mGET / [36m304[0m 21.567 ms - -[0m
[0mGET /css/post.css [36m304[0m 0.694 ms - -[0m
[0mGET /css/chat_box.css [36m304[0m 0.537 ms - -[0m
[0mGET /css/layout.css [36m304[0m 0.447 ms - -[0m
[0mGET /css/header.css [33m404[0m 16.268 ms - 153[0m
[0mGET /css/footer.css [33m404[0m 19.465 ms - 153[0m
[0mGET /js/chat_engine.js [36m304[0m 0.746 ms - -[0m
[0mGET /uploads/users/posts/wahid_profile.jpg-1639748600517 [36m304[0m 1.143 ms - -[0m
[0mGET /uploads/users/posts/wahid10.jpeg-1638734651823 [36m304[0m 1.121 ms - -[0m
[0mGET / [32m200[0m 258.870 ms - 9174[0m
[0mGET /css/post.css [32m200[0m 13.787 ms - 1168[0m
[0mGET /css/chat_box.css [32m200[0m 14.034 ms - 1299[0m
[0mGET /css/layout.css [32m200[0m 14.059 ms - 335[0m
[0mGET /css/header.css [33m404[0m 20.373 ms - 153[0m
[0mGET /css/footer.css [33m404[0m 29.055 ms - 153[0m
[0mGET /js/chat_engine.js [32m200[0m 3.292 ms - 1796[0m
[0mGET /css/header.css [33m404[0m 13.942 ms - 153[0m
[0mGET /css/footer.css [33m404[0m 15.532 ms - 153[0m
[0mGET /uploads/users/posts/wahid10.jpeg-1638734651823 [32m200[0m 12.071 ms - 159750[0m
[0mGET /uploads/users/posts/wahid_profile.jpg-1639748600517 [32m200[0m 39.014 ms - 191362[0m
[0mGET /favicon.ico [33m404[0m 7.081 ms - 150[0m
[0mGET /sign-in [32m200[0m 12.900 ms - 3729[0m
[0mGET /css/log_in.css [32m200[0m 4.143 ms - 2341[0m
[0mGET /css/layout.css [36m304[0m 2.878 ms - -[0m
[0mGET /css/header.css [33m404[0m 8.948 ms - 153[0m
[0mGET /css/footer.css [33m404[0m 11.353 ms - 153[0m
[0mGET /users/auth/google [36m302[0m 7.852 ms - 0[0m
[0mGET /users/auth/google/callback?code=4%2F0AX4XfWhncBnJ7YduHvMUK6kIM9gqdgnwRUcguj8qOIEuw-pFZXft2ct6ZVE8vVN92qkf5g&scope=email+profile+openid+https%3A%2F%2Fwww.googleapis.com%2Fauth%2Fuserinfo.profile+https%3A%2F%2Fwww.googleapis.com%2Fauth%2Fuserinfo.email&authuser=0&prompt=none [36m302[0m 657.034 ms - 46[0m
[0mGET / [32m200[0m 39.163 ms - 17312[0m
[0mGET /css/post.css [36m304[0m 0.775 ms - -[0m
[0mGET /css/chat_box.css [36m304[0m 0.739 ms - -[0m
[0mGET /css/layout.css [36m304[0m 0.993 ms - -[0m
[0mGET /css/header.css [33m404[0m 18.771 ms - 153[0m
[0mGET /css/footer.css [33m404[0m 19.097 ms - 153[0m
[0mGET /js/chat_engine.js [36m304[0m 1.019 ms - -[0m
[0mGET /uploads/users/posts/wahid_profile.jpg-1639748600517 [36m304[0m 1.193 ms - -[0m
[0mGET /uploads/users/posts/wahid10.jpeg-1638734651823 [36m304[0m 1.374 ms - -[0m
[0mPOST /posts/create-Post [36m302[0m 38.067 ms - 88[0m
[0mGET / [32m200[0m 53.278 ms - 17315[0m
[0mGET /css/post.css [36m304[0m 0.962 ms - -[0m
[0mGET /css/chat_box.css [36m304[0m 2.760 ms - -[0m
[0mGET /css/layout.css [36m304[0m 3.775 ms - -[0m
[0mGET /css/header.css [33m404[0m 17.404 ms - 153[0m
[0mGET /css/footer.css [33m404[0m 19.145 ms - 153[0m
[0mGET /js/chat_engine.js [36m304[0m 0.671 ms - -[0m
[0mGET /uploads/users/posts/wahid_profile.jpg-1639748600517 [36m304[0m 0.987 ms - -[0m
[0mGET /uploads/users/posts/wahid10.jpeg-1638734651823 [36m304[0m 1.074 ms - -[0m
[0mGET /css/header.css [33m404[0m 11.534 ms - 153[0m
[0mGET /css/footer.css [33m404[0m 16.047 ms - 153[0m
[0mGET / [32m200[0m 32.157 ms - 19025[0m
[0mGET /css/post.css [36m304[0m 1.078 ms - -[0m
[0mGET /css/chat_box.css [36m304[0m 0.647 ms - -[0m
[0mGET /css/layout.css [36m304[0m 6.565 ms - -[0m
[0mGET /css/header.css [33m404[0m 21.595 ms - 153[0m
[0mGET /css/footer.css [33m404[0m 21.871 ms - 153[0m
[0mGET /js/chat_engine.js [36m304[0m 1.565 ms - -[0m
[0mGET /uploads/users/posts/bg.jpg-1639756651689 [32m200[0m 1.818 ms - 22292[0m
[0mGET /uploads/users/posts/wahid_profile.jpg-1639748600517 [36m304[0m 2.008 ms - -[0m
[0mGET /uploads/users/posts/wahid10.jpeg-1638734651823 [36m304[0m 2.839 ms - -[0m
[0mGET /likes/toggle/?id=61bcb36bb42f783f783b175e&type=Post [36m302[0m 32.032 ms - 46[0m
[0mGET / [32m200[0m 31.284 ms - 19234[0m
[0mGET /css/post.css [36m304[0m 1.067 ms - -[0m
[0mGET /css/chat_box.css [36m304[0m 1.089 ms - -[0m
[0mGET /css/layout.css [36m304[0m 1.376 ms - -[0m
[0mGET /css/header.css [33m404[0m 13.593 ms - 153[0m
[0mGET /css/footer.css [33m404[0m 20.299 ms - 153[0m
[0mGET /js/chat_engine.js [36m304[0m 1.243 ms - -[0m
[0mGET /uploads/users/posts/bg.jpg-1639756651689 [36m304[0m 1.956 ms - -[0m
[0mGET /uploads/users/posts/wahid_profile.jpg-1639748600517 [36m304[0m 2.421 ms - -[0m
[0mGET /uploads/users/posts/wahid10.jpeg-1638734651823 [36m304[0m 2.655 ms - -[0m
[0mGET /likes/toggle/?id=61bcb36bb42f783f783b175e&type=Post [36m302[0m 17.513 ms - 46[0m
[0mGET / [32m200[0m 44.057 ms - 19246[0m
[0mGET /css/post.css [36m304[0m 0.702 ms - -[0m
[0mGET /css/chat_box.css [36m304[0m 0.657 ms - -[0m
[0mGET /css/layout.css [36m304[0m 0.664 ms - -[0m
[0mGET /css/header.css [33m404[0m 13.287 ms - 153[0m
[0mGET /css/footer.css [33m404[0m 17.374 ms - 153[0m
[0mGET /js/chat_engine.js [36m304[0m 1.247 ms - -[0m
[0mGET /uploads/users/posts/bg.jpg-1639756651689 [36m304[0m 2.782 ms - -[0m
[0mGET /uploads/users/posts/wahid_profile.jpg-1639748600517 [36m304[0m 3.169 ms - -[0m
[0mGET /uploads/users/posts/wahid10.jpeg-1638734651823 [36m304[0m 2.734 ms - -[0m
[0mGET /users/sign-out [36m302[0m 8.431 ms - 46[0m
[0mGET / [32m200[0m 21.706 ms - 10409[0m
[0mGET /css/post.css [36m304[0m 1.414 ms - -[0m
[0mGET /css/chat_box.css [36m304[0m 1.174 ms - -[0m
[0mGET /css/layout.css [36m304[0m 1.391 ms - -[0m
[0mGET /css/header.css [33m404[0m 8.528 ms - 153[0m
[0mGET /css/footer.css [33m404[0m 19.187 ms - 153[0m
[0mGET /js/chat_engine.js [36m304[0m 1.771 ms - -[0m
[0mGET /uploads/users/posts/bg.jpg-1639756651689 [36m304[0m 1.658 ms - -[0m
[0mGET /uploads/users/posts/wahid_profile.jpg-1639748600517 [36m304[0m 1.149 ms - -[0m
[0mGET /uploads/users/posts/wahid10.jpeg-1638734651823 [36m304[0m 1.466 ms - -[0m
[0mGET /sign-in [36m304[0m 8.608 ms - -[0m
[0mGET /css/log_in.css [36m304[0m 2.302 ms - -[0m
[0mGET /css/layout.css [36m304[0m 0.991 ms - -[0m
[0mGET /css/header.css [33m404[0m 10.195 ms - 153[0m
[0mGET /css/footer.css [33m404[0m 9.825 ms - 153[0m
[0mGET /sign-up [32m200[0m 11.841 ms - 3350[0m
[0mGET /css/layout.css [36m304[0m 0.865 ms - -[0m
[0mGET /css/header.css [33m404[0m 8.361 ms - 153[0m
[0mGET /css/footer.css [33m404[0m 9.827 ms - 153[0m
[0mPOST /users/create [36m302[0m 9.060 ms - 60[0m
[0mGET /sign-in [36m304[0m 6.228 ms - -[0m
[0mGET /css/log_in.css [36m304[0m 0.877 ms - -[0m
[0mGET /css/layout.css [36m304[0m 2.963 ms - -[0m
[0mGET /css/header.css [33m404[0m 7.477 ms - 153[0m
[0mGET /css/footer.css [33m404[0m 11.989 ms - 153[0m
[0mPOST /users/create-session [36m302[0m 9.184 ms - 46[0m
[0mGET / [32m200[0m 32.590 ms - 18553[0m
[0mGET /css/post.css [36m304[0m 1.006 ms - -[0m
[0mGET /css/chat_box.css [36m304[0m 1.032 ms - -[0m
[0mGET /css/layout.css [36m304[0m 1.121 ms - -[0m
[0mGET /css/header.css [33m404[0m 15.344 ms - 153[0m
[0mGET /css/footer.css [33m404[0m 24.989 ms - 153[0m
[0mGET /js/chat_engine.js [36m304[0m 1.343 ms - -[0m
[0mGET /uploads/users/posts/bg.jpg-1639756651689 [36m304[0m 1.659 ms - -[0m
[0mGET /uploads/users/posts/wahid_profile.jpg-1639748600517 [36m304[0m 1.978 ms - -[0m
[0mGET /uploads/users/posts/wahid10.jpeg-1638734651823 [36m304[0m 11.174 ms - -[0m
[0mGET /users/friend-requests [32m200[0m 14.928 ms - 3413[0m
[0mGET /css/layout.css [36m304[0m 0.900 ms - -[0m
[0mGET /users/css/layout.css [33m404[0m 16.665 ms - 159[0m
[0mGET /users/css/header.css [33m404[0m 21.155 ms - 159[0m
[0mGET /users/css/footer.css [33m404[0m 21.993 ms - 159[0m
[0mGET /users/css/layout.css [33m404[0m 11.929 ms - 159[0m
[0mGET /users/css/footer.css [33m404[0m 13.419 ms - 159[0m
[0mGET /users/css/header.css [33m404[0m 16.148 ms - 159[0m
[0mGET /users/profile/61bcb397b42f783f783b178f [32m200[0m 67.823 ms - 4475[0m
[0mGET /css/layout.css [36m304[0m 4.240 ms - -[0m
[0mGET /css/user_profile.css [32m200[0m 19.767 ms - 148[0m
[0mGET /users/profile/css/header.css [33m404[0m 28.509 ms - 167[0m
[0mGET /users/profile/css/layout.css [33m404[0m 33.828 ms - 167[0m
[0mGET /users/profile/css/user_profile.css [33m404[0m 32.502 ms - 173[0m
[0mGET /users/profile/css/footer.css [33m404[0m 29.965 ms - 167[0m
[0mGET /friends/all [32m200[0m 16.659 ms - 4311[0m
[0mGET /css/layout.css [36m304[0m 4.870 ms - -[0m
[0mGET /css/all_friend.css [32m200[0m 20.733 ms - 95[0m
[0mGET /friends/css/all_friend.css [33m404[0m 27.102 ms - 165[0m
[0mGET /friends/css/layout.css [33m404[0m 39.580 ms - 161[0m
[0mGET /friends/css/header.css [33m404[0m 42.231 ms - 161[0m
[0mGET /friends/css/footer.css [33m404[0m 39.133 ms - 161[0m
[0mGET /upload/users/avatars/avatar-1638735982332 [33m404[0m 21.166 ms - 180[0m
[0mGET /users/profile/61ad1b1582f92c2de46d7dd9 [32m200[0m 18.951 ms - 7413[0m
[0mGET /css/user_profile.css [36m304[0m 5.632 ms - -[0m
[0mGET /css/layout.css [36m304[0m 7.219 ms - -[0m
[0mGET /users/profile/css/user_profile.css [33m404[0m 23.173 ms - 173[0m
[0mGET /uploads/users/posts/wahid10.jpeg-1638734651823 [36m304[0m 8.550 ms - -[0m
[0mGET /uploads/users/posts/wahid_profile.jpg-1639748600517 [36m304[0m 8.438 ms - -[0m
[0mGET /users/profile/css/layout.css [33m404[0m 35.598 ms - 167[0m
[0mGET /users/profile/css/header.css [33m404[0m 32.709 ms - 167[0m
[0mGET /uploads/users/posts/bg.jpg-1639756651689 [36m304[0m 12.149 ms - -[0m
[0mGET /users/profile/css/footer.css [33m404[0m 36.054 ms - 167[0m
[0mGET /friends/toggle-friend/61ad1b1582f92c2de46d7dd9 [36m302[0m 32.249 ms - 164[0m
[0mGET /users/profile/61ad1b1582f92c2de46d7dd9 [32m200[0m 17.427 ms - 7628[0m
[0mGET /css/user_profile.css [36m304[0m 4.412 ms - -[0m
[0mGET /css/layout.css [36m304[0m 7.118 ms - -[0m
[0mGET /users/profile/css/user_profile.css [33m404[0m 33.782 ms - 173[0m
[0mGET /users/profile/css/header.css [33m404[0m 27.143 ms - 167[0m
[0mGET /users/profile/css/footer.css [33m404[0m 32.335 ms - 167[0m
[0mGET /uploads/users/posts/wahid10.jpeg-1638734651823 [36m304[0m 10.409 ms - -[0m
[0mGET /uploads/users/posts/wahid_profile.jpg-1639748600517 [36m304[0m 6.686 ms - -[0m
[0mGET /users/profile/css/layout.css [33m404[0m 37.035 ms - 167[0m
[0mGET /uploads/users/posts/bg.jpg-1639756651689 [36m304[0m 3.412 ms - -[0m
[0mGET / [32m200[0m 31.320 ms - 18335[0m
[0mGET /css/post.css [36m304[0m 0.998 ms - -[0m
[0mGET /css/chat_box.css [36m304[0m 1.065 ms - -[0m
[0mGET /css/layout.css [36m304[0m 0.818 ms - -[0m
[0mGET /css/header.css [33m404[0m 12.444 ms - 153[0m
[0mGET /css/footer.css [33m404[0m 14.531 ms - 153[0m
[0mGET /js/chat_engine.js [36m304[0m 0.814 ms - -[0m
[0mGET /uploads/users/posts/bg.jpg-1639756651689 [36m304[0m 1.630 ms - -[0m
[0mGET /uploads/users/posts/wahid_profile.jpg-1639748600517 [36m304[0m 2.576 ms - -[0m
[0mGET /uploads/users/posts/wahid10.jpeg-1638734651823 [36m304[0m 2.040 ms - -[0m
[0mPOST /posts/create-Post [36m302[0m 49.818 ms - 88[0m
[0mGET / [32m200[0m 32.432 ms - 20343[0m
[0mGET /css/post.css [36m304[0m 0.982 ms - -[0m
[0mGET /css/chat_box.css [36m304[0m 1.234 ms - -[0m
[0mGET /css/layout.css [36m304[0m 1.719 ms - -[0m
[0mGET /css/header.css [33m404[0m 18.853 ms - 153[0m
[0mGET /css/footer.css [33m404[0m 22.253 ms - 153[0m
[0mGET /js/chat_engine.js [36m304[0m 0.953 ms - -[0m
[0mGET /uploads/users/posts/bg.jpg-1639756651689 [36m304[0m 3.897 ms - -[0m
[0mGET /uploads/users/posts/consent.jpeg-1639756754601 [32m200[0m 5.756 ms - 124085[0m
[0mGET /uploads/users/posts/wahid_profile.jpg-1639748600517 [36m304[0m 5.292 ms - -[0m
[0mGET /uploads/users/posts/wahid10.jpeg-1638734651823 [36m304[0m 2.929 ms - -[0m
[0mGET /users/sign-out [36m302[0m 6.822 ms - 46[0m
[0mGET / [32m200[0m 27.038 ms - 11292[0m
[0mGET /css/post.css [36m304[0m 0.858 ms - -[0m
[0mGET /css/chat_box.css [36m304[0m 1.639 ms - -[0m
[0mGET /css/layout.css [36m304[0m 2.038 ms - -[0m
[0mGET /css/header.css [33m404[0m 8.699 ms - 153[0m
[0mGET /css/footer.css [33m404[0m 10.354 ms - 153[0m
[0mGET /js/chat_engine.js [36m304[0m 0.672 ms - -[0m
[0mGET /uploads/users/posts/consent.jpeg-1639756754601 [36m304[0m 3.428 ms - -[0m
[0mGET /uploads/users/posts/bg.jpg-1639756651689 [36m304[0m 4.881 ms - -[0m
[0mGET /uploads/users/posts/wahid_profile.jpg-1639748600517 [36m304[0m 4.868 ms - -[0m
[0mGET /uploads/users/posts/wahid10.jpeg-1638734651823 [36m304[0m 3.755 ms - -[0m
[0mGET /sign-in [36m304[0m 6.603 ms - -[0m
[0mGET /css/log_in.css [36m304[0m 1.007 ms - -[0m
[0mGET /css/layout.css [36m304[0m 1.953 ms - -[0m
[0mGET /css/header.css [33m404[0m 7.633 ms - 153[0m
[0mGET /css/footer.css [33m404[0m 9.200 ms - 153[0m
[0mGET /users/auth/google [36m302[0m 3.546 ms - 0[0m
[0mGET /users/auth/google/callback?code=4%2F0AX4XfWgLLCy8gb_P1rqoEevcjD2q7dLLD2PQpXV5Hk3iysZDjal4QpVJVsJkdZaw7kkoow&scope=email+profile+openid+https%3A%2F%2Fwww.googleapis.com%2Fauth%2Fuserinfo.email+https%3A%2F%2Fwww.googleapis.com%2Fauth%2Fuserinfo.profile&authuser=0&prompt=none [36m302[0m 667.612 ms - 46[0m
[0mGET / [32m200[0m 27.492 ms - 21005[0m
[0mGET /css/post.css [36m304[0m 1.573 ms - -[0m
[0mGET /css/chat_box.css [36m304[0m 3.161 ms - -[0m
[0mGET /css/layout.css [36m304[0m 7.760 ms - -[0m
[0mGET /css/header.css [33m404[0m 14.150 ms - 153[0m
[0mGET /css/footer.css [33m404[0m 14.932 ms - 153[0m
[0mGET /js/chat_engine.js [36m304[0m 0.885 ms - -[0m
[0mGET /uploads/users/posts/consent.jpeg-1639756754601 [36m304[0m 1.121 ms - -[0m
[0mGET /uploads/users/posts/bg.jpg-1639756651689 [36m304[0m 2.516 ms - -[0m
[0mGET /uploads/users/posts/wahid_profile.jpg-1639748600517 [36m304[0m 4.676 ms - -[0m
[0mGET /uploads/users/posts/wahid10.jpeg-1638734651823 [36m304[0m 2.988 ms - -[0m
[0mGET /users/friends [32m200[0m 46.064 ms - 3435[0m
[0mGET /css/layout.css [36m304[0m 0.640 ms - -[0m
[0mGET /users/css/layout.css [33m404[0m 23.526 ms - 159[0m
[0mGET /users/css/header.css [33m404[0m 24.711 ms - 159[0m
[0mGET /users/css/footer.css [33m404[0m 29.159 ms - 159[0m
[0mGET /users/friend-requests [32m200[0m 15.735 ms - 3679[0m
[0mGET /css/layout.css [36m304[0m 1.707 ms - -[0m
[0mGET /users/css/layout.css [33m404[0m 22.769 ms - 159[0m
[0mGET /users/css/header.css [33m404[0m 21.387 ms - 159[0m
[0mGET /users/css/footer.css [33m404[0m 22.185 ms - 159[0m
[0mGET /friends/AcceptfriendRequest/61bcb3bab42f783f783b17b8 [36m302[0m 21.354 ms - 46[0m
[0mGET / [32m200[0m 31.659 ms - 20787[0m
[0mGET /css/post.css [36m304[0m 0.921 ms - -[0m
[0mGET /css/chat_box.css [36m304[0m 0.937 ms - -[0m
[0mGET /css/layout.css [36m304[0m 0.738 ms - -[0m
[0mGET /css/header.css [33m404[0m 11.788 ms - 153[0m
[0mGET /css/footer.css [33m404[0m 15.732 ms - 153[0m
[0mGET /js/chat_engine.js [36m304[0m 0.582 ms - -[0m
[0mGET /uploads/users/posts/consent.jpeg-1639756754601 [36m304[0m 1.071 ms - -[0m
[0mGET /uploads/users/posts/bg.jpg-1639756651689 [36m304[0m 6.905 ms - -[0m
[0mGET /uploads/users/posts/wahid_profile.jpg-1639748600517 [36m304[0m 6.922 ms - -[0m
[0mGET /uploads/users/posts/wahid10.jpeg-1638734651823 [36m304[0m 6.162 ms - -[0m
[0mGET /css/header.css [33m404[0m 15.816 ms - 153[0m
[0mGET /css/footer.css [33m404[0m 19.961 ms - 153[0m
